[ 2016-04-14T08:00:41+08:00 ] 127.0.0.1 /sucai/jquery/8/816/demo/
INFO: [ app_init ] --START--
INFO: Run Behavior\BuildLiteBehavior [ RunTime:0.000000s ]
INFO: [ app_init ] --END-- [ RunTime:0.001000s ]
INFO: [ app_begin ] --START--
INFO: Run Behavior\ReadHtmlCacheBehavior [ RunTime:0.001000s ]
INFO: [ app_begin ] --END-- [ RunTime:0.002000s ]
SQL: SHOW COLUMNS FROM `sucai_comment` [ RunTime:0.0050s ]
SQL: SELECT COUNT(*) AS tp_count FROM `sucai_comment` WHERE ( pid=0 ) LIMIT 1   [ RunTime:0.0020s ]
NOTIC: [8] Undefined variable: p D:\wamp\www\sucai\jquery\8\816\demo\Application\Home\Controller\IndexController.class.php 第 14 行.
SQL: SELECT `id`,`uid`,`content`,`addtime` FROM `sucai_comment` WHERE ( pid=0 ) ORDER BY id DESC LIMIT 10   [ RunTime:0.0010s ]
SQL: SELECT `id`,`uid`,`content`,`pid_sub` FROM `sucai_comment` WHERE ( pid = 5561 ) ORDER BY id ASC  [ RunTime:0.0000s ]
SQL: SELECT `id`,`uid`,`content`,`pid_sub` FROM `sucai_comment` WHERE ( pid = 5560 ) ORDER BY id ASC  [ RunTime:0.0000s ]
SQL: SELECT `id`,`uid`,`content`,`pid_sub` FROM `sucai_comment` WHERE ( pid = 10 ) ORDER BY id ASC  [ RunTime:0.0000s ]
SQL: SELECT `id`,`uid`,`content`,`pid_sub` FROM `sucai_comment` WHERE ( pid = 9 ) ORDER BY id ASC  [ RunTime:0.0000s ]
SQL: SELECT `id`,`uid`,`content`,`pid_sub` FROM `sucai_comment` WHERE ( pid = 8 ) ORDER BY id ASC  [ RunTime:0.0010s ]
SQL: SELECT `id`,`uid`,`content`,`pid_sub` FROM `sucai_comment` WHERE ( pid = 7 ) ORDER BY id ASC  [ RunTime:0.0010s ]
SQL: SELECT `id`,`uid`,`content`,`pid_sub` FROM `sucai_comment` WHERE ( pid = 6 ) ORDER BY id ASC  [ RunTime:0.0010s ]
SQL: SELECT `id`,`uid`,`content`,`pid_sub` FROM `sucai_comment` WHERE ( pid = 5 ) ORDER BY id ASC  [ RunTime:0.0010s ]
SQL: SELECT `id`,`uid`,`content`,`pid_sub` FROM `sucai_comment` WHERE ( pid = 4 ) ORDER BY id ASC  [ RunTime:0.0000s ]
SQL: SELECT `id`,`uid`,`content`,`pid_sub` FROM `sucai_comment` WHERE ( pid = 3 ) ORDER BY id ASC  [ RunTime:0.0000s ]
SQL: SHOW COLUMNS FROM `sucai_emot` [ RunTime:0.0040s ]
NOTIC: [2] Missing argument 1 for Think\PageAjax::show(), called in D:\wamp\www\sucai\jquery\8\816\demo\Application\Home\Controller\IndexController.class.php on line 31 and defined D:\wamp\www\sucai\jquery\8\816\demo\ThinkPHP\Library\Think\PageAjax.class.php 第 77 行.
NOTIC: [8] Undefined variable: url_replace D:\wamp\www\sucai\jquery\8\816\demo\ThinkPHP\Library\Think\PageAjax.class.php 第 84 行.
INFO: [ view_parse ] --START--
INFO: [ template_filter ] --START--
INFO: Run Behavior\ContentReplaceBehavior [ RunTime:0.000000s ]
INFO: [ template_filter ] --END-- [ RunTime:0.000000s ]
NOTIC: [8] Undefined variable: msg_num D:\wamp\www\sucai\jquery\8\816\demo\Application\Runtime\Cache\Home\2a94b8bda04ff446dcedd42276fc99ee.php 第 18 行.
NOTIC: [8] Undefined variable: url_cur D:\wamp\www\sucai\jquery\8\816\demo\Application\Runtime\Cache\Home\2a94b8bda04ff446dcedd42276fc99ee.php 第 28 行.
NOTIC: [8] Undefined variable: control D:\wamp\www\sucai\jquery\8\816\demo\Application\Runtime\Cache\Home\2a94b8bda04ff446dcedd42276fc99ee.php 第 43 行.
NOTIC: [8] Undefined variable: control D:\wamp\www\sucai\jquery\8\816\demo\Application\Runtime\Cache\Home\2a94b8bda04ff446dcedd42276fc99ee.php 第 46 行.
NOTIC: [8] Undefined variable: url_cur D:\wamp\www\sucai\jquery\8\816\demo\Application\Runtime\Cache\Home\2a94b8bda04ff446dcedd42276fc99ee.php 第 55 行.
NOTIC: [8] Undefined variable: control D:\wamp\www\sucai\jquery\8\816\demo\Application\Runtime\Cache\Home\2a94b8bda04ff446dcedd42276fc99ee.php 第 56 行.
NOTIC: [8] Undefined variable: control D:\wamp\www\sucai\jquery\8\816\demo\Application\Runtime\Cache\Home\2a94b8bda04ff446dcedd42276fc99ee.php 第 102 行.
NOTIC: [8] Undefined variable: control D:\wamp\www\sucai\jquery\8\816\demo\Application\Runtime\Cache\Home\2a94b8bda04ff446dcedd42276fc99ee.php 第 103 行.
NOTIC: [8] Undefined variable: control D:\wamp\www\sucai\jquery\8\816\demo\Application\Runtime\Cache\Home\2a94b8bda04ff446dcedd42276fc99ee.php 第 104 行.
NOTIC: [8] Undefined variable: control D:\wamp\www\sucai\jquery\8\816\demo\Application\Runtime\Cache\Home\2a94b8bda04ff446dcedd42276fc99ee.php 第 105 行.
NOTIC: [8] Undefined variable: control D:\wamp\www\sucai\jquery\8\816\demo\Application\Runtime\Cache\Home\2a94b8bda04ff446dcedd42276fc99ee.php 第 106 行.
NOTIC: [8] Undefined variable: control D:\wamp\www\sucai\jquery\8\816\demo\Application\Runtime\Cache\Home\2a94b8bda04ff446dcedd42276fc99ee.php 第 107 行.
NOTIC: [8] Undefined variable: control D:\wamp\www\sucai\jquery\8\816\demo\Application\Runtime\Cache\Home\2a94b8bda04ff446dcedd42276fc99ee.php 第 108 行.
NOTIC: [8] Undefined variable: control D:\wamp\www\sucai\jquery\8\816\demo\Application\Runtime\Cache\Home\2a94b8bda04ff446dcedd42276fc99ee.php 第 109 行.
NOTIC: [8] Undefined variable: mtype D:\wamp\www\sucai\jquery\8\816\demo\Application\Runtime\Cache\Home\2a94b8bda04ff446dcedd42276fc99ee.php 第 138 行.
NOTIC: [8] Undefined index: uname D:\wamp\www\sucai\jquery\8\816\demo\Application\Runtime\Cache\Home\2a94b8bda04ff446dcedd42276fc99ee.php 第 147 行.
NOTIC: [8] Undefined variable: mtype D:\wamp\www\sucai\jquery\8\816\demo\Application\Runtime\Cache\Home\2a94b8bda04ff446dcedd42276fc99ee.php 第 162 行.
NOTIC: [8] Undefined index: uname D:\wamp\www\sucai\jquery\8\816\demo\Application\Runtime\Cache\Home\2a94b8bda04ff446dcedd42276fc99ee.php 第 147 行.
NOTIC: [8] Undefined variable: mtype D:\wamp\www\sucai\jquery\8\816\demo\Application\Runtime\Cache\Home\2a94b8bda04ff446dcedd42276fc99ee.php 第 162 行.
NOTIC: [8] Undefined index: uname D:\wamp\www\sucai\jquery\8\816\demo\Application\Runtime\Cache\Home\2a94b8bda04ff446dcedd42276fc99ee.php 第 147 行.
NOTIC: [8] Undefined variable: mtype D:\wamp\www\sucai\jquery\8\816\demo\Application\Runtime\Cache\Home\2a94b8bda04ff446dcedd42276fc99ee.php 第 162 行.
NOTIC: [8] Undefined index: uname D:\wamp\www\sucai\jquery\8\816\demo\Application\Runtime\Cache\Home\2a94b8bda04ff446dcedd42276fc99ee.php 第 147 行.
NOTIC: [8] Undefined variable: mtype D:\wamp\www\sucai\jquery\8\816\demo\Application\Runtime\Cache\Home\2a94b8bda04ff446dcedd42276fc99ee.php 第 162 行.
NOTIC: [8] Undefined index: uname D:\wamp\www\sucai\jquery\8\816\demo\Application\Runtime\Cache\Home\2a94b8bda04ff446dcedd42276fc99ee.php 第 147 行.
NOTIC: [8] Undefined variable: mtype D:\wamp\www\sucai\jquery\8\816\demo\Application\Runtime\Cache\Home\2a94b8bda04ff446dcedd42276fc99ee.php 第 162 行.
NOTIC: [8] Undefined index: uname D:\wamp\www\sucai\jquery\8\816\demo\Application\Runtime\Cache\Home\2a94b8bda04ff446dcedd42276fc99ee.php 第 147 行.
NOTIC: [8] Undefined variable: mtype D:\wamp\www\sucai\jquery\8\816\demo\Application\Runtime\Cache\Home\2a94b8bda04ff446dcedd42276fc99ee.php 第 162 行.
NOTIC: [8] Undefined index: uname D:\wamp\www\sucai\jquery\8\816\demo\Application\Runtime\Cache\Home\2a94b8bda04ff446dcedd42276fc99ee.php 第 147 行.
NOTIC: [8] Undefined variable: mtype D:\wamp\www\sucai\jquery\8\816\demo\Application\Runtime\Cache\Home\2a94b8bda04ff446dcedd42276fc99ee.php 第 162 行.
NOTIC: [8] Undefined index: uname D:\wamp\www\sucai\jquery\8\816\demo\Application\Runtime\Cache\Home\2a94b8bda04ff446dcedd42276fc99ee.php 第 147 行.
NOTIC: [8] Undefined variable: mtype D:\wamp\www\sucai\jquery\8\816\demo\Application\Runtime\Cache\Home\2a94b8bda04ff446dcedd42276fc99ee.php 第 162 行.
NOTIC: [8] Undefined index: uname D:\wamp\www\sucai\jquery\8\816\demo\Application\Runtime\Cache\Home\2a94b8bda04ff446dcedd42276fc99ee.php 第 147 行.
NOTIC: [8] Undefined variable: mtype D:\wamp\www\sucai\jquery\8\816\demo\Application\Runtime\Cache\Home\2a94b8bda04ff446dcedd42276fc99ee.php 第 162 行.
NOTIC: [8] Undefined index: uname D:\wamp\www\sucai\jquery\8\816\demo\Application\Runtime\Cache\Home\2a94b8bda04ff446dcedd42276fc99ee.php 第 147 行.
NOTIC: [8] Undefined variable: mtype D:\wamp\www\sucai\jquery\8\816\demo\Application\Runtime\Cache\Home\2a94b8bda04ff446dcedd42276fc99ee.php 第 162 行.
NOTIC: [8] Undefined variable: mtype D:\wamp\www\sucai\jquery\8\816\demo\Application\Runtime\Cache\Home\2a94b8bda04ff446dcedd42276fc99ee.php 第 192 行.
NOTIC: [8] Undefined variable: url_cur D:\wamp\www\sucai\jquery\8\816\demo\Application\Runtime\Cache\Home\2a94b8bda04ff446dcedd42276fc99ee.php 第 210 行.
NOTIC: [8] Undefined variable: mtype D:\wamp\www\sucai\jquery\8\816\demo\Application\Runtime\Cache\Home\2a94b8bda04ff446dcedd42276fc99ee.php 第 210 行.
INFO: Run Behavior\ParseTemplateBehavior [ RunTime:0.033001s ]
INFO: [ view_parse ] --END-- [ RunTime:0.034002s ]
INFO: [ view_filter ] --START--
INFO: Run Behavior\WriteHtmlCacheBehavior [ RunTime:0.001000s ]
INFO: [ view_filter ] --END-- [ RunTime:0.002001s ]
INFO: [ app_end ] --START--
INFO: Run Behavior\ShowPageTraceBehavior [ RunTime:0.001000s ]
INFO: [ app_end ] --END-- [ RunTime:0.001000s ]

[ 2016-04-14T08:00:42+08:00 ] 127.0.0.1 /sucai/jquery/8/816/demo/Ajax/isLogin
INFO: [ app_init ] --START--
INFO: Run Behavior\BuildLiteBehavior [ RunTime:0.000000s ]
INFO: [ app_init ] --END-- [ RunTime:0.001000s ]
INFO: [ app_begin ] --START--
INFO: Run Behavior\ReadHtmlCacheBehavior [ RunTime:0.001000s ]
INFO: [ app_begin ] --END-- [ RunTime:0.001000s ]
INFO: [ app_end ] --START--
INFO: Run Behavior\ShowPageTraceBehavior [ RunTime:0.001001s ]
INFO: [ app_end ] --END-- [ RunTime:0.002001s ]

