[ 2016-08-28T00:02:47+08:00 ] 36.149.7.166 /jquery/8/816/demo/
INFO: [ app_init ] --START--
INFO: Run Behavior\BuildLiteBehavior [ RunTime:0.000014s ]
INFO: [ app_init ] --END-- [ RunTime:0.000290s ]
INFO: [ app_begin ] --START--
INFO: Run Behavior\ReadHtmlCacheBehavior [ RunTime:0.000360s ]
INFO: [ app_begin ] --END-- [ RunTime:0.000403s ]
SQL: SHOW COLUMNS FROM `sucai_comment` [ RunTime:0.0015s ]
SQL: SELECT COUNT(*) AS tp_count FROM `sucai_comment` WHERE ( pid=0 ) LIMIT 1   [ RunTime:0.0004s ]
NOTIC: [8] Undefined variable: p /data/www/jquery/8/816/demo/Application/Home/Controller/IndexController.class.php 第 14 行.
SQL: SELECT `id`,`uid`,`content`,`addtime` FROM `sucai_comment` WHERE ( pid=0 ) ORDER BY id DESC LIMIT 10   [ RunTime:0.0002s ]
SQL: SELECT `id`,`uid`,`content`,`pid_sub` FROM `sucai_comment` WHERE ( pid = 6016 ) ORDER BY id ASC  [ RunTime:0.0003s ]
SQL: SELECT `id`,`uid`,`content`,`pid_sub` FROM `sucai_comment` WHERE ( pid = 6015 ) ORDER BY id ASC  [ RunTime:0.0003s ]
SQL: SELECT `id`,`uid`,`content`,`pid_sub` FROM `sucai_comment` WHERE ( pid = 6014 ) ORDER BY id ASC  [ RunTime:0.0003s ]
SQL: SELECT `id`,`uid`,`content`,`pid_sub` FROM `sucai_comment` WHERE ( pid = 6013 ) ORDER BY id ASC  [ RunTime:0.0003s ]
SQL: SELECT `id`,`uid`,`content`,`pid_sub` FROM `sucai_comment` WHERE ( pid = 6012 ) ORDER BY id ASC  [ RunTime:0.0003s ]
SQL: SELECT `id`,`uid`,`content`,`pid_sub` FROM `sucai_comment` WHERE ( pid = 6011 ) ORDER BY id ASC  [ RunTime:0.0003s ]
SQL: SELECT `id`,`uid`,`content`,`pid_sub` FROM `sucai_comment` WHERE ( pid = 6010 ) ORDER BY id ASC  [ RunTime:0.0003s ]
SQL: SELECT `id`,`uid`,`content`,`pid_sub` FROM `sucai_comment` WHERE ( pid = 6009 ) ORDER BY id ASC  [ RunTime:0.0003s ]
SQL: SELECT `id`,`uid`,`content`,`pid_sub` FROM `sucai_comment` WHERE ( pid = 6008 ) ORDER BY id ASC  [ RunTime:0.0003s ]
SQL: SELECT `id`,`uid`,`content`,`pid_sub` FROM `sucai_comment` WHERE ( pid = 6007 ) ORDER BY id ASC  [ RunTime:0.0003s ]
SQL: SHOW COLUMNS FROM `sucai_emot` [ RunTime:0.0008s ]
NOTIC: [2] Missing argument 1 for Think\PageAjax::show(), called in /data/www/jquery/8/816/demo/Application/Home/Controller/IndexController.class.php on line 31 and defined /data/www/jquery/8/816/demo/ThinkPHP/Library/Think/PageAjax.class.php 第 77 行.
NOTIC: [8] Undefined variable: url_replace /data/www/jquery/8/816/demo/ThinkPHP/Library/Think/PageAjax.class.php 第 84 行.
INFO: [ view_parse ] --START--
INFO: [ template_filter ] --START--
INFO: Run Behavior\ContentReplaceBehavior [ RunTime:0.000124s ]
INFO: [ template_filter ] --END-- [ RunTime:0.000171s ]
NOTIC: [8] Undefined variable: msg_num /data/www/jquery/8/816/demo/Application/Runtime/Cache/Home/2a94b8bda04ff446dcedd42276fc99ee.php 第 18 行.
NOTIC: [8] Undefined variable: url_cur /data/www/jquery/8/816/demo/Application/Runtime/Cache/Home/2a94b8bda04ff446dcedd42276fc99ee.php 第 28 行.
NOTIC: [8] Undefined variable: control /data/www/jquery/8/816/demo/Application/Runtime/Cache/Home/2a94b8bda04ff446dcedd42276fc99ee.php 第 43 行.
NOTIC: [8] Undefined variable: control /data/www/jquery/8/816/demo/Application/Runtime/Cache/Home/2a94b8bda04ff446dcedd42276fc99ee.php 第 46 行.
NOTIC: [8] Undefined variable: url_cur /data/www/jquery/8/816/demo/Application/Runtime/Cache/Home/2a94b8bda04ff446dcedd42276fc99ee.php 第 55 行.
NOTIC: [8] Undefined variable: control /data/www/jquery/8/816/demo/Application/Runtime/Cache/Home/2a94b8bda04ff446dcedd42276fc99ee.php 第 56 行.
NOTIC: [8] Undefined variable: control /data/www/jquery/8/816/demo/Application/Runtime/Cache/Home/2a94b8bda04ff446dcedd42276fc99ee.php 第 102 行.
NOTIC: [8] Undefined variable: control /data/www/jquery/8/816/demo/Application/Runtime/Cache/Home/2a94b8bda04ff446dcedd42276fc99ee.php 第 103 行.
NOTIC: [8] Undefined variable: control /data/www/jquery/8/816/demo/Application/Runtime/Cache/Home/2a94b8bda04ff446dcedd42276fc99ee.php 第 104 行.
NOTIC: [8] Undefined variable: control /data/www/jquery/8/816/demo/Application/Runtime/Cache/Home/2a94b8bda04ff446dcedd42276fc99ee.php 第 105 行.
NOTIC: [8] Undefined variable: control /data/www/jquery/8/816/demo/Application/Runtime/Cache/Home/2a94b8bda04ff446dcedd42276fc99ee.php 第 106 行.
NOTIC: [8] Undefined variable: control /data/www/jquery/8/816/demo/Application/Runtime/Cache/Home/2a94b8bda04ff446dcedd42276fc99ee.php 第 107 行.
NOTIC: [8] Undefined variable: control /data/www/jquery/8/816/demo/Application/Runtime/Cache/Home/2a94b8bda04ff446dcedd42276fc99ee.php 第 108 行.
NOTIC: [8] Undefined variable: control /data/www/jquery/8/816/demo/Application/Runtime/Cache/Home/2a94b8bda04ff446dcedd42276fc99ee.php 第 109 行.
NOTIC: [8] Undefined variable: mtype /data/www/jquery/8/816/demo/Application/Runtime/Cache/Home/2a94b8bda04ff446dcedd42276fc99ee.php 第 138 行.
NOTIC: [8] Undefined index: uname /data/www/jquery/8/816/demo/Application/Runtime/Cache/Home/2a94b8bda04ff446dcedd42276fc99ee.php 第 147 行.
NOTIC: [8] Undefined variable: mtype /data/www/jquery/8/816/demo/Application/Runtime/Cache/Home/2a94b8bda04ff446dcedd42276fc99ee.php 第 162 行.
NOTIC: [8] Undefined index: uname /data/www/jquery/8/816/demo/Application/Runtime/Cache/Home/2a94b8bda04ff446dcedd42276fc99ee.php 第 147 行.
NOTIC: [8] Undefined variable: mtype /data/www/jquery/8/816/demo/Application/Runtime/Cache/Home/2a94b8bda04ff446dcedd42276fc99ee.php 第 162 行.
NOTIC: [8] Undefined index: uname /data/www/jquery/8/816/demo/Application/Runtime/Cache/Home/2a94b8bda04ff446dcedd42276fc99ee.php 第 147 行.
NOTIC: [8] Undefined variable: mtype /data/www/jquery/8/816/demo/Application/Runtime/Cache/Home/2a94b8bda04ff446dcedd42276fc99ee.php 第 162 行.
NOTIC: [8] Undefined index: uname /data/www/jquery/8/816/demo/Application/Runtime/Cache/Home/2a94b8bda04ff446dcedd42276fc99ee.php 第 147 行.
NOTIC: [8] Undefined variable: mtype /data/www/jquery/8/816/demo/Application/Runtime/Cache/Home/2a94b8bda04ff446dcedd42276fc99ee.php 第 162 行.
NOTIC: [8] Undefined index: uname /data/www/jquery/8/816/demo/Application/Runtime/Cache/Home/2a94b8bda04ff446dcedd42276fc99ee.php 第 147 行.
NOTIC: [8] Undefined variable: mtype /data/www/jquery/8/816/demo/Application/Runtime/Cache/Home/2a94b8bda04ff446dcedd42276fc99ee.php 第 162 行.
NOTIC: [8] Undefined index: uname /data/www/jquery/8/816/demo/Application/Runtime/Cache/Home/2a94b8bda04ff446dcedd42276fc99ee.php 第 147 行.
NOTIC: [8] Undefined variable: mtype /data/www/jquery/8/816/demo/Application/Runtime/Cache/Home/2a94b8bda04ff446dcedd42276fc99ee.php 第 162 行.
NOTIC: [8] Undefined index: uname /data/www/jquery/8/816/demo/Application/Runtime/Cache/Home/2a94b8bda04ff446dcedd42276fc99ee.php 第 147 行.
NOTIC: [8] Undefined variable: mtype /data/www/jquery/8/816/demo/Application/Runtime/Cache/Home/2a94b8bda04ff446dcedd42276fc99ee.php 第 162 行.
NOTIC: [8] Undefined index: uname /data/www/jquery/8/816/demo/Application/Runtime/Cache/Home/2a94b8bda04ff446dcedd42276fc99ee.php 第 147 行.
NOTIC: [8] Undefined variable: mtype /data/www/jquery/8/816/demo/Application/Runtime/Cache/Home/2a94b8bda04ff446dcedd42276fc99ee.php 第 162 行.
NOTIC: [8] Undefined index: uname /data/www/jquery/8/816/demo/Application/Runtime/Cache/Home/2a94b8bda04ff446dcedd42276fc99ee.php 第 147 行.
NOTIC: [8] Undefined variable: mtype /data/www/jquery/8/816/demo/Application/Runtime/Cache/Home/2a94b8bda04ff446dcedd42276fc99ee.php 第 162 行.
NOTIC: [8] Undefined index: uname /data/www/jquery/8/816/demo/Application/Runtime/Cache/Home/2a94b8bda04ff446dcedd42276fc99ee.php 第 147 行.
NOTIC: [8] Undefined variable: mtype /data/www/jquery/8/816/demo/Application/Runtime/Cache/Home/2a94b8bda04ff446dcedd42276fc99ee.php 第 162 行.
NOTIC: [8] Undefined variable: mtype /data/www/jquery/8/816/demo/Application/Runtime/Cache/Home/2a94b8bda04ff446dcedd42276fc99ee.php 第 192 行.
NOTIC: [8] Undefined variable: url_cur /data/www/jquery/8/816/demo/Application/Runtime/Cache/Home/2a94b8bda04ff446dcedd42276fc99ee.php 第 210 行.
NOTIC: [8] Undefined variable: mtype /data/www/jquery/8/816/demo/Application/Runtime/Cache/Home/2a94b8bda04ff446dcedd42276fc99ee.php 第 210 行.
INFO: Run Behavior\ParseTemplateBehavior [ RunTime:0.018705s ]
INFO: [ view_parse ] --END-- [ RunTime:0.018744s ]
INFO: [ view_filter ] --START--
INFO: Run Behavior\WriteHtmlCacheBehavior [ RunTime:0.000138s ]
INFO: [ view_filter ] --END-- [ RunTime:0.000172s ]
INFO: [ app_end ] --START--
INFO: Run Behavior\ShowPageTraceBehavior [ RunTime:0.000399s ]
INFO: [ app_end ] --END-- [ RunTime:0.000441s ]

[ 2016-08-28T00:02:47+08:00 ] 36.149.7.166 /jquery/8/816/demo/Ajax/isLogin
INFO: [ app_init ] --START--
INFO: Run Behavior\BuildLiteBehavior [ RunTime:0.000013s ]
INFO: [ app_init ] --END-- [ RunTime:0.000268s ]
INFO: [ app_begin ] --START--
INFO: Run Behavior\ReadHtmlCacheBehavior [ RunTime:0.000343s ]
INFO: [ app_begin ] --END-- [ RunTime:0.000383s ]
INFO: [ app_end ] --START--
INFO: Run Behavior\ShowPageTraceBehavior [ RunTime:0.000342s ]
INFO: [ app_end ] --END-- [ RunTime:0.000380s ]

[ 2016-08-28T00:03:05+08:00 ] 36.149.7.166 /jquery/8/816/demo/Ajax/subcomment
INFO: [ app_init ] --START--
INFO: Run Behavior\BuildLiteBehavior [ RunTime:0.000013s ]
INFO: [ app_init ] --END-- [ RunTime:0.000269s ]
INFO: [ app_begin ] --START--
INFO: Run Behavior\ReadHtmlCacheBehavior [ RunTime:0.000366s ]
INFO: [ app_begin ] --END-- [ RunTime:0.000409s ]
INFO: [ app_end ] --START--
INFO: Run Behavior\ShowPageTraceBehavior [ RunTime:0.000427s ]
INFO: [ app_end ] --END-- [ RunTime:0.000466s ]

[ 2016-08-28T02:14:07+08:00 ] 180.156.249.218 /jquery/8/816/demo/
INFO: [ app_init ] --START--
INFO: Run Behavior\BuildLiteBehavior [ RunTime:0.000013s ]
INFO: [ app_init ] --END-- [ RunTime:0.000289s ]
INFO: [ app_begin ] --START--
INFO: Run Behavior\ReadHtmlCacheBehavior [ RunTime:0.000387s ]
INFO: [ app_begin ] --END-- [ RunTime:0.000431s ]
SQL: SHOW COLUMNS FROM `sucai_comment` [ RunTime:0.0012s ]
SQL: SELECT COUNT(*) AS tp_count FROM `sucai_comment` WHERE ( pid=0 ) LIMIT 1   [ RunTime:0.0004s ]
NOTIC: [8] Undefined variable: p /data/www/jquery/8/816/demo/Application/Home/Controller/IndexController.class.php 第 14 行.
SQL: SELECT `id`,`uid`,`content`,`addtime` FROM `sucai_comment` WHERE ( pid=0 ) ORDER BY id DESC LIMIT 10   [ RunTime:0.0002s ]
SQL: SELECT `id`,`uid`,`content`,`pid_sub` FROM `sucai_comment` WHERE ( pid = 6016 ) ORDER BY id ASC  [ RunTime:0.0003s ]
SQL: SELECT `id`,`uid`,`content`,`pid_sub` FROM `sucai_comment` WHERE ( pid = 6015 ) ORDER BY id ASC  [ RunTime:0.0003s ]
SQL: SELECT `id`,`uid`,`content`,`pid_sub` FROM `sucai_comment` WHERE ( pid = 6014 ) ORDER BY id ASC  [ RunTime:0.0003s ]
SQL: SELECT `id`,`uid`,`content`,`pid_sub` FROM `sucai_comment` WHERE ( pid = 6013 ) ORDER BY id ASC  [ RunTime:0.0003s ]
SQL: SELECT `id`,`uid`,`content`,`pid_sub` FROM `sucai_comment` WHERE ( pid = 6012 ) ORDER BY id ASC  [ RunTime:0.0003s ]
SQL: SELECT `id`,`uid`,`content`,`pid_sub` FROM `sucai_comment` WHERE ( pid = 6011 ) ORDER BY id ASC  [ RunTime:0.0003s ]
SQL: SELECT `id`,`uid`,`content`,`pid_sub` FROM `sucai_comment` WHERE ( pid = 6010 ) ORDER BY id ASC  [ RunTime:0.0003s ]
SQL: SELECT `id`,`uid`,`content`,`pid_sub` FROM `sucai_comment` WHERE ( pid = 6009 ) ORDER BY id ASC  [ RunTime:0.0003s ]
SQL: SELECT `id`,`uid`,`content`,`pid_sub` FROM `sucai_comment` WHERE ( pid = 6008 ) ORDER BY id ASC  [ RunTime:0.0003s ]
SQL: SELECT `id`,`uid`,`content`,`pid_sub` FROM `sucai_comment` WHERE ( pid = 6007 ) ORDER BY id ASC  [ RunTime:0.0003s ]
SQL: SHOW COLUMNS FROM `sucai_emot` [ RunTime:0.0007s ]
NOTIC: [2] Missing argument 1 for Think\PageAjax::show(), called in /data/www/jquery/8/816/demo/Application/Home/Controller/IndexController.class.php on line 31 and defined /data/www/jquery/8/816/demo/ThinkPHP/Library/Think/PageAjax.class.php 第 77 行.
NOTIC: [8] Undefined variable: url_replace /data/www/jquery/8/816/demo/ThinkPHP/Library/Think/PageAjax.class.php 第 84 行.
INFO: [ view_parse ] --START--
INFO: [ template_filter ] --START--
INFO: Run Behavior\ContentReplaceBehavior [ RunTime:0.000133s ]
INFO: [ template_filter ] --END-- [ RunTime:0.000182s ]
NOTIC: [8] Undefined variable: msg_num /data/www/jquery/8/816/demo/Application/Runtime/Cache/Home/2a94b8bda04ff446dcedd42276fc99ee.php 第 18 行.
NOTIC: [8] Undefined variable: url_cur /data/www/jquery/8/816/demo/Application/Runtime/Cache/Home/2a94b8bda04ff446dcedd42276fc99ee.php 第 28 行.
NOTIC: [8] Undefined variable: control /data/www/jquery/8/816/demo/Application/Runtime/Cache/Home/2a94b8bda04ff446dcedd42276fc99ee.php 第 43 行.
NOTIC: [8] Undefined variable: control /data/www/jquery/8/816/demo/Application/Runtime/Cache/Home/2a94b8bda04ff446dcedd42276fc99ee.php 第 46 行.
NOTIC: [8] Undefined variable: url_cur /data/www/jquery/8/816/demo/Application/Runtime/Cache/Home/2a94b8bda04ff446dcedd42276fc99ee.php 第 55 行.
NOTIC: [8] Undefined variable: control /data/www/jquery/8/816/demo/Application/Runtime/Cache/Home/2a94b8bda04ff446dcedd42276fc99ee.php 第 56 行.
NOTIC: [8] Undefined variable: control /data/www/jquery/8/816/demo/Application/Runtime/Cache/Home/2a94b8bda04ff446dcedd42276fc99ee.php 第 102 行.
NOTIC: [8] Undefined variable: control /data/www/jquery/8/816/demo/Application/Runtime/Cache/Home/2a94b8bda04ff446dcedd42276fc99ee.php 第 103 行.
NOTIC: [8] Undefined variable: control /data/www/jquery/8/816/demo/Application/Runtime/Cache/Home/2a94b8bda04ff446dcedd42276fc99ee.php 第 104 行.
NOTIC: [8] Undefined variable: control /data/www/jquery/8/816/demo/Application/Runtime/Cache/Home/2a94b8bda04ff446dcedd42276fc99ee.php 第 105 行.
NOTIC: [8] Undefined variable: control /data/www/jquery/8/816/demo/Application/Runtime/Cache/Home/2a94b8bda04ff446dcedd42276fc99ee.php 第 106 行.
NOTIC: [8] Undefined variable: control /data/www/jquery/8/816/demo/Application/Runtime/Cache/Home/2a94b8bda04ff446dcedd42276fc99ee.php 第 107 行.
NOTIC: [8] Undefined variable: control /data/www/jquery/8/816/demo/Application/Runtime/Cache/Home/2a94b8bda04ff446dcedd42276fc99ee.php 第 108 行.
NOTIC: [8] Undefined variable: control /data/www/jquery/8/816/demo/Application/Runtime/Cache/Home/2a94b8bda04ff446dcedd42276fc99ee.php 第 109 行.
NOTIC: [8] Undefined variable: mtype /data/www/jquery/8/816/demo/Application/Runtime/Cache/Home/2a94b8bda04ff446dcedd42276fc99ee.php 第 138 行.
NOTIC: [8] Undefined index: uname /data/www/jquery/8/816/demo/Application/Runtime/Cache/Home/2a94b8bda04ff446dcedd42276fc99ee.php 第 147 行.
NOTIC: [8] Undefined variable: mtype /data/www/jquery/8/816/demo/Application/Runtime/Cache/Home/2a94b8bda04ff446dcedd42276fc99ee.php 第 162 行.
NOTIC: [8] Undefined index: uname /data/www/jquery/8/816/demo/Application/Runtime/Cache/Home/2a94b8bda04ff446dcedd42276fc99ee.php 第 147 行.
NOTIC: [8] Undefined variable: mtype /data/www/jquery/8/816/demo/Application/Runtime/Cache/Home/2a94b8bda04ff446dcedd42276fc99ee.php 第 162 行.
NOTIC: [8] Undefined index: uname /data/www/jquery/8/816/demo/Application/Runtime/Cache/Home/2a94b8bda04ff446dcedd42276fc99ee.php 第 147 行.
NOTIC: [8] Undefined variable: mtype /data/www/jquery/8/816/demo/Application/Runtime/Cache/Home/2a94b8bda04ff446dcedd42276fc99ee.php 第 162 行.
NOTIC: [8] Undefined index: uname /data/www/jquery/8/816/demo/Application/Runtime/Cache/Home/2a94b8bda04ff446dcedd42276fc99ee.php 第 147 行.
NOTIC: [8] Undefined variable: mtype /data/www/jquery/8/816/demo/Application/Runtime/Cache/Home/2a94b8bda04ff446dcedd42276fc99ee.php 第 162 行.
NOTIC: [8] Undefined index: uname /data/www/jquery/8/816/demo/Application/Runtime/Cache/Home/2a94b8bda04ff446dcedd42276fc99ee.php 第 147 行.
NOTIC: [8] Undefined variable: mtype /data/www/jquery/8/816/demo/Application/Runtime/Cache/Home/2a94b8bda04ff446dcedd42276fc99ee.php 第 162 行.
NOTIC: [8] Undefined index: uname /data/www/jquery/8/816/demo/Application/Runtime/Cache/Home/2a94b8bda04ff446dcedd42276fc99ee.php 第 147 行.
NOTIC: [8] Undefined variable: mtype /data/www/jquery/8/816/demo/Application/Runtime/Cache/Home/2a94b8bda04ff446dcedd42276fc99ee.php 第 162 行.
NOTIC: [8] Undefined index: uname /data/www/jquery/8/816/demo/Application/Runtime/Cache/Home/2a94b8bda04ff446dcedd42276fc99ee.php 第 147 行.
NOTIC: [8] Undefined variable: mtype /data/www/jquery/8/816/demo/Application/Runtime/Cache/Home/2a94b8bda04ff446dcedd42276fc99ee.php 第 162 行.
NOTIC: [8] Undefined index: uname /data/www/jquery/8/816/demo/Application/Runtime/Cache/Home/2a94b8bda04ff446dcedd42276fc99ee.php 第 147 行.
NOTIC: [8] Undefined variable: mtype /data/www/jquery/8/816/demo/Application/Runtime/Cache/Home/2a94b8bda04ff446dcedd42276fc99ee.php 第 162 行.
NOTIC: [8] Undefined index: uname /data/www/jquery/8/816/demo/Application/Runtime/Cache/Home/2a94b8bda04ff446dcedd42276fc99ee.php 第 147 行.
NOTIC: [8] Undefined variable: mtype /data/www/jquery/8/816/demo/Application/Runtime/Cache/Home/2a94b8bda04ff446dcedd42276fc99ee.php 第 162 行.
NOTIC: [8] Undefined index: uname /data/www/jquery/8/816/demo/Application/Runtime/Cache/Home/2a94b8bda04ff446dcedd42276fc99ee.php 第 147 行.
NOTIC: [8] Undefined variable: mtype /data/www/jquery/8/816/demo/Application/Runtime/Cache/Home/2a94b8bda04ff446dcedd42276fc99ee.php 第 162 行.
NOTIC: [8] Undefined variable: mtype /data/www/jquery/8/816/demo/Application/Runtime/Cache/Home/2a94b8bda04ff446dcedd42276fc99ee.php 第 192 行.
NOTIC: [8] Undefined variable: url_cur /data/www/jquery/8/816/demo/Application/Runtime/Cache/Home/2a94b8bda04ff446dcedd42276fc99ee.php 第 210 行.
NOTIC: [8] Undefined variable: mtype /data/www/jquery/8/816/demo/Application/Runtime/Cache/Home/2a94b8bda04ff446dcedd42276fc99ee.php 第 210 行.
INFO: Run Behavior\ParseTemplateBehavior [ RunTime:0.020080s ]
INFO: [ view_parse ] --END-- [ RunTime:0.020123s ]
INFO: [ view_filter ] --START--
INFO: Run Behavior\WriteHtmlCacheBehavior [ RunTime:0.000130s ]
INFO: [ view_filter ] --END-- [ RunTime:0.000166s ]
INFO: [ app_end ] --START--
INFO: Run Behavior\ShowPageTraceBehavior [ RunTime:0.000397s ]
INFO: [ app_end ] --END-- [ RunTime:0.000438s ]

[ 2016-08-28T02:14:08+08:00 ] 180.156.249.218 /jquery/8/816/demo/Ajax/isLogin
INFO: [ app_init ] --START--
INFO: Run Behavior\BuildLiteBehavior [ RunTime:0.000015s ]
INFO: [ app_init ] --END-- [ RunTime:0.000335s ]
INFO: [ app_begin ] --START--
INFO: Run Behavior\ReadHtmlCacheBehavior [ RunTime:0.000375s ]
INFO: [ app_begin ] --END-- [ RunTime:0.000425s ]
INFO: [ app_end ] --START--
INFO: Run Behavior\ShowPageTraceBehavior [ RunTime:0.000362s ]
INFO: [ app_end ] --END-- [ RunTime:0.000432s ]

[ 2016-08-28T02:14:12+08:00 ] 180.156.249.218 /jquery/8/816/demo/Ajax/subcomment
INFO: [ app_init ] --START--
INFO: Run Behavior\BuildLiteBehavior [ RunTime:0.000013s ]
INFO: [ app_init ] --END-- [ RunTime:0.000263s ]
INFO: [ app_begin ] --START--
INFO: Run Behavior\ReadHtmlCacheBehavior [ RunTime:0.000334s ]
INFO: [ app_begin ] --END-- [ RunTime:0.000383s ]
INFO: [ app_end ] --START--
INFO: Run Behavior\ShowPageTraceBehavior [ RunTime:0.000341s ]
INFO: [ app_end ] --END-- [ RunTime:0.000391s ]

[ 2016-08-28T11:15:56+08:00 ] 211.161.163.131 /jquery/8/816/demo/
INFO: [ app_init ] --START--
INFO: Run Behavior\BuildLiteBehavior [ RunTime:0.000013s ]
INFO: [ app_init ] --END-- [ RunTime:0.000327s ]
INFO: [ app_begin ] --START--
INFO: Run Behavior\ReadHtmlCacheBehavior [ RunTime:0.000386s ]
INFO: [ app_begin ] --END-- [ RunTime:0.000428s ]
SQL: SHOW COLUMNS FROM `sucai_comment` [ RunTime:0.0014s ]
SQL: SELECT COUNT(*) AS tp_count FROM `sucai_comment` WHERE ( pid=0 ) LIMIT 1   [ RunTime:0.0004s ]
NOTIC: [8] Undefined variable: p /data/www/jquery/8/816/demo/Application/Home/Controller/IndexController.class.php 第 14 行.
SQL: SELECT `id`,`uid`,`content`,`addtime` FROM `sucai_comment` WHERE ( pid=0 ) ORDER BY id DESC LIMIT 10   [ RunTime:0.0002s ]
SQL: SELECT `id`,`uid`,`content`,`pid_sub` FROM `sucai_comment` WHERE ( pid = 6016 ) ORDER BY id ASC  [ RunTime:0.0004s ]
SQL: SELECT `id`,`uid`,`content`,`pid_sub` FROM `sucai_comment` WHERE ( pid = 6015 ) ORDER BY id ASC  [ RunTime:0.0003s ]
SQL: SELECT `id`,`uid`,`content`,`pid_sub` FROM `sucai_comment` WHERE ( pid = 6014 ) ORDER BY id ASC  [ RunTime:0.0003s ]
SQL: SELECT `id`,`uid`,`content`,`pid_sub` FROM `sucai_comment` WHERE ( pid = 6013 ) ORDER BY id ASC  [ RunTime:0.0003s ]
SQL: SELECT `id`,`uid`,`content`,`pid_sub` FROM `sucai_comment` WHERE ( pid = 6012 ) ORDER BY id ASC  [ RunTime:0.0003s ]
SQL: SELECT `id`,`uid`,`content`,`pid_sub` FROM `sucai_comment` WHERE ( pid = 6011 ) ORDER BY id ASC  [ RunTime:0.0003s ]
SQL: SELECT `id`,`uid`,`content`,`pid_sub` FROM `sucai_comment` WHERE ( pid = 6010 ) ORDER BY id ASC  [ RunTime:0.0003s ]
SQL: SELECT `id`,`uid`,`content`,`pid_sub` FROM `sucai_comment` WHERE ( pid = 6009 ) ORDER BY id ASC  [ RunTime:0.0003s ]
SQL: SELECT `id`,`uid`,`content`,`pid_sub` FROM `sucai_comment` WHERE ( pid = 6008 ) ORDER BY id ASC  [ RunTime:0.0003s ]
SQL: SELECT `id`,`uid`,`content`,`pid_sub` FROM `sucai_comment` WHERE ( pid = 6007 ) ORDER BY id ASC  [ RunTime:0.0003s ]
SQL: SHOW COLUMNS FROM `sucai_emot` [ RunTime:0.0008s ]
NOTIC: [2] Missing argument 1 for Think\PageAjax::show(), called in /data/www/jquery/8/816/demo/Application/Home/Controller/IndexController.class.php on line 31 and defined /data/www/jquery/8/816/demo/ThinkPHP/Library/Think/PageAjax.class.php 第 77 行.
NOTIC: [8] Undefined variable: url_replace /data/www/jquery/8/816/demo/ThinkPHP/Library/Think/PageAjax.class.php 第 84 行.
INFO: [ view_parse ] --START--
INFO: [ template_filter ] --START--
INFO: Run Behavior\ContentReplaceBehavior [ RunTime:0.000130s ]
INFO: [ template_filter ] --END-- [ RunTime:0.000194s ]
NOTIC: [8] Undefined variable: msg_num /data/www/jquery/8/816/demo/Application/Runtime/Cache/Home/2a94b8bda04ff446dcedd42276fc99ee.php 第 18 行.
NOTIC: [8] Undefined variable: url_cur /data/www/jquery/8/816/demo/Application/Runtime/Cache/Home/2a94b8bda04ff446dcedd42276fc99ee.php 第 28 行.
NOTIC: [8] Undefined variable: control /data/www/jquery/8/816/demo/Application/Runtime/Cache/Home/2a94b8bda04ff446dcedd42276fc99ee.php 第 43 行.
NOTIC: [8] Undefined variable: control /data/www/jquery/8/816/demo/Application/Runtime/Cache/Home/2a94b8bda04ff446dcedd42276fc99ee.php 第 46 行.
NOTIC: [8] Undefined variable: url_cur /data/www/jquery/8/816/demo/Application/Runtime/Cache/Home/2a94b8bda04ff446dcedd42276fc99ee.php 第 55 行.
NOTIC: [8] Undefined variable: control /data/www/jquery/8/816/demo/Application/Runtime/Cache/Home/2a94b8bda04ff446dcedd42276fc99ee.php 第 56 行.
NOTIC: [8] Undefined variable: control /data/www/jquery/8/816/demo/Application/Runtime/Cache/Home/2a94b8bda04ff446dcedd42276fc99ee.php 第 102 行.
NOTIC: [8] Undefined variable: control /data/www/jquery/8/816/demo/Application/Runtime/Cache/Home/2a94b8bda04ff446dcedd42276fc99ee.php 第 103 行.
NOTIC: [8] Undefined variable: control /data/www/jquery/8/816/demo/Application/Runtime/Cache/Home/2a94b8bda04ff446dcedd42276fc99ee.php 第 104 行.
NOTIC: [8] Undefined variable: control /data/www/jquery/8/816/demo/Application/Runtime/Cache/Home/2a94b8bda04ff446dcedd42276fc99ee.php 第 105 行.
NOTIC: [8] Undefined variable: control /data/www/jquery/8/816/demo/Application/Runtime/Cache/Home/2a94b8bda04ff446dcedd42276fc99ee.php 第 106 行.
NOTIC: [8] Undefined variable: control /data/www/jquery/8/816/demo/Application/Runtime/Cache/Home/2a94b8bda04ff446dcedd42276fc99ee.php 第 107 行.
NOTIC: [8] Undefined variable: control /data/www/jquery/8/816/demo/Application/Runtime/Cache/Home/2a94b8bda04ff446dcedd42276fc99ee.php 第 108 行.
NOTIC: [8] Undefined variable: control /data/www/jquery/8/816/demo/Application/Runtime/Cache/Home/2a94b8bda04ff446dcedd42276fc99ee.php 第 109 行.
NOTIC: [8] Undefined variable: mtype /data/www/jquery/8/816/demo/Application/Runtime/Cache/Home/2a94b8bda04ff446dcedd42276fc99ee.php 第 138 行.
NOTIC: [8] Undefined index: uname /data/www/jquery/8/816/demo/Application/Runtime/Cache/Home/2a94b8bda04ff446dcedd42276fc99ee.php 第 147 行.
NOTIC: [8] Undefined variable: mtype /data/www/jquery/8/816/demo/Application/Runtime/Cache/Home/2a94b8bda04ff446dcedd42276fc99ee.php 第 162 行.
NOTIC: [8] Undefined index: uname /data/www/jquery/8/816/demo/Application/Runtime/Cache/Home/2a94b8bda04ff446dcedd42276fc99ee.php 第 147 行.
NOTIC: [8] Undefined variable: mtype /data/www/jquery/8/816/demo/Application/Runtime/Cache/Home/2a94b8bda04ff446dcedd42276fc99ee.php 第 162 行.
NOTIC: [8] Undefined index: uname /data/www/jquery/8/816/demo/Application/Runtime/Cache/Home/2a94b8bda04ff446dcedd42276fc99ee.php 第 147 行.
NOTIC: [8] Undefined variable: mtype /data/www/jquery/8/816/demo/Application/Runtime/Cache/Home/2a94b8bda04ff446dcedd42276fc99ee.php 第 162 行.
NOTIC: [8] Undefined index: uname /data/www/jquery/8/816/demo/Application/Runtime/Cache/Home/2a94b8bda04ff446dcedd42276fc99ee.php 第 147 行.
NOTIC: [8] Undefined variable: mtype /data/www/jquery/8/816/demo/Application/Runtime/Cache/Home/2a94b8bda04ff446dcedd42276fc99ee.php 第 162 行.
NOTIC: [8] Undefined index: uname /data/www/jquery/8/816/demo/Application/Runtime/Cache/Home/2a94b8bda04ff446dcedd42276fc99ee.php 第 147 行.
NOTIC: [8] Undefined variable: mtype /data/www/jquery/8/816/demo/Application/Runtime/Cache/Home/2a94b8bda04ff446dcedd42276fc99ee.php 第 162 行.
NOTIC: [8] Undefined index: uname /data/www/jquery/8/816/demo/Application/Runtime/Cache/Home/2a94b8bda04ff446dcedd42276fc99ee.php 第 147 行.
NOTIC: [8] Undefined variable: mtype /data/www/jquery/8/816/demo/Application/Runtime/Cache/Home/2a94b8bda04ff446dcedd42276fc99ee.php 第 162 行.
NOTIC: [8] Undefined index: uname /data/www/jquery/8/816/demo/Application/Runtime/Cache/Home/2a94b8bda04ff446dcedd42276fc99ee.php 第 147 行.
NOTIC: [8] Undefined variable: mtype /data/www/jquery/8/816/demo/Application/Runtime/Cache/Home/2a94b8bda04ff446dcedd42276fc99ee.php 第 162 行.
NOTIC: [8] Undefined index: uname /data/www/jquery/8/816/demo/Application/Runtime/Cache/Home/2a94b8bda04ff446dcedd42276fc99ee.php 第 147 行.
NOTIC: [8] Undefined variable: mtype /data/www/jquery/8/816/demo/Application/Runtime/Cache/Home/2a94b8bda04ff446dcedd42276fc99ee.php 第 162 行.
NOTIC: [8] Undefined index: uname /data/www/jquery/8/816/demo/Application/Runtime/Cache/Home/2a94b8bda04ff446dcedd42276fc99ee.php 第 147 行.
NOTIC: [8] Undefined variable: mtype /data/www/jquery/8/816/demo/Application/Runtime/Cache/Home/2a94b8bda04ff446dcedd42276fc99ee.php 第 162 行.
NOTIC: [8] Undefined index: uname /data/www/jquery/8/816/demo/Application/Runtime/Cache/Home/2a94b8bda04ff446dcedd42276fc99ee.php 第 147 行.
NOTIC: [8] Undefined variable: mtype /data/www/jquery/8/816/demo/Application/Runtime/Cache/Home/2a94b8bda04ff446dcedd42276fc99ee.php 第 162 行.
NOTIC: [8] Undefined variable: mtype /data/www/jquery/8/816/demo/Application/Runtime/Cache/Home/2a94b8bda04ff446dcedd42276fc99ee.php 第 192 行.
NOTIC: [8] Undefined variable: url_cur /data/www/jquery/8/816/demo/Application/Runtime/Cache/Home/2a94b8bda04ff446dcedd42276fc99ee.php 第 210 行.
NOTIC: [8] Undefined variable: mtype /data/www/jquery/8/816/demo/Application/Runtime/Cache/Home/2a94b8bda04ff446dcedd42276fc99ee.php 第 210 行.
INFO: Run Behavior\ParseTemplateBehavior [ RunTime:0.027794s ]
INFO: [ view_parse ] --END-- [ RunTime:0.027834s ]
INFO: [ view_filter ] --START--
INFO: Run Behavior\WriteHtmlCacheBehavior [ RunTime:0.000146s ]
INFO: [ view_filter ] --END-- [ RunTime:0.000180s ]
INFO: [ app_end ] --START--
INFO: Run Behavior\ShowPageTraceBehavior [ RunTime:0.000424s ]
INFO: [ app_end ] --END-- [ RunTime:0.000473s ]

[ 2016-08-28T11:15:57+08:00 ] 211.161.163.131 /jquery/8/816/demo/Ajax/isLogin
INFO: [ app_init ] --START--
INFO: Run Behavior\BuildLiteBehavior [ RunTime:0.000013s ]
INFO: [ app_init ] --END-- [ RunTime:0.000273s ]
INFO: [ app_begin ] --START--
INFO: Run Behavior\ReadHtmlCacheBehavior [ RunTime:0.000339s ]
INFO: [ app_begin ] --END-- [ RunTime:0.000382s ]
INFO: [ app_end ] --START--
INFO: Run Behavior\ShowPageTraceBehavior [ RunTime:0.000366s ]
INFO: [ app_end ] --END-- [ RunTime:0.000412s ]

[ 2016-08-28T11:16:01+08:00 ] 211.161.163.131 /jquery/8/816/demo/Ajax/subcomment
INFO: [ app_init ] --START--
INFO: Run Behavior\BuildLiteBehavior [ RunTime:0.000013s ]
INFO: [ app_init ] --END-- [ RunTime:0.000271s ]
INFO: [ app_begin ] --START--
INFO: Run Behavior\ReadHtmlCacheBehavior [ RunTime:0.000372s ]
INFO: [ app_begin ] --END-- [ RunTime:0.000413s ]
INFO: [ app_end ] --START--
INFO: Run Behavior\ShowPageTraceBehavior [ RunTime:0.000420s ]
INFO: [ app_end ] --END-- [ RunTime:0.000460s ]

[ 2016-08-28T11:16:06+08:00 ] 211.161.163.131 /jquery/8/816/demo/Ajax/subcomment
INFO: [ app_init ] --START--
INFO: Run Behavior\BuildLiteBehavior [ RunTime:0.000013s ]
INFO: [ app_init ] --END-- [ RunTime:0.000278s ]
INFO: [ app_begin ] --START--
INFO: Run Behavior\ReadHtmlCacheBehavior [ RunTime:0.000347s ]
INFO: [ app_begin ] --END-- [ RunTime:0.000389s ]
INFO: [ app_end ] --START--
INFO: Run Behavior\ShowPageTraceBehavior [ RunTime:0.000338s ]
INFO: [ app_end ] --END-- [ RunTime:0.000377s ]

[ 2016-08-28T11:16:15+08:00 ] 211.161.163.131 /jquery/8/816/demo/Ajax/subcomment
INFO: [ app_init ] --START--
INFO: Run Behavior\BuildLiteBehavior [ RunTime:0.000014s ]
INFO: [ app_init ] --END-- [ RunTime:0.000334s ]
INFO: [ app_begin ] --START--
INFO: Run Behavior\ReadHtmlCacheBehavior [ RunTime:0.000361s ]
INFO: [ app_begin ] --END-- [ RunTime:0.000402s ]
INFO: [ app_end ] --START--
INFO: Run Behavior\ShowPageTraceBehavior [ RunTime:0.000344s ]
INFO: [ app_end ] --END-- [ RunTime:0.000382s ]

[ 2016-08-28T12:40:14+08:00 ] 5.9.83.211 /jquery/8/816/demo/Member/pay.html
INFO: [ app_init ] --START--
INFO: Run Behavior\BuildLiteBehavior [ RunTime:0.000017s ]
INFO: [ app_init ] --END-- [ RunTime:0.000337s ]
INFO: [ app_begin ] --START--
INFO: Run Behavior\ReadHtmlCacheBehavior [ RunTime:0.000376s ]
INFO: [ app_begin ] --END-- [ RunTime:0.000429s ]
ERR: 无法加载控制器:Member

[ 2016-08-28T12:40:39+08:00 ] 5.9.83.211 /jquery/8/816/demo/Member/message.html
INFO: [ app_init ] --START--
INFO: Run Behavior\BuildLiteBehavior [ RunTime:0.000016s ]
INFO: [ app_init ] --END-- [ RunTime:0.000331s ]
INFO: [ app_begin ] --START--
INFO: Run Behavior\ReadHtmlCacheBehavior [ RunTime:0.000404s ]
INFO: [ app_begin ] --END-- [ RunTime:0.000474s ]
ERR: 无法加载控制器:Member

[ 2016-08-28T12:41:13+08:00 ] 5.9.83.211 /jquery/8/816/demo/Member/info.html
INFO: [ app_init ] --START--
INFO: Run Behavior\BuildLiteBehavior [ RunTime:0.000013s ]
INFO: [ app_init ] --END-- [ RunTime:0.000308s ]
INFO: [ app_begin ] --START--
INFO: Run Behavior\ReadHtmlCacheBehavior [ RunTime:0.000387s ]
INFO: [ app_begin ] --END-- [ RunTime:0.000430s ]
ERR: 无法加载控制器:Member

[ 2016-08-28T12:41:54+08:00 ] 5.9.83.211 /jquery/8/816/demo/Member/set.html
INFO: [ app_init ] --START--
INFO: Run Behavior\BuildLiteBehavior [ RunTime:0.000011s ]
INFO: [ app_init ] --END-- [ RunTime:0.000248s ]
INFO: [ app_begin ] --START--
INFO: Run Behavior\ReadHtmlCacheBehavior [ RunTime:0.000368s ]
INFO: [ app_begin ] --END-- [ RunTime:0.000416s ]
ERR: 无法加载控制器:Member

[ 2016-08-28T12:42:29+08:00 ] 5.9.83.211 /jquery/8/816/demo/Member/downloads.html
INFO: [ app_init ] --START--
INFO: Run Behavior\BuildLiteBehavior [ RunTime:0.000014s ]
INFO: [ app_init ] --END-- [ RunTime:0.000274s ]
INFO: [ app_begin ] --START--
INFO: Run Behavior\ReadHtmlCacheBehavior [ RunTime:0.000348s ]
INFO: [ app_begin ] --END-- [ RunTime:0.000391s ]
ERR: 无法加载控制器:Member

[ 2016-08-28T12:43:01+08:00 ] 5.9.83.211 /jquery/8/816/demo/Member/sign.html
INFO: [ app_init ] --START--
INFO: Run Behavior\BuildLiteBehavior [ RunTime:0.000014s ]
INFO: [ app_init ] --END-- [ RunTime:0.000345s ]
INFO: [ app_begin ] --START--
INFO: Run Behavior\ReadHtmlCacheBehavior [ RunTime:0.000435s ]
INFO: [ app_begin ] --END-- [ RunTime:0.000505s ]
ERR: 无法加载控制器:Member

[ 2016-08-28T12:43:38+08:00 ] 5.9.83.211 /jquery/8/816/demo/js
INFO: [ app_init ] --START--
INFO: Run Behavior\BuildLiteBehavior [ RunTime:0.000014s ]
INFO: [ app_init ] --END-- [ RunTime:0.000281s ]
INFO: [ app_begin ] --START--
INFO: Run Behavior\ReadHtmlCacheBehavior [ RunTime:0.000491s ]
INFO: [ app_begin ] --END-- [ RunTime:0.000554s ]
ERR: 无法加载控制器:Js

[ 2016-08-28T12:44:15+08:00 ] 5.9.83.211 /jquery/8/816/demo/space/uid/7210
INFO: [ app_init ] --START--
INFO: Run Behavior\BuildLiteBehavior [ RunTime:0.000016s ]
INFO: [ app_init ] --END-- [ RunTime:0.000301s ]
INFO: [ app_begin ] --START--
INFO: Run Behavior\ReadHtmlCacheBehavior [ RunTime:0.000393s ]
INFO: [ app_begin ] --END-- [ RunTime:0.000438s ]
ERR: 无法加载控制器:Space

[ 2016-08-28T12:44:53+08:00 ] 5.9.83.211 /jquery/8/816/demo/templates/3-0-0-0-0-0
INFO: [ app_init ] --START--
INFO: Run Behavior\BuildLiteBehavior [ RunTime:0.000015s ]
INFO: [ app_init ] --END-- [ RunTime:0.000278s ]
INFO: [ app_begin ] --START--
INFO: Run Behavior\ReadHtmlCacheBehavior [ RunTime:0.000384s ]
INFO: [ app_begin ] --END-- [ RunTime:0.000430s ]
ERR: 无法加载控制器:Templates

[ 2016-08-28T12:45:31+08:00 ] 5.9.83.211 /jquery/8/816/demo/templates/7-0-0-0-0-0
INFO: [ app_init ] --START--
INFO: Run Behavior\BuildLiteBehavior [ RunTime:0.000014s ]
INFO: [ app_init ] --END-- [ RunTime:0.000279s ]
INFO: [ app_begin ] --START--
INFO: Run Behavior\ReadHtmlCacheBehavior [ RunTime:0.000464s ]
INFO: [ app_begin ] --END-- [ RunTime:0.000536s ]
ERR: 无法加载控制器:Templates

[ 2016-08-28T12:46:11+08:00 ] 5.9.83.211 /jquery/8/816/demo/templates/4-0-0-0-0-0
INFO: [ app_init ] --START--
INFO: Run Behavior\BuildLiteBehavior [ RunTime:0.000014s ]
INFO: [ app_init ] --END-- [ RunTime:0.000301s ]
INFO: [ app_begin ] --START--
INFO: Run Behavior\ReadHtmlCacheBehavior [ RunTime:0.000382s ]
INFO: [ app_begin ] --END-- [ RunTime:0.000425s ]
ERR: 无法加载控制器:Templates

[ 2016-08-28T12:46:43+08:00 ] 5.9.83.211 /jquery/8/816/demo/templates/8-0-0-0-0-0
INFO: [ app_init ] --START--
INFO: Run Behavior\BuildLiteBehavior [ RunTime:0.000014s ]
INFO: [ app_init ] --END-- [ RunTime:0.000292s ]
INFO: [ app_begin ] --START--
INFO: Run Behavior\ReadHtmlCacheBehavior [ RunTime:0.000333s ]
INFO: [ app_begin ] --END-- [ RunTime:0.000376s ]
ERR: 无法加载控制器:Templates

[ 2016-08-28T12:47:20+08:00 ] 5.9.83.211 /jquery/8/816/demo/templates/5-0-0-0-0-0
INFO: [ app_init ] --START--
INFO: Run Behavior\BuildLiteBehavior [ RunTime:0.000014s ]
INFO: [ app_init ] --END-- [ RunTime:0.000280s ]
INFO: [ app_begin ] --START--
INFO: Run Behavior\ReadHtmlCacheBehavior [ RunTime:0.000468s ]
INFO: [ app_begin ] --END-- [ RunTime:0.000512s ]
ERR: 无法加载控制器:Templates

[ 2016-08-28T12:47:51+08:00 ] 5.9.83.211 /jquery/8/816/demo/templates/9-0-0-0-0-0
INFO: [ app_init ] --START--
INFO: Run Behavior\BuildLiteBehavior [ RunTime:0.000014s ]
INFO: [ app_init ] --END-- [ RunTime:0.000289s ]
INFO: [ app_begin ] --START--
INFO: Run Behavior\ReadHtmlCacheBehavior [ RunTime:0.000343s ]
INFO: [ app_begin ] --END-- [ RunTime:0.000391s ]
ERR: 无法加载控制器:Templates

[ 2016-08-28T12:48:26+08:00 ] 5.9.83.211 /jquery/8/816/demo/templates/31-0-0-0-96-0
INFO: [ app_init ] --START--
INFO: Run Behavior\BuildLiteBehavior [ RunTime:0.000014s ]
INFO: [ app_init ] --END-- [ RunTime:0.000292s ]
INFO: [ app_begin ] --START--
INFO: Run Behavior\ReadHtmlCacheBehavior [ RunTime:0.000397s ]
INFO: [ app_begin ] --END-- [ RunTime:0.000448s ]
ERR: 无法加载控制器:Templates

[ 2016-08-28T12:49:02+08:00 ] 5.9.83.211 /jquery/8/816/demo/templates/22-0-0-0-96-0
INFO: [ app_init ] --START--
INFO: Run Behavior\BuildLiteBehavior [ RunTime:0.000013s ]
INFO: [ app_init ] --END-- [ RunTime:0.000278s ]
INFO: [ app_begin ] --START--
INFO: Run Behavior\ReadHtmlCacheBehavior [ RunTime:0.000358s ]
INFO: [ app_begin ] --END-- [ RunTime:0.000401s ]
ERR: 无法加载控制器:Templates

[ 2016-08-28T12:49:40+08:00 ] 5.9.83.211 /jquery/8/816/demo/templates/69-0-0-0-0-0
INFO: [ app_init ] --START--
INFO: Run Behavior\BuildLiteBehavior [ RunTime:0.000014s ]
INFO: [ app_init ] --END-- [ RunTime:0.000277s ]
INFO: [ app_begin ] --START--
INFO: Run Behavior\ReadHtmlCacheBehavior [ RunTime:0.000367s ]
INFO: [ app_begin ] --END-- [ RunTime:0.000415s ]
ERR: 无法加载控制器:Templates

[ 2016-08-28T12:50:16+08:00 ] 5.9.83.211 /jquery/8/816/demo/templates/0-0-0-0-96-0
INFO: [ app_init ] --START--
INFO: Run Behavior\BuildLiteBehavior [ RunTime:0.000014s ]
INFO: [ app_init ] --END-- [ RunTime:0.000364s ]
INFO: [ app_begin ] --START--
INFO: Run Behavior\ReadHtmlCacheBehavior [ RunTime:0.000363s ]
INFO: [ app_begin ] --END-- [ RunTime:0.000407s ]
ERR: 无法加载控制器:Templates

[ 2016-08-28T12:50:53+08:00 ] 5.9.83.211 /jquery/8/816/demo/js/7-0-0-0
INFO: [ app_init ] --START--
INFO: Run Behavior\BuildLiteBehavior [ RunTime:0.000016s ]
INFO: [ app_init ] --END-- [ RunTime:0.000382s ]
INFO: [ app_begin ] --START--
INFO: Run Behavior\ReadHtmlCacheBehavior [ RunTime:0.000382s ]
INFO: [ app_begin ] --END-- [ RunTime:0.000433s ]
ERR: 无法加载控制器:Js

[ 2016-08-28T12:51:27+08:00 ] 5.9.83.211 /jquery/8/816/demo/js/8-0-0-0
INFO: [ app_init ] --START--
INFO: Run Behavior\BuildLiteBehavior [ RunTime:0.000029s ]
INFO: [ app_init ] --END-- [ RunTime:0.000646s ]
INFO: [ app_begin ] --START--
INFO: Run Behavior\ReadHtmlCacheBehavior [ RunTime:0.000413s ]
INFO: [ app_begin ] --END-- [ RunTime:0.000467s ]
ERR: 无法加载控制器:Js

[ 2016-08-28T12:52:03+08:00 ] 5.9.83.211 /jquery/8/816/demo/js/14-0-0-0
INFO: [ app_init ] --START--
INFO: Run Behavior\BuildLiteBehavior [ RunTime:0.000014s ]
INFO: [ app_init ] --END-- [ RunTime:0.000269s ]
INFO: [ app_begin ] --START--
INFO: Run Behavior\ReadHtmlCacheBehavior [ RunTime:0.000403s ]
INFO: [ app_begin ] --END-- [ RunTime:0.000452s ]
ERR: 无法加载控制器:Js

[ 2016-08-28T12:52:39+08:00 ] 5.9.83.211 /jquery/8/816/demo/js/9-0-0-0
INFO: [ app_init ] --START--
INFO: Run Behavior\BuildLiteBehavior [ RunTime:0.000016s ]
INFO: [ app_init ] --END-- [ RunTime:0.000298s ]
INFO: [ app_begin ] --START--
INFO: Run Behavior\ReadHtmlCacheBehavior [ RunTime:0.000399s ]
INFO: [ app_begin ] --END-- [ RunTime:0.000442s ]
ERR: 无法加载控制器:Js

[ 2016-08-28T12:53:11+08:00 ] 5.9.83.211 /jquery/8/816/demo/js/53-0-0-0
INFO: [ app_init ] --START--
INFO: Run Behavior\BuildLiteBehavior [ RunTime:0.000017s ]
INFO: [ app_init ] --END-- [ RunTime:0.000299s ]
INFO: [ app_begin ] --START--
INFO: Run Behavior\ReadHtmlCacheBehavior [ RunTime:0.000370s ]
INFO: [ app_begin ] --END-- [ RunTime:0.000417s ]
ERR: 无法加载控制器:Js

[ 2016-08-28T12:53:42+08:00 ] 5.9.83.211 /jquery/8/816/demo/js/11-0-0-0
INFO: [ app_init ] --START--
INFO: Run Behavior\BuildLiteBehavior [ RunTime:0.000016s ]
INFO: [ app_init ] --END-- [ RunTime:0.000314s ]
INFO: [ app_begin ] --START--
INFO: Run Behavior\ReadHtmlCacheBehavior [ RunTime:0.000436s ]
INFO: [ app_begin ] --END-- [ RunTime:0.000508s ]
ERR: 无法加载控制器:Js

[ 2016-08-28T12:54:14+08:00 ] 5.9.83.211 /jquery/8/816/demo/js/128-0-0-0
INFO: [ app_init ] --START--
INFO: Run Behavior\BuildLiteBehavior [ RunTime:0.000014s ]
INFO: [ app_init ] --END-- [ RunTime:0.000272s ]
INFO: [ app_begin ] --START--
INFO: Run Behavior\ReadHtmlCacheBehavior [ RunTime:0.000354s ]
INFO: [ app_begin ] --END-- [ RunTime:0.000400s ]
ERR: 无法加载控制器:Js

[ 2016-08-28T12:54:49+08:00 ] 5.9.83.211 /jquery/8/816/demo/help/template
INFO: [ app_init ] --START--
INFO: Run Behavior\BuildLiteBehavior [ RunTime:0.000019s ]
INFO: [ app_init ] --END-- [ RunTime:0.000413s ]
INFO: [ app_begin ] --START--
INFO: Run Behavior\ReadHtmlCacheBehavior [ RunTime:0.000535s ]
INFO: [ app_begin ] --END-- [ RunTime:0.000600s ]
ERR: 无法加载控制器:Help

[ 2016-08-28T12:55:23+08:00 ] 5.9.83.211 /jquery/8/816/demo/help/contact
INFO: [ app_init ] --START--
INFO: Run Behavior\BuildLiteBehavior [ RunTime:0.000014s ]
INFO: [ app_init ] --END-- [ RunTime:0.000270s ]
INFO: [ app_begin ] --START--
INFO: Run Behavior\ReadHtmlCacheBehavior [ RunTime:0.000357s ]
INFO: [ app_begin ] --END-- [ RunTime:0.000402s ]
ERR: 无法加载控制器:Help

[ 2016-08-28T12:55:58+08:00 ] 5.9.83.211 /jquery/8/816/demo/help/index
INFO: [ app_init ] --START--
INFO: Run Behavior\BuildLiteBehavior [ RunTime:0.000015s ]
INFO: [ app_init ] --END-- [ RunTime:0.000309s ]
INFO: [ app_begin ] --START--
INFO: Run Behavior\ReadHtmlCacheBehavior [ RunTime:0.000366s ]
INFO: [ app_begin ] --END-- [ RunTime:0.000409s ]
ERR: 无法加载控制器:Help

[ 2016-08-28T12:56:32+08:00 ] 5.9.83.211 /jquery/8/816/demo/help/job
INFO: [ app_init ] --START--
INFO: Run Behavior\BuildLiteBehavior [ RunTime:0.000012s ]
INFO: [ app_init ] --END-- [ RunTime:0.000288s ]
INFO: [ app_begin ] --START--
INFO: Run Behavior\ReadHtmlCacheBehavior [ RunTime:0.000387s ]
INFO: [ app_begin ] --END-- [ RunTime:0.000444s ]
ERR: 无法加载控制器:Help

[ 2016-08-28T12:57:07+08:00 ] 5.9.83.211 /jquery/8/816/demo/sitemap.html
INFO: [ app_init ] --START--
INFO: Run Behavior\BuildLiteBehavior [ RunTime:0.000017s ]
INFO: [ app_init ] --END-- [ RunTime:0.000288s ]
INFO: [ app_begin ] --START--
INFO: Run Behavior\ReadHtmlCacheBehavior [ RunTime:0.000507s ]
INFO: [ app_begin ] --END-- [ RunTime:0.000552s ]
ERR: 无法加载控制器:Sitemap

[ 2016-08-28T12:57:40+08:00 ] 5.9.83.211 /jquery/8/816/demo/reg.html
INFO: [ app_init ] --START--
INFO: Run Behavior\BuildLiteBehavior [ RunTime:0.000012s ]
INFO: [ app_init ] --END-- [ RunTime:0.000267s ]
INFO: [ app_begin ] --START--
INFO: Run Behavior\ReadHtmlCacheBehavior [ RunTime:0.000347s ]
INFO: [ app_begin ] --END-- [ RunTime:0.000391s ]
ERR: 无法加载控制器:Reg

[ 2016-08-28T12:58:13+08:00 ] 5.9.83.211 /jquery/8/816/demo/forget.html
INFO: [ app_init ] --START--
INFO: Run Behavior\BuildLiteBehavior [ RunTime:0.000017s ]
INFO: [ app_init ] --END-- [ RunTime:0.000364s ]
INFO: [ app_begin ] --START--
INFO: Run Behavior\ReadHtmlCacheBehavior [ RunTime:0.000407s ]
INFO: [ app_begin ] --END-- [ RunTime:0.000460s ]
ERR: 无法加载控制器:Forget

[ 2016-08-28T12:58:48+08:00 ] 5.9.83.211 /jquery/8/816/demo/Index/login/type/qq.html
INFO: [ app_init ] --START--
INFO: Run Behavior\BuildLiteBehavior [ RunTime:0.000016s ]
INFO: [ app_init ] --END-- [ RunTime:0.000320s ]
INFO: [ app_begin ] --START--
INFO: Run Behavior\ReadHtmlCacheBehavior [ RunTime:0.000367s ]
INFO: [ app_begin ] --END-- [ RunTime:0.000423s ]
ERR: 非法操作:login

[ 2016-08-28T12:59:26+08:00 ] 5.9.83.211 /jquery/8/816/demo/Index/login/type/sina.html
INFO: [ app_init ] --START--
INFO: Run Behavior\BuildLiteBehavior [ RunTime:0.000017s ]
INFO: [ app_init ] --END-- [ RunTime:0.000363s ]
INFO: [ app_begin ] --START--
INFO: Run Behavior\ReadHtmlCacheBehavior [ RunTime:0.000617s ]
INFO: [ app_begin ] --END-- [ RunTime:0.000699s ]
ERR: 非法操作:login

[ 2016-08-28T13:00:10+08:00 ] 5.9.83.211 /jquery/8/816/demo/Index/login/type/renren.html
INFO: [ app_init ] --START--
INFO: Run Behavior\BuildLiteBehavior [ RunTime:0.000035s ]
INFO: [ app_init ] --END-- [ RunTime:0.000301s ]
INFO: [ app_begin ] --START--
INFO: Run Behavior\ReadHtmlCacheBehavior [ RunTime:0.000372s ]
INFO: [ app_begin ] --END-- [ RunTime:0.000416s ]
ERR: 非法操作:login

[ 2016-08-28T16:26:20+08:00 ] 182.118.22.213 /jquery/8/816/demo/
INFO: [ app_init ] --START--
INFO: Run Behavior\BuildLiteBehavior [ RunTime:0.000022s ]
INFO: [ app_init ] --END-- [ RunTime:0.000430s ]
INFO: [ app_begin ] --START--
INFO: Run Behavior\ReadHtmlCacheBehavior [ RunTime:0.000425s ]
INFO: [ app_begin ] --END-- [ RunTime:0.000479s ]
SQL: SHOW COLUMNS FROM `sucai_comment` [ RunTime:0.0017s ]
SQL: SELECT COUNT(*) AS tp_count FROM `sucai_comment` WHERE ( pid=0 ) LIMIT 1   [ RunTime:0.0004s ]
NOTIC: [8] Undefined variable: p /data/www/jquery/8/816/demo/Application/Home/Controller/IndexController.class.php 第 14 行.
SQL: SELECT `id`,`uid`,`content`,`addtime` FROM `sucai_comment` WHERE ( pid=0 ) ORDER BY id DESC LIMIT 10   [ RunTime:0.0002s ]
SQL: SELECT `id`,`uid`,`content`,`pid_sub` FROM `sucai_comment` WHERE ( pid = 6016 ) ORDER BY id ASC  [ RunTime:0.0005s ]
SQL: SELECT `id`,`uid`,`content`,`pid_sub` FROM `sucai_comment` WHERE ( pid = 6015 ) ORDER BY id ASC  [ RunTime:0.0003s ]
SQL: SELECT `id`,`uid`,`content`,`pid_sub` FROM `sucai_comment` WHERE ( pid = 6014 ) ORDER BY id ASC  [ RunTime:0.0003s ]
SQL: SELECT `id`,`uid`,`content`,`pid_sub` FROM `sucai_comment` WHERE ( pid = 6013 ) ORDER BY id ASC  [ RunTime:0.0003s ]
SQL: SELECT `id`,`uid`,`content`,`pid_sub` FROM `sucai_comment` WHERE ( pid = 6012 ) ORDER BY id ASC  [ RunTime:0.0003s ]
SQL: SELECT `id`,`uid`,`content`,`pid_sub` FROM `sucai_comment` WHERE ( pid = 6011 ) ORDER BY id ASC  [ RunTime:0.0003s ]
SQL: SELECT `id`,`uid`,`content`,`pid_sub` FROM `sucai_comment` WHERE ( pid = 6010 ) ORDER BY id ASC  [ RunTime:0.0003s ]
SQL: SELECT `id`,`uid`,`content`,`pid_sub` FROM `sucai_comment` WHERE ( pid = 6009 ) ORDER BY id ASC  [ RunTime:0.0003s ]
SQL: SELECT `id`,`uid`,`content`,`pid_sub` FROM `sucai_comment` WHERE ( pid = 6008 ) ORDER BY id ASC  [ RunTime:0.0003s ]
SQL: SELECT `id`,`uid`,`content`,`pid_sub` FROM `sucai_comment` WHERE ( pid = 6007 ) ORDER BY id ASC  [ RunTime:0.0003s ]
SQL: SHOW COLUMNS FROM `sucai_emot` [ RunTime:0.0012s ]
NOTIC: [2] Missing argument 1 for Think\PageAjax::show(), called in /data/www/jquery/8/816/demo/Application/Home/Controller/IndexController.class.php on line 31 and defined /data/www/jquery/8/816/demo/ThinkPHP/Library/Think/PageAjax.class.php 第 77 行.
NOTIC: [8] Undefined variable: url_replace /data/www/jquery/8/816/demo/ThinkPHP/Library/Think/PageAjax.class.php 第 84 行.
INFO: [ view_parse ] --START--
INFO: [ template_filter ] --START--
INFO: Run Behavior\ContentReplaceBehavior [ RunTime:0.000132s ]
INFO: [ template_filter ] --END-- [ RunTime:0.000321s ]
NOTIC: [8] Undefined variable: msg_num /data/www/jquery/8/816/demo/Application/Runtime/Cache/Home/2a94b8bda04ff446dcedd42276fc99ee.php 第 18 行.
NOTIC: [8] Undefined variable: url_cur /data/www/jquery/8/816/demo/Application/Runtime/Cache/Home/2a94b8bda04ff446dcedd42276fc99ee.php 第 28 行.
NOTIC: [8] Undefined variable: control /data/www/jquery/8/816/demo/Application/Runtime/Cache/Home/2a94b8bda04ff446dcedd42276fc99ee.php 第 43 行.
NOTIC: [8] Undefined variable: control /data/www/jquery/8/816/demo/Application/Runtime/Cache/Home/2a94b8bda04ff446dcedd42276fc99ee.php 第 46 行.
NOTIC: [8] Undefined variable: url_cur /data/www/jquery/8/816/demo/Application/Runtime/Cache/Home/2a94b8bda04ff446dcedd42276fc99ee.php 第 55 行.
NOTIC: [8] Undefined variable: control /data/www/jquery/8/816/demo/Application/Runtime/Cache/Home/2a94b8bda04ff446dcedd42276fc99ee.php 第 56 行.
NOTIC: [8] Undefined variable: control /data/www/jquery/8/816/demo/Application/Runtime/Cache/Home/2a94b8bda04ff446dcedd42276fc99ee.php 第 102 行.
NOTIC: [8] Undefined variable: control /data/www/jquery/8/816/demo/Application/Runtime/Cache/Home/2a94b8bda04ff446dcedd42276fc99ee.php 第 103 行.
NOTIC: [8] Undefined variable: control /data/www/jquery/8/816/demo/Application/Runtime/Cache/Home/2a94b8bda04ff446dcedd42276fc99ee.php 第 104 行.
NOTIC: [8] Undefined variable: control /data/www/jquery/8/816/demo/Application/Runtime/Cache/Home/2a94b8bda04ff446dcedd42276fc99ee.php 第 105 行.
NOTIC: [8] Undefined variable: control /data/www/jquery/8/816/demo/Application/Runtime/Cache/Home/2a94b8bda04ff446dcedd42276fc99ee.php 第 106 行.
NOTIC: [8] Undefined variable: control /data/www/jquery/8/816/demo/Application/Runtime/Cache/Home/2a94b8bda04ff446dcedd42276fc99ee.php 第 107 行.
NOTIC: [8] Undefined variable: control /data/www/jquery/8/816/demo/Application/Runtime/Cache/Home/2a94b8bda04ff446dcedd42276fc99ee.php 第 108 行.
NOTIC: [8] Undefined variable: control /data/www/jquery/8/816/demo/Application/Runtime/Cache/Home/2a94b8bda04ff446dcedd42276fc99ee.php 第 109 行.
NOTIC: [8] Undefined variable: mtype /data/www/jquery/8/816/demo/Application/Runtime/Cache/Home/2a94b8bda04ff446dcedd42276fc99ee.php 第 138 行.
NOTIC: [8] Undefined index: uname /data/www/jquery/8/816/demo/Application/Runtime/Cache/Home/2a94b8bda04ff446dcedd42276fc99ee.php 第 147 行.
NOTIC: [8] Undefined variable: mtype /data/www/jquery/8/816/demo/Application/Runtime/Cache/Home/2a94b8bda04ff446dcedd42276fc99ee.php 第 162 行.
NOTIC: [8] Undefined index: uname /data/www/jquery/8/816/demo/Application/Runtime/Cache/Home/2a94b8bda04ff446dcedd42276fc99ee.php 第 147 行.
NOTIC: [8] Undefined variable: mtype /data/www/jquery/8/816/demo/Application/Runtime/Cache/Home/2a94b8bda04ff446dcedd42276fc99ee.php 第 162 行.
NOTIC: [8] Undefined index: uname /data/www/jquery/8/816/demo/Application/Runtime/Cache/Home/2a94b8bda04ff446dcedd42276fc99ee.php 第 147 行.
NOTIC: [8] Undefined variable: mtype /data/www/jquery/8/816/demo/Application/Runtime/Cache/Home/2a94b8bda04ff446dcedd42276fc99ee.php 第 162 行.
NOTIC: [8] Undefined index: uname /data/www/jquery/8/816/demo/Application/Runtime/Cache/Home/2a94b8bda04ff446dcedd42276fc99ee.php 第 147 行.
NOTIC: [8] Undefined variable: mtype /data/www/jquery/8/816/demo/Application/Runtime/Cache/Home/2a94b8bda04ff446dcedd42276fc99ee.php 第 162 行.
NOTIC: [8] Undefined index: uname /data/www/jquery/8/816/demo/Application/Runtime/Cache/Home/2a94b8bda04ff446dcedd42276fc99ee.php 第 147 行.
NOTIC: [8] Undefined variable: mtype /data/www/jquery/8/816/demo/Application/Runtime/Cache/Home/2a94b8bda04ff446dcedd42276fc99ee.php 第 162 行.
NOTIC: [8] Undefined index: uname /data/www/jquery/8/816/demo/Application/Runtime/Cache/Home/2a94b8bda04ff446dcedd42276fc99ee.php 第 147 行.
NOTIC: [8] Undefined variable: mtype /data/www/jquery/8/816/demo/Application/Runtime/Cache/Home/2a94b8bda04ff446dcedd42276fc99ee.php 第 162 行.
NOTIC: [8] Undefined index: uname /data/www/jquery/8/816/demo/Application/Runtime/Cache/Home/2a94b8bda04ff446dcedd42276fc99ee.php 第 147 行.
NOTIC: [8] Undefined variable: mtype /data/www/jquery/8/816/demo/Application/Runtime/Cache/Home/2a94b8bda04ff446dcedd42276fc99ee.php 第 162 行.
NOTIC: [8] Undefined index: uname /data/www/jquery/8/816/demo/Application/Runtime/Cache/Home/2a94b8bda04ff446dcedd42276fc99ee.php 第 147 行.
NOTIC: [8] Undefined variable: mtype /data/www/jquery/8/816/demo/Application/Runtime/Cache/Home/2a94b8bda04ff446dcedd42276fc99ee.php 第 162 行.
NOTIC: [8] Undefined index: uname /data/www/jquery/8/816/demo/Application/Runtime/Cache/Home/2a94b8bda04ff446dcedd42276fc99ee.php 第 147 行.
NOTIC: [8] Undefined variable: mtype /data/www/jquery/8/816/demo/Application/Runtime/Cache/Home/2a94b8bda04ff446dcedd42276fc99ee.php 第 162 行.
NOTIC: [8] Undefined index: uname /data/www/jquery/8/816/demo/Application/Runtime/Cache/Home/2a94b8bda04ff446dcedd42276fc99ee.php 第 147 行.
NOTIC: [8] Undefined variable: mtype /data/www/jquery/8/816/demo/Application/Runtime/Cache/Home/2a94b8bda04ff446dcedd42276fc99ee.php 第 162 行.
NOTIC: [8] Undefined variable: mtype /data/www/jquery/8/816/demo/Application/Runtime/Cache/Home/2a94b8bda04ff446dcedd42276fc99ee.php 第 192 行.
NOTIC: [8] Undefined variable: url_cur /data/www/jquery/8/816/demo/Application/Runtime/Cache/Home/2a94b8bda04ff446dcedd42276fc99ee.php 第 210 行.
NOTIC: [8] Undefined variable: mtype /data/www/jquery/8/816/demo/Application/Runtime/Cache/Home/2a94b8bda04ff446dcedd42276fc99ee.php 第 210 行.
INFO: Run Behavior\ParseTemplateBehavior [ RunTime:0.019960s ]
INFO: [ view_parse ] --END-- [ RunTime:0.020022s ]
INFO: [ view_filter ] --START--
INFO: Run Behavior\WriteHtmlCacheBehavior [ RunTime:0.000211s ]
INFO: [ view_filter ] --END-- [ RunTime:0.000253s ]
INFO: [ app_end ] --START--
INFO: Run Behavior\ShowPageTraceBehavior [ RunTime:0.000575s ]
INFO: [ app_end ] --END-- [ RunTime:0.000649s ]

