[ 2016-09-22T04:10:58+08:00 ] 42.156.254.10 /jquery/8/816/demo/Member/pay.html
INFO: [ app_init ] --START--
INFO: Run Behavior\BuildLiteBehavior [ RunTime:0.000014s ]
INFO: [ app_init ] --END-- [ RunTime:0.000278s ]
INFO: [ app_begin ] --START--
INFO: Run Behavior\ReadHtmlCacheBehavior [ RunTime:0.000430s ]
INFO: [ app_begin ] --END-- [ RunTime:0.000496s ]
ERR: 无法加载控制器:Member

[ 2016-09-22T10:23:52+08:00 ] 101.81.95.36 /jquery/8/816/demo/
INFO: [ app_init ] --START--
INFO: Run Behavior\BuildLiteBehavior [ RunTime:0.000013s ]
INFO: [ app_init ] --END-- [ RunTime:0.000275s ]
INFO: [ app_begin ] --START--
INFO: Run Behavior\ReadHtmlCacheBehavior [ RunTime:0.000356s ]
INFO: [ app_begin ] --END-- [ RunTime:0.000399s ]
SQL: SHOW COLUMNS FROM `sucai_comment` [ RunTime:0.0015s ]
SQL: SELECT COUNT(*) AS tp_count FROM `sucai_comment` WHERE ( pid=0 ) LIMIT 1   [ RunTime:0.0004s ]
NOTIC: [8] Undefined variable: p /data/www/jquery/8/816/demo/Application/Home/Controller/IndexController.class.php 第 14 行.
SQL: SELECT `id`,`uid`,`content`,`addtime` FROM `sucai_comment` WHERE ( pid=0 ) ORDER BY id DESC LIMIT 10   [ RunTime:0.0003s ]
SQL: SELECT `id`,`uid`,`content`,`pid_sub` FROM `sucai_comment` WHERE ( pid = 6045 ) ORDER BY id ASC  [ RunTime:0.0004s ]
SQL: SELECT `id`,`uid`,`content`,`pid_sub` FROM `sucai_comment` WHERE ( pid = 6044 ) ORDER BY id ASC  [ RunTime:0.0004s ]
SQL: SELECT `id`,`uid`,`content`,`pid_sub` FROM `sucai_comment` WHERE ( pid = 6043 ) ORDER BY id ASC  [ RunTime:0.0003s ]
SQL: SELECT `id`,`uid`,`content`,`pid_sub` FROM `sucai_comment` WHERE ( pid = 6042 ) ORDER BY id ASC  [ RunTime:0.0003s ]
SQL: SELECT `id`,`uid`,`content`,`pid_sub` FROM `sucai_comment` WHERE ( pid = 6041 ) ORDER BY id ASC  [ RunTime:0.0003s ]
SQL: SELECT `id`,`uid`,`content`,`pid_sub` FROM `sucai_comment` WHERE ( pid = 6039 ) ORDER BY id ASC  [ RunTime:0.0003s ]
SQL: SELECT `id`,`uid`,`content`,`pid_sub` FROM `sucai_comment` WHERE ( pid = 6038 ) ORDER BY id ASC  [ RunTime:0.0003s ]
SQL: SELECT `id`,`uid`,`content`,`pid_sub` FROM `sucai_comment` WHERE ( pid = 6037 ) ORDER BY id ASC  [ RunTime:0.0003s ]
SQL: SELECT `id`,`uid`,`content`,`pid_sub` FROM `sucai_comment` WHERE ( pid = 6036 ) ORDER BY id ASC  [ RunTime:0.0003s ]
SQL: SELECT `id`,`uid`,`content`,`pid_sub` FROM `sucai_comment` WHERE ( pid = 6035 ) ORDER BY id ASC  [ RunTime:0.0003s ]
SQL: SHOW COLUMNS FROM `sucai_emot` [ RunTime:0.0009s ]
NOTIC: [2] Missing argument 1 for Think\PageAjax::show(), called in /data/www/jquery/8/816/demo/Application/Home/Controller/IndexController.class.php on line 31 and defined /data/www/jquery/8/816/demo/ThinkPHP/Library/Think/PageAjax.class.php 第 77 行.
NOTIC: [8] Undefined variable: url_replace /data/www/jquery/8/816/demo/ThinkPHP/Library/Think/PageAjax.class.php 第 84 行.
INFO: [ view_parse ] --START--
INFO: [ template_filter ] --START--
INFO: Run Behavior\ContentReplaceBehavior [ RunTime:0.000113s ]
INFO: [ template_filter ] --END-- [ RunTime:0.000177s ]
NOTIC: [8] Undefined variable: msg_num /data/www/jquery/8/816/demo/Application/Runtime/Cache/Home/2a94b8bda04ff446dcedd42276fc99ee.php 第 18 行.
NOTIC: [8] Undefined variable: url_cur /data/www/jquery/8/816/demo/Application/Runtime/Cache/Home/2a94b8bda04ff446dcedd42276fc99ee.php 第 28 行.
NOTIC: [8] Undefined variable: control /data/www/jquery/8/816/demo/Application/Runtime/Cache/Home/2a94b8bda04ff446dcedd42276fc99ee.php 第 43 行.
NOTIC: [8] Undefined variable: control /data/www/jquery/8/816/demo/Application/Runtime/Cache/Home/2a94b8bda04ff446dcedd42276fc99ee.php 第 46 行.
NOTIC: [8] Undefined variable: url_cur /data/www/jquery/8/816/demo/Application/Runtime/Cache/Home/2a94b8bda04ff446dcedd42276fc99ee.php 第 55 行.
NOTIC: [8] Undefined variable: control /data/www/jquery/8/816/demo/Application/Runtime/Cache/Home/2a94b8bda04ff446dcedd42276fc99ee.php 第 56 行.
NOTIC: [8] Undefined variable: control /data/www/jquery/8/816/demo/Application/Runtime/Cache/Home/2a94b8bda04ff446dcedd42276fc99ee.php 第 102 行.
NOTIC: [8] Undefined variable: control /data/www/jquery/8/816/demo/Application/Runtime/Cache/Home/2a94b8bda04ff446dcedd42276fc99ee.php 第 103 行.
NOTIC: [8] Undefined variable: control /data/www/jquery/8/816/demo/Application/Runtime/Cache/Home/2a94b8bda04ff446dcedd42276fc99ee.php 第 104 行.
NOTIC: [8] Undefined variable: control /data/www/jquery/8/816/demo/Application/Runtime/Cache/Home/2a94b8bda04ff446dcedd42276fc99ee.php 第 105 行.
NOTIC: [8] Undefined variable: control /data/www/jquery/8/816/demo/Application/Runtime/Cache/Home/2a94b8bda04ff446dcedd42276fc99ee.php 第 106 行.
NOTIC: [8] Undefined variable: control /data/www/jquery/8/816/demo/Application/Runtime/Cache/Home/2a94b8bda04ff446dcedd42276fc99ee.php 第 107 行.
NOTIC: [8] Undefined variable: control /data/www/jquery/8/816/demo/Application/Runtime/Cache/Home/2a94b8bda04ff446dcedd42276fc99ee.php 第 108 行.
NOTIC: [8] Undefined variable: control /data/www/jquery/8/816/demo/Application/Runtime/Cache/Home/2a94b8bda04ff446dcedd42276fc99ee.php 第 109 行.
NOTIC: [8] Undefined variable: mtype /data/www/jquery/8/816/demo/Application/Runtime/Cache/Home/2a94b8bda04ff446dcedd42276fc99ee.php 第 138 行.
NOTIC: [8] Undefined index: uname /data/www/jquery/8/816/demo/Application/Runtime/Cache/Home/2a94b8bda04ff446dcedd42276fc99ee.php 第 147 行.
NOTIC: [8] Undefined variable: mtype /data/www/jquery/8/816/demo/Application/Runtime/Cache/Home/2a94b8bda04ff446dcedd42276fc99ee.php 第 162 行.
NOTIC: [8] Undefined index: uname /data/www/jquery/8/816/demo/Application/Runtime/Cache/Home/2a94b8bda04ff446dcedd42276fc99ee.php 第 147 行.
NOTIC: [8] Undefined variable: mtype /data/www/jquery/8/816/demo/Application/Runtime/Cache/Home/2a94b8bda04ff446dcedd42276fc99ee.php 第 162 行.
NOTIC: [8] Undefined index: uname /data/www/jquery/8/816/demo/Application/Runtime/Cache/Home/2a94b8bda04ff446dcedd42276fc99ee.php 第 147 行.
NOTIC: [8] Undefined variable: mtype /data/www/jquery/8/816/demo/Application/Runtime/Cache/Home/2a94b8bda04ff446dcedd42276fc99ee.php 第 162 行.
NOTIC: [8] Undefined index: uname /data/www/jquery/8/816/demo/Application/Runtime/Cache/Home/2a94b8bda04ff446dcedd42276fc99ee.php 第 147 行.
NOTIC: [8] Undefined variable: mtype /data/www/jquery/8/816/demo/Application/Runtime/Cache/Home/2a94b8bda04ff446dcedd42276fc99ee.php 第 162 行.
NOTIC: [8] Undefined index: uname /data/www/jquery/8/816/demo/Application/Runtime/Cache/Home/2a94b8bda04ff446dcedd42276fc99ee.php 第 147 行.
NOTIC: [8] Undefined variable: mtype /data/www/jquery/8/816/demo/Application/Runtime/Cache/Home/2a94b8bda04ff446dcedd42276fc99ee.php 第 162 行.
NOTIC: [8] Undefined index: uname /data/www/jquery/8/816/demo/Application/Runtime/Cache/Home/2a94b8bda04ff446dcedd42276fc99ee.php 第 147 行.
NOTIC: [8] Undefined variable: mtype /data/www/jquery/8/816/demo/Application/Runtime/Cache/Home/2a94b8bda04ff446dcedd42276fc99ee.php 第 162 行.
NOTIC: [8] Undefined variable: mtype /data/www/jquery/8/816/demo/Application/Runtime/Cache/Home/2a94b8bda04ff446dcedd42276fc99ee.php 第 183 行.
NOTIC: [8] Undefined index: uname /data/www/jquery/8/816/demo/Application/Runtime/Cache/Home/2a94b8bda04ff446dcedd42276fc99ee.php 第 147 行.
NOTIC: [8] Undefined variable: mtype /data/www/jquery/8/816/demo/Application/Runtime/Cache/Home/2a94b8bda04ff446dcedd42276fc99ee.php 第 162 行.
NOTIC: [8] Undefined index: uname /data/www/jquery/8/816/demo/Application/Runtime/Cache/Home/2a94b8bda04ff446dcedd42276fc99ee.php 第 147 行.
NOTIC: [8] Undefined variable: mtype /data/www/jquery/8/816/demo/Application/Runtime/Cache/Home/2a94b8bda04ff446dcedd42276fc99ee.php 第 162 行.
NOTIC: [8] Undefined index: uname /data/www/jquery/8/816/demo/Application/Runtime/Cache/Home/2a94b8bda04ff446dcedd42276fc99ee.php 第 147 行.
NOTIC: [8] Undefined variable: mtype /data/www/jquery/8/816/demo/Application/Runtime/Cache/Home/2a94b8bda04ff446dcedd42276fc99ee.php 第 162 行.
NOTIC: [8] Undefined index: uname /data/www/jquery/8/816/demo/Application/Runtime/Cache/Home/2a94b8bda04ff446dcedd42276fc99ee.php 第 147 行.
NOTIC: [8] Undefined variable: mtype /data/www/jquery/8/816/demo/Application/Runtime/Cache/Home/2a94b8bda04ff446dcedd42276fc99ee.php 第 162 行.
NOTIC: [8] Undefined variable: mtype /data/www/jquery/8/816/demo/Application/Runtime/Cache/Home/2a94b8bda04ff446dcedd42276fc99ee.php 第 192 行.
NOTIC: [8] Undefined variable: url_cur /data/www/jquery/8/816/demo/Application/Runtime/Cache/Home/2a94b8bda04ff446dcedd42276fc99ee.php 第 210 行.
NOTIC: [8] Undefined variable: mtype /data/www/jquery/8/816/demo/Application/Runtime/Cache/Home/2a94b8bda04ff446dcedd42276fc99ee.php 第 210 行.
INFO: Run Behavior\ParseTemplateBehavior [ RunTime:0.047556s ]
INFO: [ view_parse ] --END-- [ RunTime:0.047607s ]
INFO: [ view_filter ] --START--
INFO: Run Behavior\WriteHtmlCacheBehavior [ RunTime:0.003972s ]
INFO: [ view_filter ] --END-- [ RunTime:0.004019s ]
INFO: [ app_end ] --START--
INFO: Run Behavior\ShowPageTraceBehavior [ RunTime:0.008223s ]
INFO: [ app_end ] --END-- [ RunTime:0.008269s ]

[ 2016-09-22T10:23:53+08:00 ] 101.81.95.36 /jquery/8/816/demo/Ajax/isLogin
INFO: [ app_init ] --START--
INFO: Run Behavior\BuildLiteBehavior [ RunTime:0.000014s ]
INFO: [ app_init ] --END-- [ RunTime:0.000450s ]
INFO: [ app_begin ] --START--
INFO: Run Behavior\ReadHtmlCacheBehavior [ RunTime:0.000601s ]
INFO: [ app_begin ] --END-- [ RunTime:0.000667s ]
INFO: [ app_end ] --START--
INFO: Run Behavior\ShowPageTraceBehavior [ RunTime:0.000653s ]
INFO: [ app_end ] --END-- [ RunTime:0.000735s ]

[ 2016-09-22T10:30:20+08:00 ] 113.67.132.137 /jquery/8/816/demo/
INFO: [ app_init ] --START--
INFO: Run Behavior\BuildLiteBehavior [ RunTime:0.000015s ]
INFO: [ app_init ] --END-- [ RunTime:0.000275s ]
INFO: [ app_begin ] --START--
INFO: Run Behavior\ReadHtmlCacheBehavior [ RunTime:0.000378s ]
INFO: [ app_begin ] --END-- [ RunTime:0.000422s ]
SQL: SHOW COLUMNS FROM `sucai_comment` [ RunTime:0.0012s ]
SQL: SELECT COUNT(*) AS tp_count FROM `sucai_comment` WHERE ( pid=0 ) LIMIT 1   [ RunTime:0.0004s ]
NOTIC: [8] Undefined variable: p /data/www/jquery/8/816/demo/Application/Home/Controller/IndexController.class.php 第 14 行.
SQL: SELECT `id`,`uid`,`content`,`addtime` FROM `sucai_comment` WHERE ( pid=0 ) ORDER BY id DESC LIMIT 10   [ RunTime:0.0002s ]
SQL: SELECT `id`,`uid`,`content`,`pid_sub` FROM `sucai_comment` WHERE ( pid = 6045 ) ORDER BY id ASC  [ RunTime:0.0004s ]
SQL: SELECT `id`,`uid`,`content`,`pid_sub` FROM `sucai_comment` WHERE ( pid = 6044 ) ORDER BY id ASC  [ RunTime:0.0003s ]
SQL: SELECT `id`,`uid`,`content`,`pid_sub` FROM `sucai_comment` WHERE ( pid = 6043 ) ORDER BY id ASC  [ RunTime:0.0003s ]
SQL: SELECT `id`,`uid`,`content`,`pid_sub` FROM `sucai_comment` WHERE ( pid = 6042 ) ORDER BY id ASC  [ RunTime:0.0003s ]
SQL: SELECT `id`,`uid`,`content`,`pid_sub` FROM `sucai_comment` WHERE ( pid = 6041 ) ORDER BY id ASC  [ RunTime:0.0003s ]
SQL: SELECT `id`,`uid`,`content`,`pid_sub` FROM `sucai_comment` WHERE ( pid = 6039 ) ORDER BY id ASC  [ RunTime:0.0003s ]
SQL: SELECT `id`,`uid`,`content`,`pid_sub` FROM `sucai_comment` WHERE ( pid = 6038 ) ORDER BY id ASC  [ RunTime:0.0003s ]
SQL: SELECT `id`,`uid`,`content`,`pid_sub` FROM `sucai_comment` WHERE ( pid = 6037 ) ORDER BY id ASC  [ RunTime:0.0003s ]
SQL: SELECT `id`,`uid`,`content`,`pid_sub` FROM `sucai_comment` WHERE ( pid = 6036 ) ORDER BY id ASC  [ RunTime:0.0003s ]
SQL: SELECT `id`,`uid`,`content`,`pid_sub` FROM `sucai_comment` WHERE ( pid = 6035 ) ORDER BY id ASC  [ RunTime:0.0003s ]
SQL: SHOW COLUMNS FROM `sucai_emot` [ RunTime:0.0008s ]
NOTIC: [2] Missing argument 1 for Think\PageAjax::show(), called in /data/www/jquery/8/816/demo/Application/Home/Controller/IndexController.class.php on line 31 and defined /data/www/jquery/8/816/demo/ThinkPHP/Library/Think/PageAjax.class.php 第 77 行.
NOTIC: [8] Undefined variable: url_replace /data/www/jquery/8/816/demo/ThinkPHP/Library/Think/PageAjax.class.php 第 84 行.
INFO: [ view_parse ] --START--
INFO: [ template_filter ] --START--
INFO: Run Behavior\ContentReplaceBehavior [ RunTime:0.000127s ]
INFO: [ template_filter ] --END-- [ RunTime:0.000173s ]
NOTIC: [8] Undefined variable: msg_num /data/www/jquery/8/816/demo/Application/Runtime/Cache/Home/2a94b8bda04ff446dcedd42276fc99ee.php 第 18 行.
NOTIC: [8] Undefined variable: url_cur /data/www/jquery/8/816/demo/Application/Runtime/Cache/Home/2a94b8bda04ff446dcedd42276fc99ee.php 第 28 行.
NOTIC: [8] Undefined variable: control /data/www/jquery/8/816/demo/Application/Runtime/Cache/Home/2a94b8bda04ff446dcedd42276fc99ee.php 第 43 行.
NOTIC: [8] Undefined variable: control /data/www/jquery/8/816/demo/Application/Runtime/Cache/Home/2a94b8bda04ff446dcedd42276fc99ee.php 第 46 行.
NOTIC: [8] Undefined variable: url_cur /data/www/jquery/8/816/demo/Application/Runtime/Cache/Home/2a94b8bda04ff446dcedd42276fc99ee.php 第 55 行.
NOTIC: [8] Undefined variable: control /data/www/jquery/8/816/demo/Application/Runtime/Cache/Home/2a94b8bda04ff446dcedd42276fc99ee.php 第 56 行.
NOTIC: [8] Undefined variable: control /data/www/jquery/8/816/demo/Application/Runtime/Cache/Home/2a94b8bda04ff446dcedd42276fc99ee.php 第 102 行.
NOTIC: [8] Undefined variable: control /data/www/jquery/8/816/demo/Application/Runtime/Cache/Home/2a94b8bda04ff446dcedd42276fc99ee.php 第 103 行.
NOTIC: [8] Undefined variable: control /data/www/jquery/8/816/demo/Application/Runtime/Cache/Home/2a94b8bda04ff446dcedd42276fc99ee.php 第 104 行.
NOTIC: [8] Undefined variable: control /data/www/jquery/8/816/demo/Application/Runtime/Cache/Home/2a94b8bda04ff446dcedd42276fc99ee.php 第 105 行.
NOTIC: [8] Undefined variable: control /data/www/jquery/8/816/demo/Application/Runtime/Cache/Home/2a94b8bda04ff446dcedd42276fc99ee.php 第 106 行.
NOTIC: [8] Undefined variable: control /data/www/jquery/8/816/demo/Application/Runtime/Cache/Home/2a94b8bda04ff446dcedd42276fc99ee.php 第 107 行.
NOTIC: [8] Undefined variable: control /data/www/jquery/8/816/demo/Application/Runtime/Cache/Home/2a94b8bda04ff446dcedd42276fc99ee.php 第 108 行.
NOTIC: [8] Undefined variable: control /data/www/jquery/8/816/demo/Application/Runtime/Cache/Home/2a94b8bda04ff446dcedd42276fc99ee.php 第 109 行.
NOTIC: [8] Undefined variable: mtype /data/www/jquery/8/816/demo/Application/Runtime/Cache/Home/2a94b8bda04ff446dcedd42276fc99ee.php 第 138 行.
NOTIC: [8] Undefined index: uname /data/www/jquery/8/816/demo/Application/Runtime/Cache/Home/2a94b8bda04ff446dcedd42276fc99ee.php 第 147 行.
NOTIC: [8] Undefined variable: mtype /data/www/jquery/8/816/demo/Application/Runtime/Cache/Home/2a94b8bda04ff446dcedd42276fc99ee.php 第 162 行.
NOTIC: [8] Undefined index: uname /data/www/jquery/8/816/demo/Application/Runtime/Cache/Home/2a94b8bda04ff446dcedd42276fc99ee.php 第 147 行.
NOTIC: [8] Undefined variable: mtype /data/www/jquery/8/816/demo/Application/Runtime/Cache/Home/2a94b8bda04ff446dcedd42276fc99ee.php 第 162 行.
NOTIC: [8] Undefined index: uname /data/www/jquery/8/816/demo/Application/Runtime/Cache/Home/2a94b8bda04ff446dcedd42276fc99ee.php 第 147 行.
NOTIC: [8] Undefined variable: mtype /data/www/jquery/8/816/demo/Application/Runtime/Cache/Home/2a94b8bda04ff446dcedd42276fc99ee.php 第 162 行.
NOTIC: [8] Undefined index: uname /data/www/jquery/8/816/demo/Application/Runtime/Cache/Home/2a94b8bda04ff446dcedd42276fc99ee.php 第 147 行.
NOTIC: [8] Undefined variable: mtype /data/www/jquery/8/816/demo/Application/Runtime/Cache/Home/2a94b8bda04ff446dcedd42276fc99ee.php 第 162 行.
NOTIC: [8] Undefined index: uname /data/www/jquery/8/816/demo/Application/Runtime/Cache/Home/2a94b8bda04ff446dcedd42276fc99ee.php 第 147 行.
NOTIC: [8] Undefined variable: mtype /data/www/jquery/8/816/demo/Application/Runtime/Cache/Home/2a94b8bda04ff446dcedd42276fc99ee.php 第 162 行.
NOTIC: [8] Undefined index: uname /data/www/jquery/8/816/demo/Application/Runtime/Cache/Home/2a94b8bda04ff446dcedd42276fc99ee.php 第 147 行.
NOTIC: [8] Undefined variable: mtype /data/www/jquery/8/816/demo/Application/Runtime/Cache/Home/2a94b8bda04ff446dcedd42276fc99ee.php 第 162 行.
NOTIC: [8] Undefined variable: mtype /data/www/jquery/8/816/demo/Application/Runtime/Cache/Home/2a94b8bda04ff446dcedd42276fc99ee.php 第 183 行.
NOTIC: [8] Undefined index: uname /data/www/jquery/8/816/demo/Application/Runtime/Cache/Home/2a94b8bda04ff446dcedd42276fc99ee.php 第 147 行.
NOTIC: [8] Undefined variable: mtype /data/www/jquery/8/816/demo/Application/Runtime/Cache/Home/2a94b8bda04ff446dcedd42276fc99ee.php 第 162 行.
NOTIC: [8] Undefined index: uname /data/www/jquery/8/816/demo/Application/Runtime/Cache/Home/2a94b8bda04ff446dcedd42276fc99ee.php 第 147 行.
NOTIC: [8] Undefined variable: mtype /data/www/jquery/8/816/demo/Application/Runtime/Cache/Home/2a94b8bda04ff446dcedd42276fc99ee.php 第 162 行.
NOTIC: [8] Undefined index: uname /data/www/jquery/8/816/demo/Application/Runtime/Cache/Home/2a94b8bda04ff446dcedd42276fc99ee.php 第 147 行.
NOTIC: [8] Undefined variable: mtype /data/www/jquery/8/816/demo/Application/Runtime/Cache/Home/2a94b8bda04ff446dcedd42276fc99ee.php 第 162 行.
NOTIC: [8] Undefined index: uname /data/www/jquery/8/816/demo/Application/Runtime/Cache/Home/2a94b8bda04ff446dcedd42276fc99ee.php 第 147 行.
NOTIC: [8] Undefined variable: mtype /data/www/jquery/8/816/demo/Application/Runtime/Cache/Home/2a94b8bda04ff446dcedd42276fc99ee.php 第 162 行.
NOTIC: [8] Undefined variable: mtype /data/www/jquery/8/816/demo/Application/Runtime/Cache/Home/2a94b8bda04ff446dcedd42276fc99ee.php 第 192 行.
NOTIC: [8] Undefined variable: url_cur /data/www/jquery/8/816/demo/Application/Runtime/Cache/Home/2a94b8bda04ff446dcedd42276fc99ee.php 第 210 行.
NOTIC: [8] Undefined variable: mtype /data/www/jquery/8/816/demo/Application/Runtime/Cache/Home/2a94b8bda04ff446dcedd42276fc99ee.php 第 210 行.
INFO: Run Behavior\ParseTemplateBehavior [ RunTime:0.018673s ]
INFO: [ view_parse ] --END-- [ RunTime:0.018711s ]
INFO: [ view_filter ] --START--
INFO: Run Behavior\WriteHtmlCacheBehavior [ RunTime:0.000126s ]
INFO: [ view_filter ] --END-- [ RunTime:0.000160s ]
INFO: [ app_end ] --START--
INFO: Run Behavior\ShowPageTraceBehavior [ RunTime:0.000386s ]
INFO: [ app_end ] --END-- [ RunTime:0.000428s ]

[ 2016-09-22T10:30:21+08:00 ] 113.67.132.137 /jquery/8/816/demo/Ajax/isLogin
INFO: [ app_init ] --START--
INFO: Run Behavior\BuildLiteBehavior [ RunTime:0.000018s ]
INFO: [ app_init ] --END-- [ RunTime:0.000426s ]
INFO: [ app_begin ] --START--
INFO: Run Behavior\ReadHtmlCacheBehavior [ RunTime:0.000379s ]
INFO: [ app_begin ] --END-- [ RunTime:0.000421s ]
INFO: [ app_end ] --START--
INFO: Run Behavior\ShowPageTraceBehavior [ RunTime:0.000376s ]
INFO: [ app_end ] --END-- [ RunTime:0.000415s ]

[ 2016-09-22T11:06:45+08:00 ] 36.7.107.252 /jquery/8/816/demo/
INFO: [ app_init ] --START--
INFO: Run Behavior\BuildLiteBehavior [ RunTime:0.000015s ]
INFO: [ app_init ] --END-- [ RunTime:0.000301s ]
INFO: [ app_begin ] --START--
INFO: Run Behavior\ReadHtmlCacheBehavior [ RunTime:0.000386s ]
INFO: [ app_begin ] --END-- [ RunTime:0.000428s ]
SQL: SHOW COLUMNS FROM `sucai_comment` [ RunTime:0.0015s ]
SQL: SELECT COUNT(*) AS tp_count FROM `sucai_comment` WHERE ( pid=0 ) LIMIT 1   [ RunTime:0.0004s ]
NOTIC: [8] Undefined variable: p /data/www/jquery/8/816/demo/Application/Home/Controller/IndexController.class.php 第 14 行.
SQL: SELECT `id`,`uid`,`content`,`addtime` FROM `sucai_comment` WHERE ( pid=0 ) ORDER BY id DESC LIMIT 10   [ RunTime:0.0002s ]
SQL: SELECT `id`,`uid`,`content`,`pid_sub` FROM `sucai_comment` WHERE ( pid = 6045 ) ORDER BY id ASC  [ RunTime:0.0004s ]
SQL: SELECT `id`,`uid`,`content`,`pid_sub` FROM `sucai_comment` WHERE ( pid = 6044 ) ORDER BY id ASC  [ RunTime:0.0003s ]
SQL: SELECT `id`,`uid`,`content`,`pid_sub` FROM `sucai_comment` WHERE ( pid = 6043 ) ORDER BY id ASC  [ RunTime:0.0003s ]
SQL: SELECT `id`,`uid`,`content`,`pid_sub` FROM `sucai_comment` WHERE ( pid = 6042 ) ORDER BY id ASC  [ RunTime:0.0003s ]
SQL: SELECT `id`,`uid`,`content`,`pid_sub` FROM `sucai_comment` WHERE ( pid = 6041 ) ORDER BY id ASC  [ RunTime:0.0003s ]
SQL: SELECT `id`,`uid`,`content`,`pid_sub` FROM `sucai_comment` WHERE ( pid = 6039 ) ORDER BY id ASC  [ RunTime:0.0003s ]
SQL: SELECT `id`,`uid`,`content`,`pid_sub` FROM `sucai_comment` WHERE ( pid = 6038 ) ORDER BY id ASC  [ RunTime:0.0003s ]
SQL: SELECT `id`,`uid`,`content`,`pid_sub` FROM `sucai_comment` WHERE ( pid = 6037 ) ORDER BY id ASC  [ RunTime:0.0003s ]
SQL: SELECT `id`,`uid`,`content`,`pid_sub` FROM `sucai_comment` WHERE ( pid = 6036 ) ORDER BY id ASC  [ RunTime:0.0003s ]
SQL: SELECT `id`,`uid`,`content`,`pid_sub` FROM `sucai_comment` WHERE ( pid = 6035 ) ORDER BY id ASC  [ RunTime:0.0003s ]
SQL: SHOW COLUMNS FROM `sucai_emot` [ RunTime:0.0008s ]
NOTIC: [2] Missing argument 1 for Think\PageAjax::show(), called in /data/www/jquery/8/816/demo/Application/Home/Controller/IndexController.class.php on line 31 and defined /data/www/jquery/8/816/demo/ThinkPHP/Library/Think/PageAjax.class.php 第 77 行.
NOTIC: [8] Undefined variable: url_replace /data/www/jquery/8/816/demo/ThinkPHP/Library/Think/PageAjax.class.php 第 84 行.
INFO: [ view_parse ] --START--
INFO: [ template_filter ] --START--
INFO: Run Behavior\ContentReplaceBehavior [ RunTime:0.000136s ]
INFO: [ template_filter ] --END-- [ RunTime:0.000189s ]
NOTIC: [8] Undefined variable: msg_num /data/www/jquery/8/816/demo/Application/Runtime/Cache/Home/2a94b8bda04ff446dcedd42276fc99ee.php 第 18 行.
NOTIC: [8] Undefined variable: url_cur /data/www/jquery/8/816/demo/Application/Runtime/Cache/Home/2a94b8bda04ff446dcedd42276fc99ee.php 第 28 行.
NOTIC: [8] Undefined variable: control /data/www/jquery/8/816/demo/Application/Runtime/Cache/Home/2a94b8bda04ff446dcedd42276fc99ee.php 第 43 行.
NOTIC: [8] Undefined variable: control /data/www/jquery/8/816/demo/Application/Runtime/Cache/Home/2a94b8bda04ff446dcedd42276fc99ee.php 第 46 行.
NOTIC: [8] Undefined variable: url_cur /data/www/jquery/8/816/demo/Application/Runtime/Cache/Home/2a94b8bda04ff446dcedd42276fc99ee.php 第 55 行.
NOTIC: [8] Undefined variable: control /data/www/jquery/8/816/demo/Application/Runtime/Cache/Home/2a94b8bda04ff446dcedd42276fc99ee.php 第 56 行.
NOTIC: [8] Undefined variable: control /data/www/jquery/8/816/demo/Application/Runtime/Cache/Home/2a94b8bda04ff446dcedd42276fc99ee.php 第 102 行.
NOTIC: [8] Undefined variable: control /data/www/jquery/8/816/demo/Application/Runtime/Cache/Home/2a94b8bda04ff446dcedd42276fc99ee.php 第 103 行.
NOTIC: [8] Undefined variable: control /data/www/jquery/8/816/demo/Application/Runtime/Cache/Home/2a94b8bda04ff446dcedd42276fc99ee.php 第 104 行.
NOTIC: [8] Undefined variable: control /data/www/jquery/8/816/demo/Application/Runtime/Cache/Home/2a94b8bda04ff446dcedd42276fc99ee.php 第 105 行.
NOTIC: [8] Undefined variable: control /data/www/jquery/8/816/demo/Application/Runtime/Cache/Home/2a94b8bda04ff446dcedd42276fc99ee.php 第 106 行.
NOTIC: [8] Undefined variable: control /data/www/jquery/8/816/demo/Application/Runtime/Cache/Home/2a94b8bda04ff446dcedd42276fc99ee.php 第 107 行.
NOTIC: [8] Undefined variable: control /data/www/jquery/8/816/demo/Application/Runtime/Cache/Home/2a94b8bda04ff446dcedd42276fc99ee.php 第 108 行.
NOTIC: [8] Undefined variable: control /data/www/jquery/8/816/demo/Application/Runtime/Cache/Home/2a94b8bda04ff446dcedd42276fc99ee.php 第 109 行.
NOTIC: [8] Undefined variable: mtype /data/www/jquery/8/816/demo/Application/Runtime/Cache/Home/2a94b8bda04ff446dcedd42276fc99ee.php 第 138 行.
NOTIC: [8] Undefined index: uname /data/www/jquery/8/816/demo/Application/Runtime/Cache/Home/2a94b8bda04ff446dcedd42276fc99ee.php 第 147 行.
NOTIC: [8] Undefined variable: mtype /data/www/jquery/8/816/demo/Application/Runtime/Cache/Home/2a94b8bda04ff446dcedd42276fc99ee.php 第 162 行.
NOTIC: [8] Undefined index: uname /data/www/jquery/8/816/demo/Application/Runtime/Cache/Home/2a94b8bda04ff446dcedd42276fc99ee.php 第 147 行.
NOTIC: [8] Undefined variable: mtype /data/www/jquery/8/816/demo/Application/Runtime/Cache/Home/2a94b8bda04ff446dcedd42276fc99ee.php 第 162 行.
NOTIC: [8] Undefined index: uname /data/www/jquery/8/816/demo/Application/Runtime/Cache/Home/2a94b8bda04ff446dcedd42276fc99ee.php 第 147 行.
NOTIC: [8] Undefined variable: mtype /data/www/jquery/8/816/demo/Application/Runtime/Cache/Home/2a94b8bda04ff446dcedd42276fc99ee.php 第 162 行.
NOTIC: [8] Undefined index: uname /data/www/jquery/8/816/demo/Application/Runtime/Cache/Home/2a94b8bda04ff446dcedd42276fc99ee.php 第 147 行.
NOTIC: [8] Undefined variable: mtype /data/www/jquery/8/816/demo/Application/Runtime/Cache/Home/2a94b8bda04ff446dcedd42276fc99ee.php 第 162 行.
NOTIC: [8] Undefined index: uname /data/www/jquery/8/816/demo/Application/Runtime/Cache/Home/2a94b8bda04ff446dcedd42276fc99ee.php 第 147 行.
NOTIC: [8] Undefined variable: mtype /data/www/jquery/8/816/demo/Application/Runtime/Cache/Home/2a94b8bda04ff446dcedd42276fc99ee.php 第 162 行.
NOTIC: [8] Undefined index: uname /data/www/jquery/8/816/demo/Application/Runtime/Cache/Home/2a94b8bda04ff446dcedd42276fc99ee.php 第 147 行.
NOTIC: [8] Undefined variable: mtype /data/www/jquery/8/816/demo/Application/Runtime/Cache/Home/2a94b8bda04ff446dcedd42276fc99ee.php 第 162 行.
NOTIC: [8] Undefined variable: mtype /data/www/jquery/8/816/demo/Application/Runtime/Cache/Home/2a94b8bda04ff446dcedd42276fc99ee.php 第 183 行.
NOTIC: [8] Undefined index: uname /data/www/jquery/8/816/demo/Application/Runtime/Cache/Home/2a94b8bda04ff446dcedd42276fc99ee.php 第 147 行.
NOTIC: [8] Undefined variable: mtype /data/www/jquery/8/816/demo/Application/Runtime/Cache/Home/2a94b8bda04ff446dcedd42276fc99ee.php 第 162 行.
NOTIC: [8] Undefined index: uname /data/www/jquery/8/816/demo/Application/Runtime/Cache/Home/2a94b8bda04ff446dcedd42276fc99ee.php 第 147 行.
NOTIC: [8] Undefined variable: mtype /data/www/jquery/8/816/demo/Application/Runtime/Cache/Home/2a94b8bda04ff446dcedd42276fc99ee.php 第 162 行.
NOTIC: [8] Undefined index: uname /data/www/jquery/8/816/demo/Application/Runtime/Cache/Home/2a94b8bda04ff446dcedd42276fc99ee.php 第 147 行.
NOTIC: [8] Undefined variable: mtype /data/www/jquery/8/816/demo/Application/Runtime/Cache/Home/2a94b8bda04ff446dcedd42276fc99ee.php 第 162 行.
NOTIC: [8] Undefined index: uname /data/www/jquery/8/816/demo/Application/Runtime/Cache/Home/2a94b8bda04ff446dcedd42276fc99ee.php 第 147 行.
NOTIC: [8] Undefined variable: mtype /data/www/jquery/8/816/demo/Application/Runtime/Cache/Home/2a94b8bda04ff446dcedd42276fc99ee.php 第 162 行.
NOTIC: [8] Undefined variable: mtype /data/www/jquery/8/816/demo/Application/Runtime/Cache/Home/2a94b8bda04ff446dcedd42276fc99ee.php 第 192 行.
NOTIC: [8] Undefined variable: url_cur /data/www/jquery/8/816/demo/Application/Runtime/Cache/Home/2a94b8bda04ff446dcedd42276fc99ee.php 第 210 行.
NOTIC: [8] Undefined variable: mtype /data/www/jquery/8/816/demo/Application/Runtime/Cache/Home/2a94b8bda04ff446dcedd42276fc99ee.php 第 210 行.
INFO: Run Behavior\ParseTemplateBehavior [ RunTime:0.019623s ]
INFO: [ view_parse ] --END-- [ RunTime:0.019676s ]
INFO: [ view_filter ] --START--
INFO: Run Behavior\WriteHtmlCacheBehavior [ RunTime:0.000163s ]
INFO: [ view_filter ] --END-- [ RunTime:0.000209s ]
INFO: [ app_end ] --START--
INFO: Run Behavior\ShowPageTraceBehavior [ RunTime:0.000390s ]
INFO: [ app_end ] --END-- [ RunTime:0.000430s ]

[ 2016-09-22T11:06:46+08:00 ] 36.7.107.252 /jquery/8/816/demo/Ajax/isLogin
INFO: [ app_init ] --START--
INFO: Run Behavior\BuildLiteBehavior [ RunTime:0.000013s ]
INFO: [ app_init ] --END-- [ RunTime:0.000278s ]
INFO: [ app_begin ] --START--
INFO: Run Behavior\ReadHtmlCacheBehavior [ RunTime:0.000379s ]
INFO: [ app_begin ] --END-- [ RunTime:0.000421s ]
INFO: [ app_end ] --START--
INFO: Run Behavior\ShowPageTraceBehavior [ RunTime:0.000376s ]
INFO: [ app_end ] --END-- [ RunTime:0.000416s ]

[ 2016-09-22T11:06:53+08:00 ] 36.7.107.252 /jquery/8/816/demo/Ajax/subcomment
INFO: [ app_init ] --START--
INFO: Run Behavior\BuildLiteBehavior [ RunTime:0.000019s ]
INFO: [ app_init ] --END-- [ RunTime:0.000352s ]
INFO: [ app_begin ] --START--
INFO: Run Behavior\ReadHtmlCacheBehavior [ RunTime:0.000351s ]
INFO: [ app_begin ] --END-- [ RunTime:0.000392s ]
INFO: [ app_end ] --START--
INFO: Run Behavior\ShowPageTraceBehavior [ RunTime:0.000384s ]
INFO: [ app_end ] --END-- [ RunTime:0.000432s ]

[ 2016-09-22T14:45:02+08:00 ] 223.166.144.31 /jquery/8/816/demo/
INFO: [ app_init ] --START--
INFO: Run Behavior\BuildLiteBehavior [ RunTime:0.000016s ]
INFO: [ app_init ] --END-- [ RunTime:0.000281s ]
INFO: [ app_begin ] --START--
INFO: Run Behavior\ReadHtmlCacheBehavior [ RunTime:0.000375s ]
INFO: [ app_begin ] --END-- [ RunTime:0.000417s ]
SQL: SHOW COLUMNS FROM `sucai_comment` [ RunTime:0.0016s ]
SQL: SELECT COUNT(*) AS tp_count FROM `sucai_comment` WHERE ( pid=0 ) LIMIT 1   [ RunTime:0.0004s ]
NOTIC: [8] Undefined variable: p /data/www/jquery/8/816/demo/Application/Home/Controller/IndexController.class.php 第 14 行.
SQL: SELECT `id`,`uid`,`content`,`addtime` FROM `sucai_comment` WHERE ( pid=0 ) ORDER BY id DESC LIMIT 10   [ RunTime:0.0002s ]
SQL: SELECT `id`,`uid`,`content`,`pid_sub` FROM `sucai_comment` WHERE ( pid = 6045 ) ORDER BY id ASC  [ RunTime:0.0003s ]
SQL: SELECT `id`,`uid`,`content`,`pid_sub` FROM `sucai_comment` WHERE ( pid = 6044 ) ORDER BY id ASC  [ RunTime:0.0003s ]
SQL: SELECT `id`,`uid`,`content`,`pid_sub` FROM `sucai_comment` WHERE ( pid = 6043 ) ORDER BY id ASC  [ RunTime:0.0003s ]
SQL: SELECT `id`,`uid`,`content`,`pid_sub` FROM `sucai_comment` WHERE ( pid = 6042 ) ORDER BY id ASC  [ RunTime:0.0003s ]
SQL: SELECT `id`,`uid`,`content`,`pid_sub` FROM `sucai_comment` WHERE ( pid = 6041 ) ORDER BY id ASC  [ RunTime:0.0003s ]
SQL: SELECT `id`,`uid`,`content`,`pid_sub` FROM `sucai_comment` WHERE ( pid = 6039 ) ORDER BY id ASC  [ RunTime:0.0003s ]
SQL: SELECT `id`,`uid`,`content`,`pid_sub` FROM `sucai_comment` WHERE ( pid = 6038 ) ORDER BY id ASC  [ RunTime:0.0003s ]
SQL: SELECT `id`,`uid`,`content`,`pid_sub` FROM `sucai_comment` WHERE ( pid = 6037 ) ORDER BY id ASC  [ RunTime:0.0006s ]
SQL: SELECT `id`,`uid`,`content`,`pid_sub` FROM `sucai_comment` WHERE ( pid = 6036 ) ORDER BY id ASC  [ RunTime:0.0005s ]
SQL: SELECT `id`,`uid`,`content`,`pid_sub` FROM `sucai_comment` WHERE ( pid = 6035 ) ORDER BY id ASC  [ RunTime:0.0005s ]
SQL: SHOW COLUMNS FROM `sucai_emot` [ RunTime:0.0011s ]
NOTIC: [2] Missing argument 1 for Think\PageAjax::show(), called in /data/www/jquery/8/816/demo/Application/Home/Controller/IndexController.class.php on line 31 and defined /data/www/jquery/8/816/demo/ThinkPHP/Library/Think/PageAjax.class.php 第 77 行.
NOTIC: [8] Undefined variable: url_replace /data/www/jquery/8/816/demo/ThinkPHP/Library/Think/PageAjax.class.php 第 84 行.
INFO: [ view_parse ] --START--
INFO: [ template_filter ] --START--
INFO: Run Behavior\ContentReplaceBehavior [ RunTime:0.000114s ]
INFO: [ template_filter ] --END-- [ RunTime:0.000176s ]
NOTIC: [8] Undefined variable: msg_num /data/www/jquery/8/816/demo/Application/Runtime/Cache/Home/2a94b8bda04ff446dcedd42276fc99ee.php 第 18 行.
NOTIC: [8] Undefined variable: url_cur /data/www/jquery/8/816/demo/Application/Runtime/Cache/Home/2a94b8bda04ff446dcedd42276fc99ee.php 第 28 行.
NOTIC: [8] Undefined variable: control /data/www/jquery/8/816/demo/Application/Runtime/Cache/Home/2a94b8bda04ff446dcedd42276fc99ee.php 第 43 行.
NOTIC: [8] Undefined variable: control /data/www/jquery/8/816/demo/Application/Runtime/Cache/Home/2a94b8bda04ff446dcedd42276fc99ee.php 第 46 行.
NOTIC: [8] Undefined variable: url_cur /data/www/jquery/8/816/demo/Application/Runtime/Cache/Home/2a94b8bda04ff446dcedd42276fc99ee.php 第 55 行.
NOTIC: [8] Undefined variable: control /data/www/jquery/8/816/demo/Application/Runtime/Cache/Home/2a94b8bda04ff446dcedd42276fc99ee.php 第 56 行.
NOTIC: [8] Undefined variable: control /data/www/jquery/8/816/demo/Application/Runtime/Cache/Home/2a94b8bda04ff446dcedd42276fc99ee.php 第 102 行.
NOTIC: [8] Undefined variable: control /data/www/jquery/8/816/demo/Application/Runtime/Cache/Home/2a94b8bda04ff446dcedd42276fc99ee.php 第 103 行.
NOTIC: [8] Undefined variable: control /data/www/jquery/8/816/demo/Application/Runtime/Cache/Home/2a94b8bda04ff446dcedd42276fc99ee.php 第 104 行.
NOTIC: [8] Undefined variable: control /data/www/jquery/8/816/demo/Application/Runtime/Cache/Home/2a94b8bda04ff446dcedd42276fc99ee.php 第 105 行.
NOTIC: [8] Undefined variable: control /data/www/jquery/8/816/demo/Application/Runtime/Cache/Home/2a94b8bda04ff446dcedd42276fc99ee.php 第 106 行.
NOTIC: [8] Undefined variable: control /data/www/jquery/8/816/demo/Application/Runtime/Cache/Home/2a94b8bda04ff446dcedd42276fc99ee.php 第 107 行.
NOTIC: [8] Undefined variable: control /data/www/jquery/8/816/demo/Application/Runtime/Cache/Home/2a94b8bda04ff446dcedd42276fc99ee.php 第 108 行.
NOTIC: [8] Undefined variable: control /data/www/jquery/8/816/demo/Application/Runtime/Cache/Home/2a94b8bda04ff446dcedd42276fc99ee.php 第 109 行.
NOTIC: [8] Undefined variable: mtype /data/www/jquery/8/816/demo/Application/Runtime/Cache/Home/2a94b8bda04ff446dcedd42276fc99ee.php 第 138 行.
NOTIC: [8] Undefined index: uname /data/www/jquery/8/816/demo/Application/Runtime/Cache/Home/2a94b8bda04ff446dcedd42276fc99ee.php 第 147 行.
NOTIC: [8] Undefined variable: mtype /data/www/jquery/8/816/demo/Application/Runtime/Cache/Home/2a94b8bda04ff446dcedd42276fc99ee.php 第 162 行.
NOTIC: [8] Undefined index: uname /data/www/jquery/8/816/demo/Application/Runtime/Cache/Home/2a94b8bda04ff446dcedd42276fc99ee.php 第 147 行.
NOTIC: [8] Undefined variable: mtype /data/www/jquery/8/816/demo/Application/Runtime/Cache/Home/2a94b8bda04ff446dcedd42276fc99ee.php 第 162 行.
NOTIC: [8] Undefined index: uname /data/www/jquery/8/816/demo/Application/Runtime/Cache/Home/2a94b8bda04ff446dcedd42276fc99ee.php 第 147 行.
NOTIC: [8] Undefined variable: mtype /data/www/jquery/8/816/demo/Application/Runtime/Cache/Home/2a94b8bda04ff446dcedd42276fc99ee.php 第 162 行.
NOTIC: [8] Undefined index: uname /data/www/jquery/8/816/demo/Application/Runtime/Cache/Home/2a94b8bda04ff446dcedd42276fc99ee.php 第 147 行.
NOTIC: [8] Undefined variable: mtype /data/www/jquery/8/816/demo/Application/Runtime/Cache/Home/2a94b8bda04ff446dcedd42276fc99ee.php 第 162 行.
NOTIC: [8] Undefined index: uname /data/www/jquery/8/816/demo/Application/Runtime/Cache/Home/2a94b8bda04ff446dcedd42276fc99ee.php 第 147 行.
NOTIC: [8] Undefined variable: mtype /data/www/jquery/8/816/demo/Application/Runtime/Cache/Home/2a94b8bda04ff446dcedd42276fc99ee.php 第 162 行.
NOTIC: [8] Undefined index: uname /data/www/jquery/8/816/demo/Application/Runtime/Cache/Home/2a94b8bda04ff446dcedd42276fc99ee.php 第 147 行.
NOTIC: [8] Undefined variable: mtype /data/www/jquery/8/816/demo/Application/Runtime/Cache/Home/2a94b8bda04ff446dcedd42276fc99ee.php 第 162 行.
NOTIC: [8] Undefined variable: mtype /data/www/jquery/8/816/demo/Application/Runtime/Cache/Home/2a94b8bda04ff446dcedd42276fc99ee.php 第 183 行.
NOTIC: [8] Undefined index: uname /data/www/jquery/8/816/demo/Application/Runtime/Cache/Home/2a94b8bda04ff446dcedd42276fc99ee.php 第 147 行.
NOTIC: [8] Undefined variable: mtype /data/www/jquery/8/816/demo/Application/Runtime/Cache/Home/2a94b8bda04ff446dcedd42276fc99ee.php 第 162 行.
NOTIC: [8] Undefined index: uname /data/www/jquery/8/816/demo/Application/Runtime/Cache/Home/2a94b8bda04ff446dcedd42276fc99ee.php 第 147 行.
NOTIC: [8] Undefined variable: mtype /data/www/jquery/8/816/demo/Application/Runtime/Cache/Home/2a94b8bda04ff446dcedd42276fc99ee.php 第 162 行.
NOTIC: [8] Undefined index: uname /data/www/jquery/8/816/demo/Application/Runtime/Cache/Home/2a94b8bda04ff446dcedd42276fc99ee.php 第 147 行.
NOTIC: [8] Undefined variable: mtype /data/www/jquery/8/816/demo/Application/Runtime/Cache/Home/2a94b8bda04ff446dcedd42276fc99ee.php 第 162 行.
NOTIC: [8] Undefined index: uname /data/www/jquery/8/816/demo/Application/Runtime/Cache/Home/2a94b8bda04ff446dcedd42276fc99ee.php 第 147 行.
NOTIC: [8] Undefined variable: mtype /data/www/jquery/8/816/demo/Application/Runtime/Cache/Home/2a94b8bda04ff446dcedd42276fc99ee.php 第 162 行.
NOTIC: [8] Undefined variable: mtype /data/www/jquery/8/816/demo/Application/Runtime/Cache/Home/2a94b8bda04ff446dcedd42276fc99ee.php 第 192 行.
NOTIC: [8] Undefined variable: url_cur /data/www/jquery/8/816/demo/Application/Runtime/Cache/Home/2a94b8bda04ff446dcedd42276fc99ee.php 第 210 行.
NOTIC: [8] Undefined variable: mtype /data/www/jquery/8/816/demo/Application/Runtime/Cache/Home/2a94b8bda04ff446dcedd42276fc99ee.php 第 210 行.
INFO: Run Behavior\ParseTemplateBehavior [ RunTime:0.019864s ]
INFO: [ view_parse ] --END-- [ RunTime:0.019918s ]
INFO: [ view_filter ] --START--
INFO: Run Behavior\WriteHtmlCacheBehavior [ RunTime:0.000157s ]
INFO: [ view_filter ] --END-- [ RunTime:0.000192s ]
INFO: [ app_end ] --START--
INFO: Run Behavior\ShowPageTraceBehavior [ RunTime:0.000422s ]
INFO: [ app_end ] --END-- [ RunTime:0.000464s ]

[ 2016-09-22T14:45:02+08:00 ] 223.166.144.31 /jquery/8/816/demo/Ajax/isLogin
INFO: [ app_init ] --START--
INFO: Run Behavior\BuildLiteBehavior [ RunTime:0.000015s ]
INFO: [ app_init ] --END-- [ RunTime:0.000301s ]
INFO: [ app_begin ] --START--
INFO: Run Behavior\ReadHtmlCacheBehavior [ RunTime:0.000353s ]
INFO: [ app_begin ] --END-- [ RunTime:0.000395s ]
INFO: [ app_end ] --START--
INFO: Run Behavior\ShowPageTraceBehavior [ RunTime:0.000422s ]
INFO: [ app_end ] --END-- [ RunTime:0.000483s ]

[ 2016-09-22T14:45:06+08:00 ] 223.166.144.31 /jquery/8/816/demo/Ajax/subcomment
INFO: [ app_init ] --START--
INFO: Run Behavior\BuildLiteBehavior [ RunTime:0.000016s ]
INFO: [ app_init ] --END-- [ RunTime:0.000298s ]
INFO: [ app_begin ] --START--
INFO: Run Behavior\ReadHtmlCacheBehavior [ RunTime:0.000338s ]
INFO: [ app_begin ] --END-- [ RunTime:0.000380s ]
INFO: [ app_end ] --START--
INFO: Run Behavior\ShowPageTraceBehavior [ RunTime:0.000345s ]
INFO: [ app_end ] --END-- [ RunTime:0.000385s ]

[ 2016-09-22T14:59:26+08:00 ] 180.168.183.122 /jquery/8/816/demo/
INFO: [ app_init ] --START--
INFO: Run Behavior\BuildLiteBehavior [ RunTime:0.000013s ]
INFO: [ app_init ] --END-- [ RunTime:0.000287s ]
INFO: [ app_begin ] --START--
INFO: Run Behavior\ReadHtmlCacheBehavior [ RunTime:0.000380s ]
INFO: [ app_begin ] --END-- [ RunTime:0.000423s ]
SQL: SHOW COLUMNS FROM `sucai_comment` [ RunTime:0.0012s ]
SQL: SELECT COUNT(*) AS tp_count FROM `sucai_comment` WHERE ( pid=0 ) LIMIT 1   [ RunTime:0.0004s ]
NOTIC: [8] Undefined variable: p /data/www/jquery/8/816/demo/Application/Home/Controller/IndexController.class.php 第 14 行.
SQL: SELECT `id`,`uid`,`content`,`addtime` FROM `sucai_comment` WHERE ( pid=0 ) ORDER BY id DESC LIMIT 10   [ RunTime:0.0002s ]
SQL: SELECT `id`,`uid`,`content`,`pid_sub` FROM `sucai_comment` WHERE ( pid = 6045 ) ORDER BY id ASC  [ RunTime:0.0003s ]
SQL: SELECT `id`,`uid`,`content`,`pid_sub` FROM `sucai_comment` WHERE ( pid = 6044 ) ORDER BY id ASC  [ RunTime:0.0003s ]
SQL: SELECT `id`,`uid`,`content`,`pid_sub` FROM `sucai_comment` WHERE ( pid = 6043 ) ORDER BY id ASC  [ RunTime:0.0003s ]
SQL: SELECT `id`,`uid`,`content`,`pid_sub` FROM `sucai_comment` WHERE ( pid = 6042 ) ORDER BY id ASC  [ RunTime:0.0003s ]
SQL: SELECT `id`,`uid`,`content`,`pid_sub` FROM `sucai_comment` WHERE ( pid = 6041 ) ORDER BY id ASC  [ RunTime:0.0003s ]
SQL: SELECT `id`,`uid`,`content`,`pid_sub` FROM `sucai_comment` WHERE ( pid = 6039 ) ORDER BY id ASC  [ RunTime:0.0003s ]
SQL: SELECT `id`,`uid`,`content`,`pid_sub` FROM `sucai_comment` WHERE ( pid = 6038 ) ORDER BY id ASC  [ RunTime:0.0004s ]
SQL: SELECT `id`,`uid`,`content`,`pid_sub` FROM `sucai_comment` WHERE ( pid = 6037 ) ORDER BY id ASC  [ RunTime:0.0007s ]
SQL: SELECT `id`,`uid`,`content`,`pid_sub` FROM `sucai_comment` WHERE ( pid = 6036 ) ORDER BY id ASC  [ RunTime:0.0005s ]
SQL: SELECT `id`,`uid`,`content`,`pid_sub` FROM `sucai_comment` WHERE ( pid = 6035 ) ORDER BY id ASC  [ RunTime:0.0005s ]
SQL: SHOW COLUMNS FROM `sucai_emot` [ RunTime:0.0012s ]
NOTIC: [2] Missing argument 1 for Think\PageAjax::show(), called in /data/www/jquery/8/816/demo/Application/Home/Controller/IndexController.class.php on line 31 and defined /data/www/jquery/8/816/demo/ThinkPHP/Library/Think/PageAjax.class.php 第 77 行.
NOTIC: [8] Undefined variable: url_replace /data/www/jquery/8/816/demo/ThinkPHP/Library/Think/PageAjax.class.php 第 84 行.
INFO: [ view_parse ] --START--
INFO: [ template_filter ] --START--
INFO: Run Behavior\ContentReplaceBehavior [ RunTime:0.000136s ]
INFO: [ template_filter ] --END-- [ RunTime:0.000183s ]
NOTIC: [8] Undefined variable: msg_num /data/www/jquery/8/816/demo/Application/Runtime/Cache/Home/2a94b8bda04ff446dcedd42276fc99ee.php 第 18 行.
NOTIC: [8] Undefined variable: url_cur /data/www/jquery/8/816/demo/Application/Runtime/Cache/Home/2a94b8bda04ff446dcedd42276fc99ee.php 第 28 行.
NOTIC: [8] Undefined variable: control /data/www/jquery/8/816/demo/Application/Runtime/Cache/Home/2a94b8bda04ff446dcedd42276fc99ee.php 第 43 行.
NOTIC: [8] Undefined variable: control /data/www/jquery/8/816/demo/Application/Runtime/Cache/Home/2a94b8bda04ff446dcedd42276fc99ee.php 第 46 行.
NOTIC: [8] Undefined variable: url_cur /data/www/jquery/8/816/demo/Application/Runtime/Cache/Home/2a94b8bda04ff446dcedd42276fc99ee.php 第 55 行.
NOTIC: [8] Undefined variable: control /data/www/jquery/8/816/demo/Application/Runtime/Cache/Home/2a94b8bda04ff446dcedd42276fc99ee.php 第 56 行.
NOTIC: [8] Undefined variable: control /data/www/jquery/8/816/demo/Application/Runtime/Cache/Home/2a94b8bda04ff446dcedd42276fc99ee.php 第 102 行.
NOTIC: [8] Undefined variable: control /data/www/jquery/8/816/demo/Application/Runtime/Cache/Home/2a94b8bda04ff446dcedd42276fc99ee.php 第 103 行.
NOTIC: [8] Undefined variable: control /data/www/jquery/8/816/demo/Application/Runtime/Cache/Home/2a94b8bda04ff446dcedd42276fc99ee.php 第 104 行.
NOTIC: [8] Undefined variable: control /data/www/jquery/8/816/demo/Application/Runtime/Cache/Home/2a94b8bda04ff446dcedd42276fc99ee.php 第 105 行.
NOTIC: [8] Undefined variable: control /data/www/jquery/8/816/demo/Application/Runtime/Cache/Home/2a94b8bda04ff446dcedd42276fc99ee.php 第 106 行.
NOTIC: [8] Undefined variable: control /data/www/jquery/8/816/demo/Application/Runtime/Cache/Home/2a94b8bda04ff446dcedd42276fc99ee.php 第 107 行.
NOTIC: [8] Undefined variable: control /data/www/jquery/8/816/demo/Application/Runtime/Cache/Home/2a94b8bda04ff446dcedd42276fc99ee.php 第 108 行.
NOTIC: [8] Undefined variable: control /data/www/jquery/8/816/demo/Application/Runtime/Cache/Home/2a94b8bda04ff446dcedd42276fc99ee.php 第 109 行.
NOTIC: [8] Undefined variable: mtype /data/www/jquery/8/816/demo/Application/Runtime/Cache/Home/2a94b8bda04ff446dcedd42276fc99ee.php 第 138 行.
NOTIC: [8] Undefined index: uname /data/www/jquery/8/816/demo/Application/Runtime/Cache/Home/2a94b8bda04ff446dcedd42276fc99ee.php 第 147 行.
NOTIC: [8] Undefined variable: mtype /data/www/jquery/8/816/demo/Application/Runtime/Cache/Home/2a94b8bda04ff446dcedd42276fc99ee.php 第 162 行.
NOTIC: [8] Undefined index: uname /data/www/jquery/8/816/demo/Application/Runtime/Cache/Home/2a94b8bda04ff446dcedd42276fc99ee.php 第 147 行.
NOTIC: [8] Undefined variable: mtype /data/www/jquery/8/816/demo/Application/Runtime/Cache/Home/2a94b8bda04ff446dcedd42276fc99ee.php 第 162 行.
NOTIC: [8] Undefined index: uname /data/www/jquery/8/816/demo/Application/Runtime/Cache/Home/2a94b8bda04ff446dcedd42276fc99ee.php 第 147 行.
NOTIC: [8] Undefined variable: mtype /data/www/jquery/8/816/demo/Application/Runtime/Cache/Home/2a94b8bda04ff446dcedd42276fc99ee.php 第 162 行.
NOTIC: [8] Undefined index: uname /data/www/jquery/8/816/demo/Application/Runtime/Cache/Home/2a94b8bda04ff446dcedd42276fc99ee.php 第 147 行.
NOTIC: [8] Undefined variable: mtype /data/www/jquery/8/816/demo/Application/Runtime/Cache/Home/2a94b8bda04ff446dcedd42276fc99ee.php 第 162 行.
NOTIC: [8] Undefined index: uname /data/www/jquery/8/816/demo/Application/Runtime/Cache/Home/2a94b8bda04ff446dcedd42276fc99ee.php 第 147 行.
NOTIC: [8] Undefined variable: mtype /data/www/jquery/8/816/demo/Application/Runtime/Cache/Home/2a94b8bda04ff446dcedd42276fc99ee.php 第 162 行.
NOTIC: [8] Undefined index: uname /data/www/jquery/8/816/demo/Application/Runtime/Cache/Home/2a94b8bda04ff446dcedd42276fc99ee.php 第 147 行.
NOTIC: [8] Undefined variable: mtype /data/www/jquery/8/816/demo/Application/Runtime/Cache/Home/2a94b8bda04ff446dcedd42276fc99ee.php 第 162 行.
NOTIC: [8] Undefined variable: mtype /data/www/jquery/8/816/demo/Application/Runtime/Cache/Home/2a94b8bda04ff446dcedd42276fc99ee.php 第 183 行.
NOTIC: [8] Undefined index: uname /data/www/jquery/8/816/demo/Application/Runtime/Cache/Home/2a94b8bda04ff446dcedd42276fc99ee.php 第 147 行.
NOTIC: [8] Undefined variable: mtype /data/www/jquery/8/816/demo/Application/Runtime/Cache/Home/2a94b8bda04ff446dcedd42276fc99ee.php 第 162 行.
NOTIC: [8] Undefined index: uname /data/www/jquery/8/816/demo/Application/Runtime/Cache/Home/2a94b8bda04ff446dcedd42276fc99ee.php 第 147 行.
NOTIC: [8] Undefined variable: mtype /data/www/jquery/8/816/demo/Application/Runtime/Cache/Home/2a94b8bda04ff446dcedd42276fc99ee.php 第 162 行.
NOTIC: [8] Undefined index: uname /data/www/jquery/8/816/demo/Application/Runtime/Cache/Home/2a94b8bda04ff446dcedd42276fc99ee.php 第 147 行.
NOTIC: [8] Undefined variable: mtype /data/www/jquery/8/816/demo/Application/Runtime/Cache/Home/2a94b8bda04ff446dcedd42276fc99ee.php 第 162 行.
NOTIC: [8] Undefined index: uname /data/www/jquery/8/816/demo/Application/Runtime/Cache/Home/2a94b8bda04ff446dcedd42276fc99ee.php 第 147 行.
NOTIC: [8] Undefined variable: mtype /data/www/jquery/8/816/demo/Application/Runtime/Cache/Home/2a94b8bda04ff446dcedd42276fc99ee.php 第 162 行.
NOTIC: [8] Undefined variable: mtype /data/www/jquery/8/816/demo/Application/Runtime/Cache/Home/2a94b8bda04ff446dcedd42276fc99ee.php 第 192 行.
NOTIC: [8] Undefined variable: url_cur /data/www/jquery/8/816/demo/Application/Runtime/Cache/Home/2a94b8bda04ff446dcedd42276fc99ee.php 第 210 行.
NOTIC: [8] Undefined variable: mtype /data/www/jquery/8/816/demo/Application/Runtime/Cache/Home/2a94b8bda04ff446dcedd42276fc99ee.php 第 210 行.
INFO: Run Behavior\ParseTemplateBehavior [ RunTime:0.023111s ]
INFO: [ view_parse ] --END-- [ RunTime:0.023165s ]
INFO: [ view_filter ] --START--
INFO: Run Behavior\WriteHtmlCacheBehavior [ RunTime:0.000135s ]
INFO: [ view_filter ] --END-- [ RunTime:0.000170s ]
INFO: [ app_end ] --START--
INFO: Run Behavior\ShowPageTraceBehavior [ RunTime:0.000385s ]
INFO: [ app_end ] --END-- [ RunTime:0.000450s ]

[ 2016-09-22T14:59:28+08:00 ] 180.168.183.122 /jquery/8/816/demo/Ajax/isLogin
INFO: [ app_init ] --START--
INFO: Run Behavior\BuildLiteBehavior [ RunTime:0.000014s ]
INFO: [ app_init ] --END-- [ RunTime:0.000266s ]
INFO: [ app_begin ] --START--
INFO: Run Behavior\ReadHtmlCacheBehavior [ RunTime:0.000414s ]
INFO: [ app_begin ] --END-- [ RunTime:0.000477s ]
INFO: [ app_end ] --START--
INFO: Run Behavior\ShowPageTraceBehavior [ RunTime:0.000478s ]
INFO: [ app_end ] --END-- [ RunTime:0.000517s ]

[ 2016-09-22T14:59:32+08:00 ] 180.168.183.122 /jquery/8/816/demo/Ajax/subcomment
INFO: [ app_init ] --START--
INFO: Run Behavior\BuildLiteBehavior [ RunTime:0.000015s ]
INFO: [ app_init ] --END-- [ RunTime:0.000296s ]
INFO: [ app_begin ] --START--
INFO: Run Behavior\ReadHtmlCacheBehavior [ RunTime:0.000337s ]
INFO: [ app_begin ] --END-- [ RunTime:0.000379s ]

[ 2016-09-22T14:59:37+08:00 ] 180.168.183.122 /jquery/8/816/demo/Ajax/subcomment
INFO: [ app_init ] --START--
INFO: Run Behavior\BuildLiteBehavior [ RunTime:0.000013s ]
INFO: [ app_init ] --END-- [ RunTime:0.000273s ]
INFO: [ app_begin ] --START--
INFO: Run Behavior\ReadHtmlCacheBehavior [ RunTime:0.000343s ]
INFO: [ app_begin ] --END-- [ RunTime:0.000387s ]
SQL: SHOW COLUMNS FROM `sucai_comment` [ RunTime:0.0012s ]
SQL: SELECT `id` FROM `sucai_comment` WHERE ( content='ooooooooooo' ) LIMIT 1   [ RunTime:0.0004s ]
SQL: INSERT INTO `sucai_comment` (`uid`,`mtype`,`tid`,`pid`,`pid_sub`,`touid`,`addtime`,`content`) VALUES ('5120','0','1','0','0','2','1474527577','ooooooooooo') [ RunTime:0.0002s ]
SQL: SELECT COUNT(*) AS tp_count FROM `sucai_comment` WHERE ( uid = 5120 AND addtime between 1474473600 AND 1474560000 ) LIMIT 1   [ RunTime:0.0004s ]
INFO: [ app_end ] --START--
INFO: Run Behavior\ShowPageTraceBehavior [ RunTime:0.000425s ]
INFO: [ app_end ] --END-- [ RunTime:0.000466s ]

[ 2016-09-22T16:01:36+08:00 ] 115.207.183.45 /jquery/8/816/demo/
INFO: [ app_init ] --START--
INFO: Run Behavior\BuildLiteBehavior [ RunTime:0.000014s ]
INFO: [ app_init ] --END-- [ RunTime:0.000305s ]
INFO: [ app_begin ] --START--
INFO: Run Behavior\ReadHtmlCacheBehavior [ RunTime:0.000381s ]
INFO: [ app_begin ] --END-- [ RunTime:0.000426s ]
SQL: SHOW COLUMNS FROM `sucai_comment` [ RunTime:0.0013s ]
SQL: SELECT COUNT(*) AS tp_count FROM `sucai_comment` WHERE ( pid=0 ) LIMIT 1   [ RunTime:0.0004s ]
NOTIC: [8] Undefined variable: p /data/www/jquery/8/816/demo/Application/Home/Controller/IndexController.class.php 第 14 行.
SQL: SELECT `id`,`uid`,`content`,`addtime` FROM `sucai_comment` WHERE ( pid=0 ) ORDER BY id DESC LIMIT 10   [ RunTime:0.0002s ]
SQL: SELECT `id`,`uid`,`content`,`pid_sub` FROM `sucai_comment` WHERE ( pid = 6046 ) ORDER BY id ASC  [ RunTime:0.0004s ]
SQL: SELECT `id`,`uid`,`content`,`pid_sub` FROM `sucai_comment` WHERE ( pid = 6045 ) ORDER BY id ASC  [ RunTime:0.0003s ]
SQL: SELECT `id`,`uid`,`content`,`pid_sub` FROM `sucai_comment` WHERE ( pid = 6044 ) ORDER BY id ASC  [ RunTime:0.0003s ]
SQL: SELECT `id`,`uid`,`content`,`pid_sub` FROM `sucai_comment` WHERE ( pid = 6043 ) ORDER BY id ASC  [ RunTime:0.0003s ]
SQL: SELECT `id`,`uid`,`content`,`pid_sub` FROM `sucai_comment` WHERE ( pid = 6042 ) ORDER BY id ASC  [ RunTime:0.0003s ]
SQL: SELECT `id`,`uid`,`content`,`pid_sub` FROM `sucai_comment` WHERE ( pid = 6041 ) ORDER BY id ASC  [ RunTime:0.0003s ]
SQL: SELECT `id`,`uid`,`content`,`pid_sub` FROM `sucai_comment` WHERE ( pid = 6039 ) ORDER BY id ASC  [ RunTime:0.0003s ]
SQL: SELECT `id`,`uid`,`content`,`pid_sub` FROM `sucai_comment` WHERE ( pid = 6038 ) ORDER BY id ASC  [ RunTime:0.0003s ]
SQL: SELECT `id`,`uid`,`content`,`pid_sub` FROM `sucai_comment` WHERE ( pid = 6037 ) ORDER BY id ASC  [ RunTime:0.0003s ]
SQL: SELECT `id`,`uid`,`content`,`pid_sub` FROM `sucai_comment` WHERE ( pid = 6036 ) ORDER BY id ASC  [ RunTime:0.0003s ]
SQL: SHOW COLUMNS FROM `sucai_emot` [ RunTime:0.0008s ]
NOTIC: [2] Missing argument 1 for Think\PageAjax::show(), called in /data/www/jquery/8/816/demo/Application/Home/Controller/IndexController.class.php on line 31 and defined /data/www/jquery/8/816/demo/ThinkPHP/Library/Think/PageAjax.class.php 第 77 行.
NOTIC: [8] Undefined variable: url_replace /data/www/jquery/8/816/demo/ThinkPHP/Library/Think/PageAjax.class.php 第 84 行.
INFO: [ view_parse ] --START--
INFO: [ template_filter ] --START--
INFO: Run Behavior\ContentReplaceBehavior [ RunTime:0.000118s ]
INFO: [ template_filter ] --END-- [ RunTime:0.000180s ]
NOTIC: [8] Undefined variable: msg_num /data/www/jquery/8/816/demo/Application/Runtime/Cache/Home/2a94b8bda04ff446dcedd42276fc99ee.php 第 18 行.
NOTIC: [8] Undefined variable: url_cur /data/www/jquery/8/816/demo/Application/Runtime/Cache/Home/2a94b8bda04ff446dcedd42276fc99ee.php 第 28 行.
NOTIC: [8] Undefined variable: control /data/www/jquery/8/816/demo/Application/Runtime/Cache/Home/2a94b8bda04ff446dcedd42276fc99ee.php 第 43 行.
NOTIC: [8] Undefined variable: control /data/www/jquery/8/816/demo/Application/Runtime/Cache/Home/2a94b8bda04ff446dcedd42276fc99ee.php 第 46 行.
NOTIC: [8] Undefined variable: url_cur /data/www/jquery/8/816/demo/Application/Runtime/Cache/Home/2a94b8bda04ff446dcedd42276fc99ee.php 第 55 行.
NOTIC: [8] Undefined variable: control /data/www/jquery/8/816/demo/Application/Runtime/Cache/Home/2a94b8bda04ff446dcedd42276fc99ee.php 第 56 行.
NOTIC: [8] Undefined variable: control /data/www/jquery/8/816/demo/Application/Runtime/Cache/Home/2a94b8bda04ff446dcedd42276fc99ee.php 第 102 行.
NOTIC: [8] Undefined variable: control /data/www/jquery/8/816/demo/Application/Runtime/Cache/Home/2a94b8bda04ff446dcedd42276fc99ee.php 第 103 行.
NOTIC: [8] Undefined variable: control /data/www/jquery/8/816/demo/Application/Runtime/Cache/Home/2a94b8bda04ff446dcedd42276fc99ee.php 第 104 行.
NOTIC: [8] Undefined variable: control /data/www/jquery/8/816/demo/Application/Runtime/Cache/Home/2a94b8bda04ff446dcedd42276fc99ee.php 第 105 行.
NOTIC: [8] Undefined variable: control /data/www/jquery/8/816/demo/Application/Runtime/Cache/Home/2a94b8bda04ff446dcedd42276fc99ee.php 第 106 行.
NOTIC: [8] Undefined variable: control /data/www/jquery/8/816/demo/Application/Runtime/Cache/Home/2a94b8bda04ff446dcedd42276fc99ee.php 第 107 行.
NOTIC: [8] Undefined variable: control /data/www/jquery/8/816/demo/Application/Runtime/Cache/Home/2a94b8bda04ff446dcedd42276fc99ee.php 第 108 行.
NOTIC: [8] Undefined variable: control /data/www/jquery/8/816/demo/Application/Runtime/Cache/Home/2a94b8bda04ff446dcedd42276fc99ee.php 第 109 行.
NOTIC: [8] Undefined variable: mtype /data/www/jquery/8/816/demo/Application/Runtime/Cache/Home/2a94b8bda04ff446dcedd42276fc99ee.php 第 138 行.
NOTIC: [8] Undefined index: uname /data/www/jquery/8/816/demo/Application/Runtime/Cache/Home/2a94b8bda04ff446dcedd42276fc99ee.php 第 147 行.
NOTIC: [8] Undefined variable: mtype /data/www/jquery/8/816/demo/Application/Runtime/Cache/Home/2a94b8bda04ff446dcedd42276fc99ee.php 第 162 行.
NOTIC: [8] Undefined index: uname /data/www/jquery/8/816/demo/Application/Runtime/Cache/Home/2a94b8bda04ff446dcedd42276fc99ee.php 第 147 行.
NOTIC: [8] Undefined variable: mtype /data/www/jquery/8/816/demo/Application/Runtime/Cache/Home/2a94b8bda04ff446dcedd42276fc99ee.php 第 162 行.
NOTIC: [8] Undefined index: uname /data/www/jquery/8/816/demo/Application/Runtime/Cache/Home/2a94b8bda04ff446dcedd42276fc99ee.php 第 147 行.
NOTIC: [8] Undefined variable: mtype /data/www/jquery/8/816/demo/Application/Runtime/Cache/Home/2a94b8bda04ff446dcedd42276fc99ee.php 第 162 行.
NOTIC: [8] Undefined index: uname /data/www/jquery/8/816/demo/Application/Runtime/Cache/Home/2a94b8bda04ff446dcedd42276fc99ee.php 第 147 行.
NOTIC: [8] Undefined variable: mtype /data/www/jquery/8/816/demo/Application/Runtime/Cache/Home/2a94b8bda04ff446dcedd42276fc99ee.php 第 162 行.
NOTIC: [8] Undefined index: uname /data/www/jquery/8/816/demo/Application/Runtime/Cache/Home/2a94b8bda04ff446dcedd42276fc99ee.php 第 147 行.
NOTIC: [8] Undefined variable: mtype /data/www/jquery/8/816/demo/Application/Runtime/Cache/Home/2a94b8bda04ff446dcedd42276fc99ee.php 第 162 行.
NOTIC: [8] Undefined index: uname /data/www/jquery/8/816/demo/Application/Runtime/Cache/Home/2a94b8bda04ff446dcedd42276fc99ee.php 第 147 行.
NOTIC: [8] Undefined variable: mtype /data/www/jquery/8/816/demo/Application/Runtime/Cache/Home/2a94b8bda04ff446dcedd42276fc99ee.php 第 162 行.
NOTIC: [8] Undefined index: uname /data/www/jquery/8/816/demo/Application/Runtime/Cache/Home/2a94b8bda04ff446dcedd42276fc99ee.php 第 147 行.
NOTIC: [8] Undefined variable: mtype /data/www/jquery/8/816/demo/Application/Runtime/Cache/Home/2a94b8bda04ff446dcedd42276fc99ee.php 第 162 行.
NOTIC: [8] Undefined variable: mtype /data/www/jquery/8/816/demo/Application/Runtime/Cache/Home/2a94b8bda04ff446dcedd42276fc99ee.php 第 183 行.
NOTIC: [8] Undefined index: uname /data/www/jquery/8/816/demo/Application/Runtime/Cache/Home/2a94b8bda04ff446dcedd42276fc99ee.php 第 147 行.
NOTIC: [8] Undefined variable: mtype /data/www/jquery/8/816/demo/Application/Runtime/Cache/Home/2a94b8bda04ff446dcedd42276fc99ee.php 第 162 行.
NOTIC: [8] Undefined index: uname /data/www/jquery/8/816/demo/Application/Runtime/Cache/Home/2a94b8bda04ff446dcedd42276fc99ee.php 第 147 行.
NOTIC: [8] Undefined variable: mtype /data/www/jquery/8/816/demo/Application/Runtime/Cache/Home/2a94b8bda04ff446dcedd42276fc99ee.php 第 162 行.
NOTIC: [8] Undefined index: uname /data/www/jquery/8/816/demo/Application/Runtime/Cache/Home/2a94b8bda04ff446dcedd42276fc99ee.php 第 147 行.
NOTIC: [8] Undefined variable: mtype /data/www/jquery/8/816/demo/Application/Runtime/Cache/Home/2a94b8bda04ff446dcedd42276fc99ee.php 第 162 行.
NOTIC: [8] Undefined variable: mtype /data/www/jquery/8/816/demo/Application/Runtime/Cache/Home/2a94b8bda04ff446dcedd42276fc99ee.php 第 192 行.
NOTIC: [8] Undefined variable: url_cur /data/www/jquery/8/816/demo/Application/Runtime/Cache/Home/2a94b8bda04ff446dcedd42276fc99ee.php 第 210 行.
NOTIC: [8] Undefined variable: mtype /data/www/jquery/8/816/demo/Application/Runtime/Cache/Home/2a94b8bda04ff446dcedd42276fc99ee.php 第 210 行.
INFO: Run Behavior\ParseTemplateBehavior [ RunTime:0.020476s ]
INFO: [ view_parse ] --END-- [ RunTime:0.020516s ]
INFO: [ view_filter ] --START--
INFO: Run Behavior\WriteHtmlCacheBehavior [ RunTime:0.000182s ]
INFO: [ view_filter ] --END-- [ RunTime:0.000219s ]
INFO: [ app_end ] --START--
INFO: Run Behavior\ShowPageTraceBehavior [ RunTime:0.000462s ]
INFO: [ app_end ] --END-- [ RunTime:0.000509s ]

[ 2016-09-22T16:01:36+08:00 ] 115.207.183.45 /jquery/8/816/demo/Ajax/isLogin
INFO: [ app_init ] --START--
INFO: Run Behavior\BuildLiteBehavior [ RunTime:0.000014s ]
INFO: [ app_init ] --END-- [ RunTime:0.000277s ]
INFO: [ app_begin ] --START--
INFO: Run Behavior\ReadHtmlCacheBehavior [ RunTime:0.000344s ]
INFO: [ app_begin ] --END-- [ RunTime:0.000386s ]
INFO: [ app_end ] --START--
INFO: Run Behavior\ShowPageTraceBehavior [ RunTime:0.000350s ]
INFO: [ app_end ] --END-- [ RunTime:0.000390s ]

[ 2016-09-22T16:01:46+08:00 ] 115.207.183.45 /jquery/8/816/demo/Ajax/subcomment
INFO: [ app_init ] --START--
INFO: Run Behavior\BuildLiteBehavior [ RunTime:0.000017s ]
INFO: [ app_init ] --END-- [ RunTime:0.000291s ]
INFO: [ app_begin ] --START--
INFO: Run Behavior\ReadHtmlCacheBehavior [ RunTime:0.000369s ]
INFO: [ app_begin ] --END-- [ RunTime:0.000411s ]

[ 2016-09-22T16:01:50+08:00 ] 115.207.183.45 /jquery/8/816/demo/Ajax/subcomment
INFO: [ app_init ] --START--
INFO: Run Behavior\BuildLiteBehavior [ RunTime:0.000013s ]
INFO: [ app_init ] --END-- [ RunTime:0.000267s ]
INFO: [ app_begin ] --START--
INFO: Run Behavior\ReadHtmlCacheBehavior [ RunTime:0.000329s ]
INFO: [ app_begin ] --END-- [ RunTime:0.000370s ]
SQL: SHOW COLUMNS FROM `sucai_comment` [ RunTime:0.0012s ]
SQL: SELECT `id` FROM `sucai_comment` WHERE ( content='222wrwerewrerewerwer' ) LIMIT 1   [ RunTime:0.0004s ]
SQL: INSERT INTO `sucai_comment` (`uid`,`mtype`,`tid`,`pid`,`pid_sub`,`touid`,`addtime`,`content`) VALUES ('1525','0','1','0','0','2','1474531310','222wrwerewrerewerwer') [ RunTime:0.0002s ]
SQL: SELECT COUNT(*) AS tp_count FROM `sucai_comment` WHERE ( uid = 1525 AND addtime between 1474473600 AND 1474560000 ) LIMIT 1   [ RunTime:0.0003s ]
INFO: [ app_end ] --START--
INFO: Run Behavior\ShowPageTraceBehavior [ RunTime:0.000424s ]
INFO: [ app_end ] --END-- [ RunTime:0.000462s ]

[ 2016-09-22T17:24:12+08:00 ] 113.118.245.105 /jquery/8/816/demo/
INFO: [ app_init ] --START--
INFO: Run Behavior\BuildLiteBehavior [ RunTime:0.000016s ]
INFO: [ app_init ] --END-- [ RunTime:0.000315s ]
INFO: [ app_begin ] --START--
INFO: Run Behavior\ReadHtmlCacheBehavior [ RunTime:0.000393s ]
INFO: [ app_begin ] --END-- [ RunTime:0.000446s ]
SQL: SHOW COLUMNS FROM `sucai_comment` [ RunTime:0.0012s ]
SQL: SELECT COUNT(*) AS tp_count FROM `sucai_comment` WHERE ( pid=0 ) LIMIT 1   [ RunTime:0.0004s ]
NOTIC: [8] Undefined variable: p /data/www/jquery/8/816/demo/Application/Home/Controller/IndexController.class.php 第 14 行.
SQL: SELECT `id`,`uid`,`content`,`addtime` FROM `sucai_comment` WHERE ( pid=0 ) ORDER BY id DESC LIMIT 10   [ RunTime:0.0002s ]
SQL: SELECT `id`,`uid`,`content`,`pid_sub` FROM `sucai_comment` WHERE ( pid = 6047 ) ORDER BY id ASC  [ RunTime:0.0004s ]
SQL: SELECT `id`,`uid`,`content`,`pid_sub` FROM `sucai_comment` WHERE ( pid = 6046 ) ORDER BY id ASC  [ RunTime:0.0003s ]
SQL: SELECT `id`,`uid`,`content`,`pid_sub` FROM `sucai_comment` WHERE ( pid = 6045 ) ORDER BY id ASC  [ RunTime:0.0003s ]
SQL: SELECT `id`,`uid`,`content`,`pid_sub` FROM `sucai_comment` WHERE ( pid = 6044 ) ORDER BY id ASC  [ RunTime:0.0003s ]
SQL: SELECT `id`,`uid`,`content`,`pid_sub` FROM `sucai_comment` WHERE ( pid = 6043 ) ORDER BY id ASC  [ RunTime:0.0003s ]
SQL: SELECT `id`,`uid`,`content`,`pid_sub` FROM `sucai_comment` WHERE ( pid = 6042 ) ORDER BY id ASC  [ RunTime:0.0003s ]
SQL: SELECT `id`,`uid`,`content`,`pid_sub` FROM `sucai_comment` WHERE ( pid = 6041 ) ORDER BY id ASC  [ RunTime:0.0003s ]
SQL: SELECT `id`,`uid`,`content`,`pid_sub` FROM `sucai_comment` WHERE ( pid = 6039 ) ORDER BY id ASC  [ RunTime:0.0003s ]
SQL: SELECT `id`,`uid`,`content`,`pid_sub` FROM `sucai_comment` WHERE ( pid = 6038 ) ORDER BY id ASC  [ RunTime:0.0003s ]
SQL: SELECT `id`,`uid`,`content`,`pid_sub` FROM `sucai_comment` WHERE ( pid = 6037 ) ORDER BY id ASC  [ RunTime:0.0003s ]
SQL: SHOW COLUMNS FROM `sucai_emot` [ RunTime:0.0007s ]
NOTIC: [2] Missing argument 1 for Think\PageAjax::show(), called in /data/www/jquery/8/816/demo/Application/Home/Controller/IndexController.class.php on line 31 and defined /data/www/jquery/8/816/demo/ThinkPHP/Library/Think/PageAjax.class.php 第 77 行.
NOTIC: [8] Undefined variable: url_replace /data/www/jquery/8/816/demo/ThinkPHP/Library/Think/PageAjax.class.php 第 84 行.
INFO: [ view_parse ] --START--
INFO: [ template_filter ] --START--
INFO: Run Behavior\ContentReplaceBehavior [ RunTime:0.000166s ]
INFO: [ template_filter ] --END-- [ RunTime:0.000234s ]
NOTIC: [8] Undefined variable: msg_num /data/www/jquery/8/816/demo/Application/Runtime/Cache/Home/2a94b8bda04ff446dcedd42276fc99ee.php 第 18 行.
NOTIC: [8] Undefined variable: url_cur /data/www/jquery/8/816/demo/Application/Runtime/Cache/Home/2a94b8bda04ff446dcedd42276fc99ee.php 第 28 行.
NOTIC: [8] Undefined variable: control /data/www/jquery/8/816/demo/Application/Runtime/Cache/Home/2a94b8bda04ff446dcedd42276fc99ee.php 第 43 行.
NOTIC: [8] Undefined variable: control /data/www/jquery/8/816/demo/Application/Runtime/Cache/Home/2a94b8bda04ff446dcedd42276fc99ee.php 第 46 行.
NOTIC: [8] Undefined variable: url_cur /data/www/jquery/8/816/demo/Application/Runtime/Cache/Home/2a94b8bda04ff446dcedd42276fc99ee.php 第 55 行.
NOTIC: [8] Undefined variable: control /data/www/jquery/8/816/demo/Application/Runtime/Cache/Home/2a94b8bda04ff446dcedd42276fc99ee.php 第 56 行.
NOTIC: [8] Undefined variable: control /data/www/jquery/8/816/demo/Application/Runtime/Cache/Home/2a94b8bda04ff446dcedd42276fc99ee.php 第 102 行.
NOTIC: [8] Undefined variable: control /data/www/jquery/8/816/demo/Application/Runtime/Cache/Home/2a94b8bda04ff446dcedd42276fc99ee.php 第 103 行.
NOTIC: [8] Undefined variable: control /data/www/jquery/8/816/demo/Application/Runtime/Cache/Home/2a94b8bda04ff446dcedd42276fc99ee.php 第 104 行.
NOTIC: [8] Undefined variable: control /data/www/jquery/8/816/demo/Application/Runtime/Cache/Home/2a94b8bda04ff446dcedd42276fc99ee.php 第 105 行.
NOTIC: [8] Undefined variable: control /data/www/jquery/8/816/demo/Application/Runtime/Cache/Home/2a94b8bda04ff446dcedd42276fc99ee.php 第 106 行.
NOTIC: [8] Undefined variable: control /data/www/jquery/8/816/demo/Application/Runtime/Cache/Home/2a94b8bda04ff446dcedd42276fc99ee.php 第 107 行.
NOTIC: [8] Undefined variable: control /data/www/jquery/8/816/demo/Application/Runtime/Cache/Home/2a94b8bda04ff446dcedd42276fc99ee.php 第 108 行.
NOTIC: [8] Undefined variable: control /data/www/jquery/8/816/demo/Application/Runtime/Cache/Home/2a94b8bda04ff446dcedd42276fc99ee.php 第 109 行.
NOTIC: [8] Undefined variable: mtype /data/www/jquery/8/816/demo/Application/Runtime/Cache/Home/2a94b8bda04ff446dcedd42276fc99ee.php 第 138 行.
NOTIC: [8] Undefined index: uname /data/www/jquery/8/816/demo/Application/Runtime/Cache/Home/2a94b8bda04ff446dcedd42276fc99ee.php 第 147 行.
NOTIC: [8] Undefined variable: mtype /data/www/jquery/8/816/demo/Application/Runtime/Cache/Home/2a94b8bda04ff446dcedd42276fc99ee.php 第 162 行.
NOTIC: [8] Undefined index: uname /data/www/jquery/8/816/demo/Application/Runtime/Cache/Home/2a94b8bda04ff446dcedd42276fc99ee.php 第 147 行.
NOTIC: [8] Undefined variable: mtype /data/www/jquery/8/816/demo/Application/Runtime/Cache/Home/2a94b8bda04ff446dcedd42276fc99ee.php 第 162 行.
NOTIC: [8] Undefined index: uname /data/www/jquery/8/816/demo/Application/Runtime/Cache/Home/2a94b8bda04ff446dcedd42276fc99ee.php 第 147 行.
NOTIC: [8] Undefined variable: mtype /data/www/jquery/8/816/demo/Application/Runtime/Cache/Home/2a94b8bda04ff446dcedd42276fc99ee.php 第 162 行.
NOTIC: [8] Undefined index: uname /data/www/jquery/8/816/demo/Application/Runtime/Cache/Home/2a94b8bda04ff446dcedd42276fc99ee.php 第 147 行.
NOTIC: [8] Undefined variable: mtype /data/www/jquery/8/816/demo/Application/Runtime/Cache/Home/2a94b8bda04ff446dcedd42276fc99ee.php 第 162 行.
NOTIC: [8] Undefined index: uname /data/www/jquery/8/816/demo/Application/Runtime/Cache/Home/2a94b8bda04ff446dcedd42276fc99ee.php 第 147 行.
NOTIC: [8] Undefined variable: mtype /data/www/jquery/8/816/demo/Application/Runtime/Cache/Home/2a94b8bda04ff446dcedd42276fc99ee.php 第 162 行.
NOTIC: [8] Undefined index: uname /data/www/jquery/8/816/demo/Application/Runtime/Cache/Home/2a94b8bda04ff446dcedd42276fc99ee.php 第 147 行.
NOTIC: [8] Undefined variable: mtype /data/www/jquery/8/816/demo/Application/Runtime/Cache/Home/2a94b8bda04ff446dcedd42276fc99ee.php 第 162 行.
NOTIC: [8] Undefined index: uname /data/www/jquery/8/816/demo/Application/Runtime/Cache/Home/2a94b8bda04ff446dcedd42276fc99ee.php 第 147 行.
NOTIC: [8] Undefined variable: mtype /data/www/jquery/8/816/demo/Application/Runtime/Cache/Home/2a94b8bda04ff446dcedd42276fc99ee.php 第 162 行.
NOTIC: [8] Undefined index: uname /data/www/jquery/8/816/demo/Application/Runtime/Cache/Home/2a94b8bda04ff446dcedd42276fc99ee.php 第 147 行.
NOTIC: [8] Undefined variable: mtype /data/www/jquery/8/816/demo/Application/Runtime/Cache/Home/2a94b8bda04ff446dcedd42276fc99ee.php 第 162 行.
NOTIC: [8] Undefined variable: mtype /data/www/jquery/8/816/demo/Application/Runtime/Cache/Home/2a94b8bda04ff446dcedd42276fc99ee.php 第 183 行.
NOTIC: [8] Undefined index: uname /data/www/jquery/8/816/demo/Application/Runtime/Cache/Home/2a94b8bda04ff446dcedd42276fc99ee.php 第 147 行.
NOTIC: [8] Undefined variable: mtype /data/www/jquery/8/816/demo/Application/Runtime/Cache/Home/2a94b8bda04ff446dcedd42276fc99ee.php 第 162 行.
NOTIC: [8] Undefined index: uname /data/www/jquery/8/816/demo/Application/Runtime/Cache/Home/2a94b8bda04ff446dcedd42276fc99ee.php 第 147 行.
NOTIC: [8] Undefined variable: mtype /data/www/jquery/8/816/demo/Application/Runtime/Cache/Home/2a94b8bda04ff446dcedd42276fc99ee.php 第 162 行.
NOTIC: [8] Undefined variable: mtype /data/www/jquery/8/816/demo/Application/Runtime/Cache/Home/2a94b8bda04ff446dcedd42276fc99ee.php 第 192 行.
NOTIC: [8] Undefined variable: url_cur /data/www/jquery/8/816/demo/Application/Runtime/Cache/Home/2a94b8bda04ff446dcedd42276fc99ee.php 第 210 行.
NOTIC: [8] Undefined variable: mtype /data/www/jquery/8/816/demo/Application/Runtime/Cache/Home/2a94b8bda04ff446dcedd42276fc99ee.php 第 210 行.
INFO: Run Behavior\ParseTemplateBehavior [ RunTime:0.022672s ]
INFO: [ view_parse ] --END-- [ RunTime:0.022744s ]
INFO: [ view_filter ] --START--
INFO: Run Behavior\WriteHtmlCacheBehavior [ RunTime:0.000173s ]
INFO: [ view_filter ] --END-- [ RunTime:0.000208s ]
INFO: [ app_end ] --START--
INFO: Run Behavior\ShowPageTraceBehavior [ RunTime:0.000449s ]
INFO: [ app_end ] --END-- [ RunTime:0.000492s ]

[ 2016-09-22T17:24:13+08:00 ] 113.118.245.105 /jquery/8/816/demo/Ajax/isLogin
INFO: [ app_init ] --START--
INFO: Run Behavior\BuildLiteBehavior [ RunTime:0.000013s ]
INFO: [ app_init ] --END-- [ RunTime:0.000270s ]
INFO: [ app_begin ] --START--
INFO: Run Behavior\ReadHtmlCacheBehavior [ RunTime:0.000369s ]
INFO: [ app_begin ] --END-- [ RunTime:0.000411s ]
INFO: [ app_end ] --START--
INFO: Run Behavior\ShowPageTraceBehavior [ RunTime:0.000373s ]
INFO: [ app_end ] --END-- [ RunTime:0.000413s ]

[ 2016-09-22T17:24:35+08:00 ] 113.118.245.105 /jquery/8/816/demo/
INFO: [ app_init ] --START--
INFO: Run Behavior\BuildLiteBehavior [ RunTime:0.000015s ]
INFO: [ app_init ] --END-- [ RunTime:0.000304s ]
INFO: [ app_begin ] --START--
INFO: Run Behavior\ReadHtmlCacheBehavior [ RunTime:0.000356s ]
INFO: [ app_begin ] --END-- [ RunTime:0.000406s ]
SQL: SHOW COLUMNS FROM `sucai_comment` [ RunTime:0.0012s ]
SQL: SELECT COUNT(*) AS tp_count FROM `sucai_comment` WHERE ( pid=0 ) LIMIT 1   [ RunTime:0.0004s ]
NOTIC: [8] Undefined variable: p /data/www/jquery/8/816/demo/Application/Home/Controller/IndexController.class.php 第 14 行.
SQL: SELECT `id`,`uid`,`content`,`addtime` FROM `sucai_comment` WHERE ( pid=0 ) ORDER BY id DESC LIMIT 10   [ RunTime:0.0002s ]
SQL: SELECT `id`,`uid`,`content`,`pid_sub` FROM `sucai_comment` WHERE ( pid = 6047 ) ORDER BY id ASC  [ RunTime:0.0003s ]
SQL: SELECT `id`,`uid`,`content`,`pid_sub` FROM `sucai_comment` WHERE ( pid = 6046 ) ORDER BY id ASC  [ RunTime:0.0003s ]
SQL: SELECT `id`,`uid`,`content`,`pid_sub` FROM `sucai_comment` WHERE ( pid = 6045 ) ORDER BY id ASC  [ RunTime:0.0003s ]
SQL: SELECT `id`,`uid`,`content`,`pid_sub` FROM `sucai_comment` WHERE ( pid = 6044 ) ORDER BY id ASC  [ RunTime:0.0005s ]
SQL: SELECT `id`,`uid`,`content`,`pid_sub` FROM `sucai_comment` WHERE ( pid = 6043 ) ORDER BY id ASC  [ RunTime:0.0005s ]
SQL: SELECT `id`,`uid`,`content`,`pid_sub` FROM `sucai_comment` WHERE ( pid = 6042 ) ORDER BY id ASC  [ RunTime:0.0006s ]
SQL: SELECT `id`,`uid`,`content`,`pid_sub` FROM `sucai_comment` WHERE ( pid = 6041 ) ORDER BY id ASC  [ RunTime:0.0006s ]
SQL: SELECT `id`,`uid`,`content`,`pid_sub` FROM `sucai_comment` WHERE ( pid = 6039 ) ORDER BY id ASC  [ RunTime:0.0005s ]
SQL: SELECT `id`,`uid`,`content`,`pid_sub` FROM `sucai_comment` WHERE ( pid = 6038 ) ORDER BY id ASC  [ RunTime:0.0003s ]
SQL: SELECT `id`,`uid`,`content`,`pid_sub` FROM `sucai_comment` WHERE ( pid = 6037 ) ORDER BY id ASC  [ RunTime:0.0003s ]
SQL: SHOW COLUMNS FROM `sucai_emot` [ RunTime:0.0007s ]
NOTIC: [2] Missing argument 1 for Think\PageAjax::show(), called in /data/www/jquery/8/816/demo/Application/Home/Controller/IndexController.class.php on line 31 and defined /data/www/jquery/8/816/demo/ThinkPHP/Library/Think/PageAjax.class.php 第 77 行.
NOTIC: [8] Undefined variable: url_replace /data/www/jquery/8/816/demo/ThinkPHP/Library/Think/PageAjax.class.php 第 84 行.
INFO: [ view_parse ] --START--
INFO: [ template_filter ] --START--
INFO: Run Behavior\ContentReplaceBehavior [ RunTime:0.000137s ]
INFO: [ template_filter ] --END-- [ RunTime:0.000194s ]
NOTIC: [8] Undefined variable: msg_num /data/www/jquery/8/816/demo/Application/Runtime/Cache/Home/2a94b8bda04ff446dcedd42276fc99ee.php 第 18 行.
NOTIC: [8] Undefined variable: url_cur /data/www/jquery/8/816/demo/Application/Runtime/Cache/Home/2a94b8bda04ff446dcedd42276fc99ee.php 第 28 行.
NOTIC: [8] Undefined variable: control /data/www/jquery/8/816/demo/Application/Runtime/Cache/Home/2a94b8bda04ff446dcedd42276fc99ee.php 第 43 行.
NOTIC: [8] Undefined variable: control /data/www/jquery/8/816/demo/Application/Runtime/Cache/Home/2a94b8bda04ff446dcedd42276fc99ee.php 第 46 行.
NOTIC: [8] Undefined variable: url_cur /data/www/jquery/8/816/demo/Application/Runtime/Cache/Home/2a94b8bda04ff446dcedd42276fc99ee.php 第 55 行.
NOTIC: [8] Undefined variable: control /data/www/jquery/8/816/demo/Application/Runtime/Cache/Home/2a94b8bda04ff446dcedd42276fc99ee.php 第 56 行.
NOTIC: [8] Undefined variable: control /data/www/jquery/8/816/demo/Application/Runtime/Cache/Home/2a94b8bda04ff446dcedd42276fc99ee.php 第 102 行.
NOTIC: [8] Undefined variable: control /data/www/jquery/8/816/demo/Application/Runtime/Cache/Home/2a94b8bda04ff446dcedd42276fc99ee.php 第 103 行.
NOTIC: [8] Undefined variable: control /data/www/jquery/8/816/demo/Application/Runtime/Cache/Home/2a94b8bda04ff446dcedd42276fc99ee.php 第 104 行.
NOTIC: [8] Undefined variable: control /data/www/jquery/8/816/demo/Application/Runtime/Cache/Home/2a94b8bda04ff446dcedd42276fc99ee.php 第 105 行.
NOTIC: [8] Undefined variable: control /data/www/jquery/8/816/demo/Application/Runtime/Cache/Home/2a94b8bda04ff446dcedd42276fc99ee.php 第 106 行.
NOTIC: [8] Undefined variable: control /data/www/jquery/8/816/demo/Application/Runtime/Cache/Home/2a94b8bda04ff446dcedd42276fc99ee.php 第 107 行.
NOTIC: [8] Undefined variable: control /data/www/jquery/8/816/demo/Application/Runtime/Cache/Home/2a94b8bda04ff446dcedd42276fc99ee.php 第 108 行.
NOTIC: [8] Undefined variable: control /data/www/jquery/8/816/demo/Application/Runtime/Cache/Home/2a94b8bda04ff446dcedd42276fc99ee.php 第 109 行.
NOTIC: [8] Undefined variable: mtype /data/www/jquery/8/816/demo/Application/Runtime/Cache/Home/2a94b8bda04ff446dcedd42276fc99ee.php 第 138 行.
NOTIC: [8] Undefined index: uname /data/www/jquery/8/816/demo/Application/Runtime/Cache/Home/2a94b8bda04ff446dcedd42276fc99ee.php 第 147 行.
NOTIC: [8] Undefined variable: mtype /data/www/jquery/8/816/demo/Application/Runtime/Cache/Home/2a94b8bda04ff446dcedd42276fc99ee.php 第 162 行.
NOTIC: [8] Undefined index: uname /data/www/jquery/8/816/demo/Application/Runtime/Cache/Home/2a94b8bda04ff446dcedd42276fc99ee.php 第 147 行.
NOTIC: [8] Undefined variable: mtype /data/www/jquery/8/816/demo/Application/Runtime/Cache/Home/2a94b8bda04ff446dcedd42276fc99ee.php 第 162 行.
NOTIC: [8] Undefined index: uname /data/www/jquery/8/816/demo/Application/Runtime/Cache/Home/2a94b8bda04ff446dcedd42276fc99ee.php 第 147 行.
NOTIC: [8] Undefined variable: mtype /data/www/jquery/8/816/demo/Application/Runtime/Cache/Home/2a94b8bda04ff446dcedd42276fc99ee.php 第 162 行.
NOTIC: [8] Undefined index: uname /data/www/jquery/8/816/demo/Application/Runtime/Cache/Home/2a94b8bda04ff446dcedd42276fc99ee.php 第 147 行.
NOTIC: [8] Undefined variable: mtype /data/www/jquery/8/816/demo/Application/Runtime/Cache/Home/2a94b8bda04ff446dcedd42276fc99ee.php 第 162 行.
NOTIC: [8] Undefined index: uname /data/www/jquery/8/816/demo/Application/Runtime/Cache/Home/2a94b8bda04ff446dcedd42276fc99ee.php 第 147 行.
NOTIC: [8] Undefined variable: mtype /data/www/jquery/8/816/demo/Application/Runtime/Cache/Home/2a94b8bda04ff446dcedd42276fc99ee.php 第 162 行.
NOTIC: [8] Undefined index: uname /data/www/jquery/8/816/demo/Application/Runtime/Cache/Home/2a94b8bda04ff446dcedd42276fc99ee.php 第 147 行.
NOTIC: [8] Undefined variable: mtype /data/www/jquery/8/816/demo/Application/Runtime/Cache/Home/2a94b8bda04ff446dcedd42276fc99ee.php 第 162 行.
NOTIC: [8] Undefined index: uname /data/www/jquery/8/816/demo/Application/Runtime/Cache/Home/2a94b8bda04ff446dcedd42276fc99ee.php 第 147 行.
NOTIC: [8] Undefined variable: mtype /data/www/jquery/8/816/demo/Application/Runtime/Cache/Home/2a94b8bda04ff446dcedd42276fc99ee.php 第 162 行.
NOTIC: [8] Undefined index: uname /data/www/jquery/8/816/demo/Application/Runtime/Cache/Home/2a94b8bda04ff446dcedd42276fc99ee.php 第 147 行.
NOTIC: [8] Undefined variable: mtype /data/www/jquery/8/816/demo/Application/Runtime/Cache/Home/2a94b8bda04ff446dcedd42276fc99ee.php 第 162 行.
NOTIC: [8] Undefined variable: mtype /data/www/jquery/8/816/demo/Application/Runtime/Cache/Home/2a94b8bda04ff446dcedd42276fc99ee.php 第 183 行.
NOTIC: [8] Undefined index: uname /data/www/jquery/8/816/demo/Application/Runtime/Cache/Home/2a94b8bda04ff446dcedd42276fc99ee.php 第 147 行.
NOTIC: [8] Undefined variable: mtype /data/www/jquery/8/816/demo/Application/Runtime/Cache/Home/2a94b8bda04ff446dcedd42276fc99ee.php 第 162 行.
NOTIC: [8] Undefined index: uname /data/www/jquery/8/816/demo/Application/Runtime/Cache/Home/2a94b8bda04ff446dcedd42276fc99ee.php 第 147 行.
NOTIC: [8] Undefined variable: mtype /data/www/jquery/8/816/demo/Application/Runtime/Cache/Home/2a94b8bda04ff446dcedd42276fc99ee.php 第 162 行.
NOTIC: [8] Undefined variable: mtype /data/www/jquery/8/816/demo/Application/Runtime/Cache/Home/2a94b8bda04ff446dcedd42276fc99ee.php 第 192 行.
NOTIC: [8] Undefined variable: url_cur /data/www/jquery/8/816/demo/Application/Runtime/Cache/Home/2a94b8bda04ff446dcedd42276fc99ee.php 第 210 行.
NOTIC: [8] Undefined variable: mtype /data/www/jquery/8/816/demo/Application/Runtime/Cache/Home/2a94b8bda04ff446dcedd42276fc99ee.php 第 210 行.
INFO: Run Behavior\ParseTemplateBehavior [ RunTime:0.020194s ]
INFO: [ view_parse ] --END-- [ RunTime:0.020237s ]
INFO: [ view_filter ] --START--
INFO: Run Behavior\WriteHtmlCacheBehavior [ RunTime:0.000150s ]
INFO: [ view_filter ] --END-- [ RunTime:0.000185s ]
INFO: [ app_end ] --START--
INFO: Run Behavior\ShowPageTraceBehavior [ RunTime:0.000442s ]
INFO: [ app_end ] --END-- [ RunTime:0.000508s ]

[ 2016-09-22T17:24:35+08:00 ] 113.118.245.105 /jquery/8/816/demo/Ajax/isLogin
INFO: [ app_init ] --START--
INFO: Run Behavior\BuildLiteBehavior [ RunTime:0.000013s ]
INFO: [ app_init ] --END-- [ RunTime:0.000283s ]
INFO: [ app_begin ] --START--
INFO: Run Behavior\ReadHtmlCacheBehavior [ RunTime:0.000353s ]
INFO: [ app_begin ] --END-- [ RunTime:0.000395s ]
INFO: [ app_end ] --START--
INFO: Run Behavior\ShowPageTraceBehavior [ RunTime:0.000349s ]
INFO: [ app_end ] --END-- [ RunTime:0.000389s ]

[ 2016-09-22T22:37:04+08:00 ] 42.156.139.79 /jquery/8/816/demo/space/uid/4071
INFO: [ app_init ] --START--
INFO: Run Behavior\BuildLiteBehavior [ RunTime:0.000013s ]
INFO: [ app_init ] --END-- [ RunTime:0.000270s ]
INFO: [ app_begin ] --START--
INFO: Run Behavior\ReadHtmlCacheBehavior [ RunTime:0.000346s ]
INFO: [ app_begin ] --END-- [ RunTime:0.000393s ]
ERR: 无法加载控制器:Space

[ 2016-09-22T23:33:46+08:00 ] 222.70.11.48 /jquery/8/816/demo/
INFO: [ app_init ] --START--
INFO: Run Behavior\BuildLiteBehavior [ RunTime:0.000017s ]
INFO: [ app_init ] --END-- [ RunTime:0.000299s ]
INFO: [ app_begin ] --START--
INFO: Run Behavior\ReadHtmlCacheBehavior [ RunTime:0.000346s ]
INFO: [ app_begin ] --END-- [ RunTime:0.000388s ]
SQL: SHOW COLUMNS FROM `sucai_comment` [ RunTime:0.0015s ]
SQL: SELECT COUNT(*) AS tp_count FROM `sucai_comment` WHERE ( pid=0 ) LIMIT 1   [ RunTime:0.0004s ]
NOTIC: [8] Undefined variable: p /data/www/jquery/8/816/demo/Application/Home/Controller/IndexController.class.php 第 14 行.
SQL: SELECT `id`,`uid`,`content`,`addtime` FROM `sucai_comment` WHERE ( pid=0 ) ORDER BY id DESC LIMIT 10   [ RunTime:0.0002s ]
SQL: SELECT `id`,`uid`,`content`,`pid_sub` FROM `sucai_comment` WHERE ( pid = 6047 ) ORDER BY id ASC  [ RunTime:0.0003s ]
SQL: SELECT `id`,`uid`,`content`,`pid_sub` FROM `sucai_comment` WHERE ( pid = 6046 ) ORDER BY id ASC  [ RunTime:0.0003s ]
SQL: SELECT `id`,`uid`,`content`,`pid_sub` FROM `sucai_comment` WHERE ( pid = 6045 ) ORDER BY id ASC  [ RunTime:0.0006s ]
SQL: SELECT `id`,`uid`,`content`,`pid_sub` FROM `sucai_comment` WHERE ( pid = 6044 ) ORDER BY id ASC  [ RunTime:0.0005s ]
SQL: SELECT `id`,`uid`,`content`,`pid_sub` FROM `sucai_comment` WHERE ( pid = 6043 ) ORDER BY id ASC  [ RunTime:0.0004s ]
SQL: SELECT `id`,`uid`,`content`,`pid_sub` FROM `sucai_comment` WHERE ( pid = 6042 ) ORDER BY id ASC  [ RunTime:0.0003s ]
SQL: SELECT `id`,`uid`,`content`,`pid_sub` FROM `sucai_comment` WHERE ( pid = 6041 ) ORDER BY id ASC  [ RunTime:0.0003s ]
SQL: SELECT `id`,`uid`,`content`,`pid_sub` FROM `sucai_comment` WHERE ( pid = 6039 ) ORDER BY id ASC  [ RunTime:0.0003s ]
SQL: SELECT `id`,`uid`,`content`,`pid_sub` FROM `sucai_comment` WHERE ( pid = 6038 ) ORDER BY id ASC  [ RunTime:0.0003s ]
SQL: SELECT `id`,`uid`,`content`,`pid_sub` FROM `sucai_comment` WHERE ( pid = 6037 ) ORDER BY id ASC  [ RunTime:0.0003s ]
SQL: SHOW COLUMNS FROM `sucai_emot` [ RunTime:0.0010s ]
NOTIC: [2] Missing argument 1 for Think\PageAjax::show(), called in /data/www/jquery/8/816/demo/Application/Home/Controller/IndexController.class.php on line 31 and defined /data/www/jquery/8/816/demo/ThinkPHP/Library/Think/PageAjax.class.php 第 77 行.
NOTIC: [8] Undefined variable: url_replace /data/www/jquery/8/816/demo/ThinkPHP/Library/Think/PageAjax.class.php 第 84 行.
INFO: [ view_parse ] --START--
INFO: [ template_filter ] --START--
INFO: Run Behavior\ContentReplaceBehavior [ RunTime:0.000127s ]
INFO: [ template_filter ] --END-- [ RunTime:0.000178s ]
NOTIC: [8] Undefined variable: msg_num /data/www/jquery/8/816/demo/Application/Runtime/Cache/Home/2a94b8bda04ff446dcedd42276fc99ee.php 第 18 行.
NOTIC: [8] Undefined variable: url_cur /data/www/jquery/8/816/demo/Application/Runtime/Cache/Home/2a94b8bda04ff446dcedd42276fc99ee.php 第 28 行.
NOTIC: [8] Undefined variable: control /data/www/jquery/8/816/demo/Application/Runtime/Cache/Home/2a94b8bda04ff446dcedd42276fc99ee.php 第 43 行.
NOTIC: [8] Undefined variable: control /data/www/jquery/8/816/demo/Application/Runtime/Cache/Home/2a94b8bda04ff446dcedd42276fc99ee.php 第 46 行.
NOTIC: [8] Undefined variable: url_cur /data/www/jquery/8/816/demo/Application/Runtime/Cache/Home/2a94b8bda04ff446dcedd42276fc99ee.php 第 55 行.
NOTIC: [8] Undefined variable: control /data/www/jquery/8/816/demo/Application/Runtime/Cache/Home/2a94b8bda04ff446dcedd42276fc99ee.php 第 56 行.
NOTIC: [8] Undefined variable: control /data/www/jquery/8/816/demo/Application/Runtime/Cache/Home/2a94b8bda04ff446dcedd42276fc99ee.php 第 102 行.
NOTIC: [8] Undefined variable: control /data/www/jquery/8/816/demo/Application/Runtime/Cache/Home/2a94b8bda04ff446dcedd42276fc99ee.php 第 103 行.
NOTIC: [8] Undefined variable: control /data/www/jquery/8/816/demo/Application/Runtime/Cache/Home/2a94b8bda04ff446dcedd42276fc99ee.php 第 104 行.
NOTIC: [8] Undefined variable: control /data/www/jquery/8/816/demo/Application/Runtime/Cache/Home/2a94b8bda04ff446dcedd42276fc99ee.php 第 105 行.
NOTIC: [8] Undefined variable: control /data/www/jquery/8/816/demo/Application/Runtime/Cache/Home/2a94b8bda04ff446dcedd42276fc99ee.php 第 106 行.
NOTIC: [8] Undefined variable: control /data/www/jquery/8/816/demo/Application/Runtime/Cache/Home/2a94b8bda04ff446dcedd42276fc99ee.php 第 107 行.
NOTIC: [8] Undefined variable: control /data/www/jquery/8/816/demo/Application/Runtime/Cache/Home/2a94b8bda04ff446dcedd42276fc99ee.php 第 108 行.
NOTIC: [8] Undefined variable: control /data/www/jquery/8/816/demo/Application/Runtime/Cache/Home/2a94b8bda04ff446dcedd42276fc99ee.php 第 109 行.
NOTIC: [8] Undefined variable: mtype /data/www/jquery/8/816/demo/Application/Runtime/Cache/Home/2a94b8bda04ff446dcedd42276fc99ee.php 第 138 行.
NOTIC: [8] Undefined index: uname /data/www/jquery/8/816/demo/Application/Runtime/Cache/Home/2a94b8bda04ff446dcedd42276fc99ee.php 第 147 行.
NOTIC: [8] Undefined variable: mtype /data/www/jquery/8/816/demo/Application/Runtime/Cache/Home/2a94b8bda04ff446dcedd42276fc99ee.php 第 162 行.
NOTIC: [8] Undefined index: uname /data/www/jquery/8/816/demo/Application/Runtime/Cache/Home/2a94b8bda04ff446dcedd42276fc99ee.php 第 147 行.
NOTIC: [8] Undefined variable: mtype /data/www/jquery/8/816/demo/Application/Runtime/Cache/Home/2a94b8bda04ff446dcedd42276fc99ee.php 第 162 行.
NOTIC: [8] Undefined index: uname /data/www/jquery/8/816/demo/Application/Runtime/Cache/Home/2a94b8bda04ff446dcedd42276fc99ee.php 第 147 行.
NOTIC: [8] Undefined variable: mtype /data/www/jquery/8/816/demo/Application/Runtime/Cache/Home/2a94b8bda04ff446dcedd42276fc99ee.php 第 162 行.
NOTIC: [8] Undefined index: uname /data/www/jquery/8/816/demo/Application/Runtime/Cache/Home/2a94b8bda04ff446dcedd42276fc99ee.php 第 147 行.
NOTIC: [8] Undefined variable: mtype /data/www/jquery/8/816/demo/Application/Runtime/Cache/Home/2a94b8bda04ff446dcedd42276fc99ee.php 第 162 行.
NOTIC: [8] Undefined index: uname /data/www/jquery/8/816/demo/Application/Runtime/Cache/Home/2a94b8bda04ff446dcedd42276fc99ee.php 第 147 行.
NOTIC: [8] Undefined variable: mtype /data/www/jquery/8/816/demo/Application/Runtime/Cache/Home/2a94b8bda04ff446dcedd42276fc99ee.php 第 162 行.
NOTIC: [8] Undefined index: uname /data/www/jquery/8/816/demo/Application/Runtime/Cache/Home/2a94b8bda04ff446dcedd42276fc99ee.php 第 147 行.
NOTIC: [8] Undefined variable: mtype /data/www/jquery/8/816/demo/Application/Runtime/Cache/Home/2a94b8bda04ff446dcedd42276fc99ee.php 第 162 行.
NOTIC: [8] Undefined index: uname /data/www/jquery/8/816/demo/Application/Runtime/Cache/Home/2a94b8bda04ff446dcedd42276fc99ee.php 第 147 行.
NOTIC: [8] Undefined variable: mtype /data/www/jquery/8/816/demo/Application/Runtime/Cache/Home/2a94b8bda04ff446dcedd42276fc99ee.php 第 162 行.
NOTIC: [8] Undefined index: uname /data/www/jquery/8/816/demo/Application/Runtime/Cache/Home/2a94b8bda04ff446dcedd42276fc99ee.php 第 147 行.
NOTIC: [8] Undefined variable: mtype /data/www/jquery/8/816/demo/Application/Runtime/Cache/Home/2a94b8bda04ff446dcedd42276fc99ee.php 第 162 行.
NOTIC: [8] Undefined variable: mtype /data/www/jquery/8/816/demo/Application/Runtime/Cache/Home/2a94b8bda04ff446dcedd42276fc99ee.php 第 183 行.
NOTIC: [8] Undefined index: uname /data/www/jquery/8/816/demo/Application/Runtime/Cache/Home/2a94b8bda04ff446dcedd42276fc99ee.php 第 147 行.
NOTIC: [8] Undefined variable: mtype /data/www/jquery/8/816/demo/Application/Runtime/Cache/Home/2a94b8bda04ff446dcedd42276fc99ee.php 第 162 行.
NOTIC: [8] Undefined index: uname /data/www/jquery/8/816/demo/Application/Runtime/Cache/Home/2a94b8bda04ff446dcedd42276fc99ee.php 第 147 行.
NOTIC: [8] Undefined variable: mtype /data/www/jquery/8/816/demo/Application/Runtime/Cache/Home/2a94b8bda04ff446dcedd42276fc99ee.php 第 162 行.
NOTIC: [8] Undefined variable: mtype /data/www/jquery/8/816/demo/Application/Runtime/Cache/Home/2a94b8bda04ff446dcedd42276fc99ee.php 第 192 行.
NOTIC: [8] Undefined variable: url_cur /data/www/jquery/8/816/demo/Application/Runtime/Cache/Home/2a94b8bda04ff446dcedd42276fc99ee.php 第 210 行.
NOTIC: [8] Undefined variable: mtype /data/www/jquery/8/816/demo/Application/Runtime/Cache/Home/2a94b8bda04ff446dcedd42276fc99ee.php 第 210 行.
INFO: Run Behavior\ParseTemplateBehavior [ RunTime:0.018580s ]
INFO: [ view_parse ] --END-- [ RunTime:0.018619s ]
INFO: [ view_filter ] --START--
INFO: Run Behavior\WriteHtmlCacheBehavior [ RunTime:0.000131s ]
INFO: [ view_filter ] --END-- [ RunTime:0.000165s ]
INFO: [ app_end ] --START--
INFO: Run Behavior\ShowPageTraceBehavior [ RunTime:0.000392s ]
INFO: [ app_end ] --END-- [ RunTime:0.000433s ]

[ 2016-09-22T23:33:46+08:00 ] 222.70.11.48 /jquery/8/816/demo/Ajax/isLogin
INFO: [ app_init ] --START--
INFO: Run Behavior\BuildLiteBehavior [ RunTime:0.000014s ]
INFO: [ app_init ] --END-- [ RunTime:0.000269s ]
INFO: [ app_begin ] --START--
INFO: Run Behavior\ReadHtmlCacheBehavior [ RunTime:0.000339s ]
INFO: [ app_begin ] --END-- [ RunTime:0.000381s ]
INFO: [ app_end ] --START--
INFO: Run Behavior\ShowPageTraceBehavior [ RunTime:0.000342s ]
INFO: [ app_end ] --END-- [ RunTime:0.000381s ]

[ 2016-09-22T23:42:36+08:00 ] 183.157.56.58 /jquery/8/816/demo/
INFO: [ app_init ] --START--
INFO: Run Behavior\BuildLiteBehavior [ RunTime:0.000013s ]
INFO: [ app_init ] --END-- [ RunTime:0.000278s ]
INFO: [ app_begin ] --START--
INFO: Run Behavior\ReadHtmlCacheBehavior [ RunTime:0.000373s ]
INFO: [ app_begin ] --END-- [ RunTime:0.000415s ]
SQL: SHOW COLUMNS FROM `sucai_comment` [ RunTime:0.0012s ]
SQL: SELECT COUNT(*) AS tp_count FROM `sucai_comment` WHERE ( pid=0 ) LIMIT 1   [ RunTime:0.0004s ]
NOTIC: [8] Undefined variable: p /data/www/jquery/8/816/demo/Application/Home/Controller/IndexController.class.php 第 14 行.
SQL: SELECT `id`,`uid`,`content`,`addtime` FROM `sucai_comment` WHERE ( pid=0 ) ORDER BY id DESC LIMIT 10   [ RunTime:0.0002s ]
SQL: SELECT `id`,`uid`,`content`,`pid_sub` FROM `sucai_comment` WHERE ( pid = 6047 ) ORDER BY id ASC  [ RunTime:0.0004s ]
SQL: SELECT `id`,`uid`,`content`,`pid_sub` FROM `sucai_comment` WHERE ( pid = 6046 ) ORDER BY id ASC  [ RunTime:0.0003s ]
SQL: SELECT `id`,`uid`,`content`,`pid_sub` FROM `sucai_comment` WHERE ( pid = 6045 ) ORDER BY id ASC  [ RunTime:0.0003s ]
SQL: SELECT `id`,`uid`,`content`,`pid_sub` FROM `sucai_comment` WHERE ( pid = 6044 ) ORDER BY id ASC  [ RunTime:0.0003s ]
SQL: SELECT `id`,`uid`,`content`,`pid_sub` FROM `sucai_comment` WHERE ( pid = 6043 ) ORDER BY id ASC  [ RunTime:0.0003s ]
SQL: SELECT `id`,`uid`,`content`,`pid_sub` FROM `sucai_comment` WHERE ( pid = 6042 ) ORDER BY id ASC  [ RunTime:0.0003s ]
SQL: SELECT `id`,`uid`,`content`,`pid_sub` FROM `sucai_comment` WHERE ( pid = 6041 ) ORDER BY id ASC  [ RunTime:0.0003s ]
SQL: SELECT `id`,`uid`,`content`,`pid_sub` FROM `sucai_comment` WHERE ( pid = 6039 ) ORDER BY id ASC  [ RunTime:0.0003s ]
SQL: SELECT `id`,`uid`,`content`,`pid_sub` FROM `sucai_comment` WHERE ( pid = 6038 ) ORDER BY id ASC  [ RunTime:0.0003s ]
SQL: SELECT `id`,`uid`,`content`,`pid_sub` FROM `sucai_comment` WHERE ( pid = 6037 ) ORDER BY id ASC  [ RunTime:0.0003s ]
SQL: SHOW COLUMNS FROM `sucai_emot` [ RunTime:0.0007s ]
NOTIC: [2] Missing argument 1 for Think\PageAjax::show(), called in /data/www/jquery/8/816/demo/Application/Home/Controller/IndexController.class.php on line 31 and defined /data/www/jquery/8/816/demo/ThinkPHP/Library/Think/PageAjax.class.php 第 77 行.
NOTIC: [8] Undefined variable: url_replace /data/www/jquery/8/816/demo/ThinkPHP/Library/Think/PageAjax.class.php 第 84 行.
INFO: [ view_parse ] --START--
INFO: [ template_filter ] --START--
INFO: Run Behavior\ContentReplaceBehavior [ RunTime:0.000104s ]
INFO: [ template_filter ] --END-- [ RunTime:0.000146s ]
NOTIC: [8] Undefined variable: msg_num /data/www/jquery/8/816/demo/Application/Runtime/Cache/Home/2a94b8bda04ff446dcedd42276fc99ee.php 第 18 行.
NOTIC: [8] Undefined variable: url_cur /data/www/jquery/8/816/demo/Application/Runtime/Cache/Home/2a94b8bda04ff446dcedd42276fc99ee.php 第 28 行.
NOTIC: [8] Undefined variable: control /data/www/jquery/8/816/demo/Application/Runtime/Cache/Home/2a94b8bda04ff446dcedd42276fc99ee.php 第 43 行.
NOTIC: [8] Undefined variable: control /data/www/jquery/8/816/demo/Application/Runtime/Cache/Home/2a94b8bda04ff446dcedd42276fc99ee.php 第 46 行.
NOTIC: [8] Undefined variable: url_cur /data/www/jquery/8/816/demo/Application/Runtime/Cache/Home/2a94b8bda04ff446dcedd42276fc99ee.php 第 55 行.
NOTIC: [8] Undefined variable: control /data/www/jquery/8/816/demo/Application/Runtime/Cache/Home/2a94b8bda04ff446dcedd42276fc99ee.php 第 56 行.
NOTIC: [8] Undefined variable: control /data/www/jquery/8/816/demo/Application/Runtime/Cache/Home/2a94b8bda04ff446dcedd42276fc99ee.php 第 102 行.
NOTIC: [8] Undefined variable: control /data/www/jquery/8/816/demo/Application/Runtime/Cache/Home/2a94b8bda04ff446dcedd42276fc99ee.php 第 103 行.
NOTIC: [8] Undefined variable: control /data/www/jquery/8/816/demo/Application/Runtime/Cache/Home/2a94b8bda04ff446dcedd42276fc99ee.php 第 104 行.
NOTIC: [8] Undefined variable: control /data/www/jquery/8/816/demo/Application/Runtime/Cache/Home/2a94b8bda04ff446dcedd42276fc99ee.php 第 105 行.
NOTIC: [8] Undefined variable: control /data/www/jquery/8/816/demo/Application/Runtime/Cache/Home/2a94b8bda04ff446dcedd42276fc99ee.php 第 106 行.
NOTIC: [8] Undefined variable: control /data/www/jquery/8/816/demo/Application/Runtime/Cache/Home/2a94b8bda04ff446dcedd42276fc99ee.php 第 107 行.
NOTIC: [8] Undefined variable: control /data/www/jquery/8/816/demo/Application/Runtime/Cache/Home/2a94b8bda04ff446dcedd42276fc99ee.php 第 108 行.
NOTIC: [8] Undefined variable: control /data/www/jquery/8/816/demo/Application/Runtime/Cache/Home/2a94b8bda04ff446dcedd42276fc99ee.php 第 109 行.
NOTIC: [8] Undefined variable: mtype /data/www/jquery/8/816/demo/Application/Runtime/Cache/Home/2a94b8bda04ff446dcedd42276fc99ee.php 第 138 行.
NOTIC: [8] Undefined index: uname /data/www/jquery/8/816/demo/Application/Runtime/Cache/Home/2a94b8bda04ff446dcedd42276fc99ee.php 第 147 行.
NOTIC: [8] Undefined variable: mtype /data/www/jquery/8/816/demo/Application/Runtime/Cache/Home/2a94b8bda04ff446dcedd42276fc99ee.php 第 162 行.
NOTIC: [8] Undefined index: uname /data/www/jquery/8/816/demo/Application/Runtime/Cache/Home/2a94b8bda04ff446dcedd42276fc99ee.php 第 147 行.
NOTIC: [8] Undefined variable: mtype /data/www/jquery/8/816/demo/Application/Runtime/Cache/Home/2a94b8bda04ff446dcedd42276fc99ee.php 第 162 行.
NOTIC: [8] Undefined index: uname /data/www/jquery/8/816/demo/Application/Runtime/Cache/Home/2a94b8bda04ff446dcedd42276fc99ee.php 第 147 行.
NOTIC: [8] Undefined variable: mtype /data/www/jquery/8/816/demo/Application/Runtime/Cache/Home/2a94b8bda04ff446dcedd42276fc99ee.php 第 162 行.
NOTIC: [8] Undefined index: uname /data/www/jquery/8/816/demo/Application/Runtime/Cache/Home/2a94b8bda04ff446dcedd42276fc99ee.php 第 147 行.
NOTIC: [8] Undefined variable: mtype /data/www/jquery/8/816/demo/Application/Runtime/Cache/Home/2a94b8bda04ff446dcedd42276fc99ee.php 第 162 行.
NOTIC: [8] Undefined index: uname /data/www/jquery/8/816/demo/Application/Runtime/Cache/Home/2a94b8bda04ff446dcedd42276fc99ee.php 第 147 行.
NOTIC: [8] Undefined variable: mtype /data/www/jquery/8/816/demo/Application/Runtime/Cache/Home/2a94b8bda04ff446dcedd42276fc99ee.php 第 162 行.
NOTIC: [8] Undefined index: uname /data/www/jquery/8/816/demo/Application/Runtime/Cache/Home/2a94b8bda04ff446dcedd42276fc99ee.php 第 147 行.
NOTIC: [8] Undefined variable: mtype /data/www/jquery/8/816/demo/Application/Runtime/Cache/Home/2a94b8bda04ff446dcedd42276fc99ee.php 第 162 行.
NOTIC: [8] Undefined index: uname /data/www/jquery/8/816/demo/Application/Runtime/Cache/Home/2a94b8bda04ff446dcedd42276fc99ee.php 第 147 行.
NOTIC: [8] Undefined variable: mtype /data/www/jquery/8/816/demo/Application/Runtime/Cache/Home/2a94b8bda04ff446dcedd42276fc99ee.php 第 162 行.
NOTIC: [8] Undefined index: uname /data/www/jquery/8/816/demo/Application/Runtime/Cache/Home/2a94b8bda04ff446dcedd42276fc99ee.php 第 147 行.
NOTIC: [8] Undefined variable: mtype /data/www/jquery/8/816/demo/Application/Runtime/Cache/Home/2a94b8bda04ff446dcedd42276fc99ee.php 第 162 行.
NOTIC: [8] Undefined variable: mtype /data/www/jquery/8/816/demo/Application/Runtime/Cache/Home/2a94b8bda04ff446dcedd42276fc99ee.php 第 183 行.
NOTIC: [8] Undefined index: uname /data/www/jquery/8/816/demo/Application/Runtime/Cache/Home/2a94b8bda04ff446dcedd42276fc99ee.php 第 147 行.
NOTIC: [8] Undefined variable: mtype /data/www/jquery/8/816/demo/Application/Runtime/Cache/Home/2a94b8bda04ff446dcedd42276fc99ee.php 第 162 行.
NOTIC: [8] Undefined index: uname /data/www/jquery/8/816/demo/Application/Runtime/Cache/Home/2a94b8bda04ff446dcedd42276fc99ee.php 第 147 行.
NOTIC: [8] Undefined variable: mtype /data/www/jquery/8/816/demo/Application/Runtime/Cache/Home/2a94b8bda04ff446dcedd42276fc99ee.php 第 162 行.
NOTIC: [8] Undefined variable: mtype /data/www/jquery/8/816/demo/Application/Runtime/Cache/Home/2a94b8bda04ff446dcedd42276fc99ee.php 第 192 行.
NOTIC: [8] Undefined variable: url_cur /data/www/jquery/8/816/demo/Application/Runtime/Cache/Home/2a94b8bda04ff446dcedd42276fc99ee.php 第 210 行.
NOTIC: [8] Undefined variable: mtype /data/www/jquery/8/816/demo/Application/Runtime/Cache/Home/2a94b8bda04ff446dcedd42276fc99ee.php 第 210 行.
INFO: Run Behavior\ParseTemplateBehavior [ RunTime:0.018227s ]
INFO: [ view_parse ] --END-- [ RunTime:0.018264s ]
INFO: [ view_filter ] --START--
INFO: Run Behavior\WriteHtmlCacheBehavior [ RunTime:0.000123s ]
INFO: [ view_filter ] --END-- [ RunTime:0.000158s ]
INFO: [ app_end ] --START--
INFO: Run Behavior\ShowPageTraceBehavior [ RunTime:0.000374s ]
INFO: [ app_end ] --END-- [ RunTime:0.000414s ]

[ 2016-09-22T23:42:36+08:00 ] 183.157.56.58 /jquery/8/816/demo/Ajax/isLogin
INFO: [ app_init ] --START--
INFO: Run Behavior\BuildLiteBehavior [ RunTime:0.000017s ]
INFO: [ app_init ] --END-- [ RunTime:0.000345s ]
INFO: [ app_begin ] --START--
INFO: Run Behavior\ReadHtmlCacheBehavior [ RunTime:0.000385s ]
INFO: [ app_begin ] --END-- [ RunTime:0.000435s ]
INFO: [ app_end ] --START--
INFO: Run Behavior\ShowPageTraceBehavior [ RunTime:0.000397s ]
INFO: [ app_end ] --END-- [ RunTime:0.000444s ]

[ 2016-09-22T23:42:41+08:00 ] 183.157.56.58 /jquery/8/816/demo/Ajax/subcomment
INFO: [ app_init ] --START--
INFO: Run Behavior\BuildLiteBehavior [ RunTime:0.000012s ]
INFO: [ app_init ] --END-- [ RunTime:0.000289s ]
INFO: [ app_begin ] --START--
INFO: Run Behavior\ReadHtmlCacheBehavior [ RunTime:0.000338s ]
INFO: [ app_begin ] --END-- [ RunTime:0.000378s ]

[ 2016-09-22T23:42:49+08:00 ] 183.157.56.58 /jquery/8/816/demo/Ajax/subcomment
INFO: [ app_init ] --START--
INFO: Run Behavior\BuildLiteBehavior [ RunTime:0.000017s ]
INFO: [ app_init ] --END-- [ RunTime:0.000316s ]
INFO: [ app_begin ] --START--
INFO: Run Behavior\ReadHtmlCacheBehavior [ RunTime:0.000516s ]
INFO: [ app_begin ] --END-- [ RunTime:0.000628s ]
SQL: SHOW COLUMNS FROM `sucai_comment` [ RunTime:0.0012s ]
SQL: SELECT `id` FROM `sucai_comment` WHERE ( content='大神卧槽牛逼' ) LIMIT 1   [ RunTime:0.0004s ]
SQL: INSERT INTO `sucai_comment` (`uid`,`mtype`,`tid`,`pid`,`pid_sub`,`touid`,`addtime`,`content`) VALUES ('3004','0','1','0','0','2','1474558969','大神卧槽牛逼') [ RunTime:0.0002s ]
SQL: SELECT COUNT(*) AS tp_count FROM `sucai_comment` WHERE ( uid = 3004 AND addtime between 1474473600 AND 1474560000 ) LIMIT 1   [ RunTime:0.0004s ]
INFO: [ app_end ] --START--
INFO: Run Behavior\ShowPageTraceBehavior [ RunTime:0.000432s ]
INFO: [ app_end ] --END-- [ RunTime:0.000473s ]

