[ 2016-11-19T13:45:15+08:00 ] 124.93.196.18 /jquery/8/816/demo/
INFO: [ app_init ] --START--
INFO: Run Behavior\BuildLiteBehavior [ RunTime:0.000019s ]
INFO: [ app_init ] --END-- [ RunTime:0.001494s ]
INFO: [ app_begin ] --START--
INFO: Run Behavior\ReadHtmlCacheBehavior [ RunTime:0.001672s ]
INFO: [ app_begin ] --END-- [ RunTime:0.001759s ]
SQL: SHOW COLUMNS FROM `sucai_comment` [ RunTime:0.0016s ]
SQL: SELECT COUNT(*) AS tp_count FROM `sucai_comment` WHERE ( pid=0 ) LIMIT 1   [ RunTime:0.0004s ]
NOTIC: [8] Undefined variable: p /data/www/jquery/8/816/demo/Application/Home/Controller/IndexController.class.php 第 14 行.
SQL: SELECT `id`,`uid`,`content`,`addtime` FROM `sucai_comment` WHERE ( pid=0 ) ORDER BY id DESC LIMIT 10   [ RunTime:0.0002s ]
SQL: SELECT `id`,`uid`,`content`,`pid_sub` FROM `sucai_comment` WHERE ( pid = 6143 ) ORDER BY id ASC  [ RunTime:0.0004s ]
SQL: SELECT `id`,`uid`,`content`,`pid_sub` FROM `sucai_comment` WHERE ( pid = 6138 ) ORDER BY id ASC  [ RunTime:0.0004s ]
SQL: SELECT `id`,`uid`,`content`,`pid_sub` FROM `sucai_comment` WHERE ( pid = 6137 ) ORDER BY id ASC  [ RunTime:0.0003s ]
SQL: SELECT `id`,`uid`,`content`,`pid_sub` FROM `sucai_comment` WHERE ( pid = 6136 ) ORDER BY id ASC  [ RunTime:0.0004s ]
SQL: SELECT `id`,`uid`,`content`,`pid_sub` FROM `sucai_comment` WHERE ( pid = 6135 ) ORDER BY id ASC  [ RunTime:0.0003s ]
SQL: SELECT `id`,`uid`,`content`,`pid_sub` FROM `sucai_comment` WHERE ( pid = 6134 ) ORDER BY id ASC  [ RunTime:0.0003s ]
SQL: SELECT `id`,`uid`,`content`,`pid_sub` FROM `sucai_comment` WHERE ( pid = 6133 ) ORDER BY id ASC  [ RunTime:0.0003s ]
SQL: SELECT `id`,`uid`,`content`,`pid_sub` FROM `sucai_comment` WHERE ( pid = 6132 ) ORDER BY id ASC  [ RunTime:0.0003s ]
SQL: SELECT `id`,`uid`,`content`,`pid_sub` FROM `sucai_comment` WHERE ( pid = 6131 ) ORDER BY id ASC  [ RunTime:0.0003s ]
SQL: SELECT `id`,`uid`,`content`,`pid_sub` FROM `sucai_comment` WHERE ( pid = 6130 ) ORDER BY id ASC  [ RunTime:0.0003s ]
SQL: SHOW COLUMNS FROM `sucai_emot` [ RunTime:0.0073s ]
NOTIC: [2] Missing argument 1 for Think\PageAjax::show(), called in /data/www/jquery/8/816/demo/Application/Home/Controller/IndexController.class.php on line 31 and defined /data/www/jquery/8/816/demo/ThinkPHP/Library/Think/PageAjax.class.php 第 77 行.
NOTIC: [8] Undefined variable: url_replace /data/www/jquery/8/816/demo/ThinkPHP/Library/Think/PageAjax.class.php 第 84 行.
INFO: [ view_parse ] --START--
INFO: [ template_filter ] --START--
INFO: Run Behavior\ContentReplaceBehavior [ RunTime:0.000127s ]
INFO: [ template_filter ] --END-- [ RunTime:0.000173s ]
NOTIC: [8] Undefined variable: msg_num /data/www/jquery/8/816/demo/Application/Runtime/Cache/Home/2a94b8bda04ff446dcedd42276fc99ee.php 第 18 行.
NOTIC: [8] Undefined variable: url_cur /data/www/jquery/8/816/demo/Application/Runtime/Cache/Home/2a94b8bda04ff446dcedd42276fc99ee.php 第 28 行.
NOTIC: [8] Undefined variable: control /data/www/jquery/8/816/demo/Application/Runtime/Cache/Home/2a94b8bda04ff446dcedd42276fc99ee.php 第 43 行.
NOTIC: [8] Undefined variable: control /data/www/jquery/8/816/demo/Application/Runtime/Cache/Home/2a94b8bda04ff446dcedd42276fc99ee.php 第 46 行.
NOTIC: [8] Undefined variable: url_cur /data/www/jquery/8/816/demo/Application/Runtime/Cache/Home/2a94b8bda04ff446dcedd42276fc99ee.php 第 55 行.
NOTIC: [8] Undefined variable: control /data/www/jquery/8/816/demo/Application/Runtime/Cache/Home/2a94b8bda04ff446dcedd42276fc99ee.php 第 56 行.
NOTIC: [8] Undefined variable: control /data/www/jquery/8/816/demo/Application/Runtime/Cache/Home/2a94b8bda04ff446dcedd42276fc99ee.php 第 102 行.
NOTIC: [8] Undefined variable: control /data/www/jquery/8/816/demo/Application/Runtime/Cache/Home/2a94b8bda04ff446dcedd42276fc99ee.php 第 103 行.
NOTIC: [8] Undefined variable: control /data/www/jquery/8/816/demo/Application/Runtime/Cache/Home/2a94b8bda04ff446dcedd42276fc99ee.php 第 104 行.
NOTIC: [8] Undefined variable: control /data/www/jquery/8/816/demo/Application/Runtime/Cache/Home/2a94b8bda04ff446dcedd42276fc99ee.php 第 105 行.
NOTIC: [8] Undefined variable: control /data/www/jquery/8/816/demo/Application/Runtime/Cache/Home/2a94b8bda04ff446dcedd42276fc99ee.php 第 106 行.
NOTIC: [8] Undefined variable: control /data/www/jquery/8/816/demo/Application/Runtime/Cache/Home/2a94b8bda04ff446dcedd42276fc99ee.php 第 107 行.
NOTIC: [8] Undefined variable: control /data/www/jquery/8/816/demo/Application/Runtime/Cache/Home/2a94b8bda04ff446dcedd42276fc99ee.php 第 108 行.
NOTIC: [8] Undefined variable: control /data/www/jquery/8/816/demo/Application/Runtime/Cache/Home/2a94b8bda04ff446dcedd42276fc99ee.php 第 109 行.
NOTIC: [8] Undefined variable: mtype /data/www/jquery/8/816/demo/Application/Runtime/Cache/Home/2a94b8bda04ff446dcedd42276fc99ee.php 第 138 行.
NOTIC: [8] Undefined index: uname /data/www/jquery/8/816/demo/Application/Runtime/Cache/Home/2a94b8bda04ff446dcedd42276fc99ee.php 第 147 行.
NOTIC: [8] Undefined variable: mtype /data/www/jquery/8/816/demo/Application/Runtime/Cache/Home/2a94b8bda04ff446dcedd42276fc99ee.php 第 162 行.
NOTIC: [8] Undefined index: uname /data/www/jquery/8/816/demo/Application/Runtime/Cache/Home/2a94b8bda04ff446dcedd42276fc99ee.php 第 147 行.
NOTIC: [8] Undefined variable: mtype /data/www/jquery/8/816/demo/Application/Runtime/Cache/Home/2a94b8bda04ff446dcedd42276fc99ee.php 第 162 行.
NOTIC: [8] Undefined variable: mtype /data/www/jquery/8/816/demo/Application/Runtime/Cache/Home/2a94b8bda04ff446dcedd42276fc99ee.php 第 183 行.
SQL: SELECT `uid` FROM `sucai_comment` WHERE ( id = 6139 ) LIMIT 1   [ RunTime:0.0003s ]
NOTIC: [8] Undefined variable: mtype /data/www/jquery/8/816/demo/Application/Runtime/Cache/Home/2a94b8bda04ff446dcedd42276fc99ee.php 第 183 行.
SQL: SELECT `uid` FROM `sucai_comment` WHERE ( id = 6141 ) LIMIT 1   [ RunTime:0.0001s ]
NOTIC: [8] Undefined variable: mtype /data/www/jquery/8/816/demo/Application/Runtime/Cache/Home/2a94b8bda04ff446dcedd42276fc99ee.php 第 183 行.
NOTIC: [8] Undefined index: uname /data/www/jquery/8/816/demo/Application/Runtime/Cache/Home/2a94b8bda04ff446dcedd42276fc99ee.php 第 147 行.
NOTIC: [8] Undefined variable: mtype /data/www/jquery/8/816/demo/Application/Runtime/Cache/Home/2a94b8bda04ff446dcedd42276fc99ee.php 第 162 行.
NOTIC: [8] Undefined index: uname /data/www/jquery/8/816/demo/Application/Runtime/Cache/Home/2a94b8bda04ff446dcedd42276fc99ee.php 第 147 行.
NOTIC: [8] Undefined variable: mtype /data/www/jquery/8/816/demo/Application/Runtime/Cache/Home/2a94b8bda04ff446dcedd42276fc99ee.php 第 162 行.
NOTIC: [8] Undefined index: uname /data/www/jquery/8/816/demo/Application/Runtime/Cache/Home/2a94b8bda04ff446dcedd42276fc99ee.php 第 147 行.
NOTIC: [8] Undefined variable: mtype /data/www/jquery/8/816/demo/Application/Runtime/Cache/Home/2a94b8bda04ff446dcedd42276fc99ee.php 第 162 行.
NOTIC: [8] Undefined index: uname /data/www/jquery/8/816/demo/Application/Runtime/Cache/Home/2a94b8bda04ff446dcedd42276fc99ee.php 第 147 行.
NOTIC: [8] Undefined variable: mtype /data/www/jquery/8/816/demo/Application/Runtime/Cache/Home/2a94b8bda04ff446dcedd42276fc99ee.php 第 162 行.
NOTIC: [8] Undefined index: uname /data/www/jquery/8/816/demo/Application/Runtime/Cache/Home/2a94b8bda04ff446dcedd42276fc99ee.php 第 147 行.
NOTIC: [8] Undefined variable: mtype /data/www/jquery/8/816/demo/Application/Runtime/Cache/Home/2a94b8bda04ff446dcedd42276fc99ee.php 第 162 行.
NOTIC: [8] Undefined index: uname /data/www/jquery/8/816/demo/Application/Runtime/Cache/Home/2a94b8bda04ff446dcedd42276fc99ee.php 第 147 行.
NOTIC: [8] Undefined variable: mtype /data/www/jquery/8/816/demo/Application/Runtime/Cache/Home/2a94b8bda04ff446dcedd42276fc99ee.php 第 162 行.
NOTIC: [8] Undefined index: uname /data/www/jquery/8/816/demo/Application/Runtime/Cache/Home/2a94b8bda04ff446dcedd42276fc99ee.php 第 147 行.
NOTIC: [8] Undefined variable: mtype /data/www/jquery/8/816/demo/Application/Runtime/Cache/Home/2a94b8bda04ff446dcedd42276fc99ee.php 第 162 行.
NOTIC: [8] Undefined index: uname /data/www/jquery/8/816/demo/Application/Runtime/Cache/Home/2a94b8bda04ff446dcedd42276fc99ee.php 第 147 行.
NOTIC: [8] Undefined variable: mtype /data/www/jquery/8/816/demo/Application/Runtime/Cache/Home/2a94b8bda04ff446dcedd42276fc99ee.php 第 162 行.
NOTIC: [8] Undefined variable: mtype /data/www/jquery/8/816/demo/Application/Runtime/Cache/Home/2a94b8bda04ff446dcedd42276fc99ee.php 第 192 行.
NOTIC: [8] Undefined variable: url_cur /data/www/jquery/8/816/demo/Application/Runtime/Cache/Home/2a94b8bda04ff446dcedd42276fc99ee.php 第 210 行.
NOTIC: [8] Undefined variable: mtype /data/www/jquery/8/816/demo/Application/Runtime/Cache/Home/2a94b8bda04ff446dcedd42276fc99ee.php 第 210 行.
INFO: Run Behavior\ParseTemplateBehavior [ RunTime:0.279822s ]
INFO: [ view_parse ] --END-- [ RunTime:0.279868s ]
INFO: [ view_filter ] --START--
INFO: Run Behavior\WriteHtmlCacheBehavior [ RunTime:0.002095s ]
INFO: [ view_filter ] --END-- [ RunTime:0.002134s ]
INFO: [ app_end ] --START--
INFO: Run Behavior\ShowPageTraceBehavior [ RunTime:0.001355s ]
INFO: [ app_end ] --END-- [ RunTime:0.001397s ]

[ 2016-11-19T23:06:53+08:00 ] 117.33.23.163 /jquery/8/816/demo/
INFO: [ app_init ] --START--
INFO: Run Behavior\BuildLiteBehavior [ RunTime:0.000013s ]
INFO: [ app_init ] --END-- [ RunTime:0.000286s ]
INFO: [ app_begin ] --START--
INFO: Run Behavior\ReadHtmlCacheBehavior [ RunTime:0.000369s ]
INFO: [ app_begin ] --END-- [ RunTime:0.000413s ]
SQL: SHOW COLUMNS FROM `sucai_comment` [ RunTime:0.0016s ]
SQL: SELECT COUNT(*) AS tp_count FROM `sucai_comment` WHERE ( pid=0 ) LIMIT 1   [ RunTime:0.0004s ]
NOTIC: [8] Undefined variable: p /data/www/jquery/8/816/demo/Application/Home/Controller/IndexController.class.php 第 14 行.
SQL: SELECT `id`,`uid`,`content`,`addtime` FROM `sucai_comment` WHERE ( pid=0 ) ORDER BY id DESC LIMIT 10   [ RunTime:0.0004s ]
SQL: SELECT `id`,`uid`,`content`,`pid_sub` FROM `sucai_comment` WHERE ( pid = 6143 ) ORDER BY id ASC  [ RunTime:0.0004s ]
SQL: SELECT `id`,`uid`,`content`,`pid_sub` FROM `sucai_comment` WHERE ( pid = 6138 ) ORDER BY id ASC  [ RunTime:0.0004s ]
SQL: SELECT `id`,`uid`,`content`,`pid_sub` FROM `sucai_comment` WHERE ( pid = 6137 ) ORDER BY id ASC  [ RunTime:0.0003s ]
SQL: SELECT `id`,`uid`,`content`,`pid_sub` FROM `sucai_comment` WHERE ( pid = 6136 ) ORDER BY id ASC  [ RunTime:0.0003s ]
SQL: SELECT `id`,`uid`,`content`,`pid_sub` FROM `sucai_comment` WHERE ( pid = 6135 ) ORDER BY id ASC  [ RunTime:0.0003s ]
SQL: SELECT `id`,`uid`,`content`,`pid_sub` FROM `sucai_comment` WHERE ( pid = 6134 ) ORDER BY id ASC  [ RunTime:0.0003s ]
SQL: SELECT `id`,`uid`,`content`,`pid_sub` FROM `sucai_comment` WHERE ( pid = 6133 ) ORDER BY id ASC  [ RunTime:0.0003s ]
SQL: SELECT `id`,`uid`,`content`,`pid_sub` FROM `sucai_comment` WHERE ( pid = 6132 ) ORDER BY id ASC  [ RunTime:0.0004s ]
SQL: SELECT `id`,`uid`,`content`,`pid_sub` FROM `sucai_comment` WHERE ( pid = 6131 ) ORDER BY id ASC  [ RunTime:0.0003s ]
SQL: SELECT `id`,`uid`,`content`,`pid_sub` FROM `sucai_comment` WHERE ( pid = 6130 ) ORDER BY id ASC  [ RunTime:0.0003s ]
SQL: SHOW COLUMNS FROM `sucai_emot` [ RunTime:0.0013s ]
NOTIC: [2] Missing argument 1 for Think\PageAjax::show(), called in /data/www/jquery/8/816/demo/Application/Home/Controller/IndexController.class.php on line 31 and defined /data/www/jquery/8/816/demo/ThinkPHP/Library/Think/PageAjax.class.php 第 77 行.
NOTIC: [8] Undefined variable: url_replace /data/www/jquery/8/816/demo/ThinkPHP/Library/Think/PageAjax.class.php 第 84 行.
INFO: [ view_parse ] --START--
INFO: [ template_filter ] --START--
INFO: Run Behavior\ContentReplaceBehavior [ RunTime:0.000105s ]
INFO: [ template_filter ] --END-- [ RunTime:0.000148s ]
NOTIC: [8] Undefined variable: msg_num /data/www/jquery/8/816/demo/Application/Runtime/Cache/Home/2a94b8bda04ff446dcedd42276fc99ee.php 第 18 行.
NOTIC: [8] Undefined variable: url_cur /data/www/jquery/8/816/demo/Application/Runtime/Cache/Home/2a94b8bda04ff446dcedd42276fc99ee.php 第 28 行.
NOTIC: [8] Undefined variable: control /data/www/jquery/8/816/demo/Application/Runtime/Cache/Home/2a94b8bda04ff446dcedd42276fc99ee.php 第 43 行.
NOTIC: [8] Undefined variable: control /data/www/jquery/8/816/demo/Application/Runtime/Cache/Home/2a94b8bda04ff446dcedd42276fc99ee.php 第 46 行.
NOTIC: [8] Undefined variable: url_cur /data/www/jquery/8/816/demo/Application/Runtime/Cache/Home/2a94b8bda04ff446dcedd42276fc99ee.php 第 55 行.
NOTIC: [8] Undefined variable: control /data/www/jquery/8/816/demo/Application/Runtime/Cache/Home/2a94b8bda04ff446dcedd42276fc99ee.php 第 56 行.
NOTIC: [8] Undefined variable: control /data/www/jquery/8/816/demo/Application/Runtime/Cache/Home/2a94b8bda04ff446dcedd42276fc99ee.php 第 102 行.
NOTIC: [8] Undefined variable: control /data/www/jquery/8/816/demo/Application/Runtime/Cache/Home/2a94b8bda04ff446dcedd42276fc99ee.php 第 103 行.
NOTIC: [8] Undefined variable: control /data/www/jquery/8/816/demo/Application/Runtime/Cache/Home/2a94b8bda04ff446dcedd42276fc99ee.php 第 104 行.
NOTIC: [8] Undefined variable: control /data/www/jquery/8/816/demo/Application/Runtime/Cache/Home/2a94b8bda04ff446dcedd42276fc99ee.php 第 105 行.
NOTIC: [8] Undefined variable: control /data/www/jquery/8/816/demo/Application/Runtime/Cache/Home/2a94b8bda04ff446dcedd42276fc99ee.php 第 106 行.
NOTIC: [8] Undefined variable: control /data/www/jquery/8/816/demo/Application/Runtime/Cache/Home/2a94b8bda04ff446dcedd42276fc99ee.php 第 107 行.
NOTIC: [8] Undefined variable: control /data/www/jquery/8/816/demo/Application/Runtime/Cache/Home/2a94b8bda04ff446dcedd42276fc99ee.php 第 108 行.
NOTIC: [8] Undefined variable: control /data/www/jquery/8/816/demo/Application/Runtime/Cache/Home/2a94b8bda04ff446dcedd42276fc99ee.php 第 109 行.
NOTIC: [8] Undefined variable: mtype /data/www/jquery/8/816/demo/Application/Runtime/Cache/Home/2a94b8bda04ff446dcedd42276fc99ee.php 第 138 行.
NOTIC: [8] Undefined index: uname /data/www/jquery/8/816/demo/Application/Runtime/Cache/Home/2a94b8bda04ff446dcedd42276fc99ee.php 第 147 行.
NOTIC: [8] Undefined variable: mtype /data/www/jquery/8/816/demo/Application/Runtime/Cache/Home/2a94b8bda04ff446dcedd42276fc99ee.php 第 162 行.
NOTIC: [8] Undefined index: uname /data/www/jquery/8/816/demo/Application/Runtime/Cache/Home/2a94b8bda04ff446dcedd42276fc99ee.php 第 147 行.
NOTIC: [8] Undefined variable: mtype /data/www/jquery/8/816/demo/Application/Runtime/Cache/Home/2a94b8bda04ff446dcedd42276fc99ee.php 第 162 行.
NOTIC: [8] Undefined variable: mtype /data/www/jquery/8/816/demo/Application/Runtime/Cache/Home/2a94b8bda04ff446dcedd42276fc99ee.php 第 183 行.
SQL: SELECT `uid` FROM `sucai_comment` WHERE ( id = 6139 ) LIMIT 1   [ RunTime:0.0002s ]
NOTIC: [8] Undefined variable: mtype /data/www/jquery/8/816/demo/Application/Runtime/Cache/Home/2a94b8bda04ff446dcedd42276fc99ee.php 第 183 行.
SQL: SELECT `uid` FROM `sucai_comment` WHERE ( id = 6141 ) LIMIT 1   [ RunTime:0.0002s ]
NOTIC: [8] Undefined variable: mtype /data/www/jquery/8/816/demo/Application/Runtime/Cache/Home/2a94b8bda04ff446dcedd42276fc99ee.php 第 183 行.
NOTIC: [8] Undefined index: uname /data/www/jquery/8/816/demo/Application/Runtime/Cache/Home/2a94b8bda04ff446dcedd42276fc99ee.php 第 147 行.
NOTIC: [8] Undefined variable: mtype /data/www/jquery/8/816/demo/Application/Runtime/Cache/Home/2a94b8bda04ff446dcedd42276fc99ee.php 第 162 行.
NOTIC: [8] Undefined index: uname /data/www/jquery/8/816/demo/Application/Runtime/Cache/Home/2a94b8bda04ff446dcedd42276fc99ee.php 第 147 行.
NOTIC: [8] Undefined variable: mtype /data/www/jquery/8/816/demo/Application/Runtime/Cache/Home/2a94b8bda04ff446dcedd42276fc99ee.php 第 162 行.
NOTIC: [8] Undefined index: uname /data/www/jquery/8/816/demo/Application/Runtime/Cache/Home/2a94b8bda04ff446dcedd42276fc99ee.php 第 147 行.
NOTIC: [8] Undefined variable: mtype /data/www/jquery/8/816/demo/Application/Runtime/Cache/Home/2a94b8bda04ff446dcedd42276fc99ee.php 第 162 行.
NOTIC: [8] Undefined index: uname /data/www/jquery/8/816/demo/Application/Runtime/Cache/Home/2a94b8bda04ff446dcedd42276fc99ee.php 第 147 行.
NOTIC: [8] Undefined variable: mtype /data/www/jquery/8/816/demo/Application/Runtime/Cache/Home/2a94b8bda04ff446dcedd42276fc99ee.php 第 162 行.
NOTIC: [8] Undefined index: uname /data/www/jquery/8/816/demo/Application/Runtime/Cache/Home/2a94b8bda04ff446dcedd42276fc99ee.php 第 147 行.
NOTIC: [8] Undefined variable: mtype /data/www/jquery/8/816/demo/Application/Runtime/Cache/Home/2a94b8bda04ff446dcedd42276fc99ee.php 第 162 行.
NOTIC: [8] Undefined index: uname /data/www/jquery/8/816/demo/Application/Runtime/Cache/Home/2a94b8bda04ff446dcedd42276fc99ee.php 第 147 行.
NOTIC: [8] Undefined variable: mtype /data/www/jquery/8/816/demo/Application/Runtime/Cache/Home/2a94b8bda04ff446dcedd42276fc99ee.php 第 162 行.
NOTIC: [8] Undefined index: uname /data/www/jquery/8/816/demo/Application/Runtime/Cache/Home/2a94b8bda04ff446dcedd42276fc99ee.php 第 147 行.
NOTIC: [8] Undefined variable: mtype /data/www/jquery/8/816/demo/Application/Runtime/Cache/Home/2a94b8bda04ff446dcedd42276fc99ee.php 第 162 行.
NOTIC: [8] Undefined index: uname /data/www/jquery/8/816/demo/Application/Runtime/Cache/Home/2a94b8bda04ff446dcedd42276fc99ee.php 第 147 行.
NOTIC: [8] Undefined variable: mtype /data/www/jquery/8/816/demo/Application/Runtime/Cache/Home/2a94b8bda04ff446dcedd42276fc99ee.php 第 162 行.
NOTIC: [8] Undefined variable: mtype /data/www/jquery/8/816/demo/Application/Runtime/Cache/Home/2a94b8bda04ff446dcedd42276fc99ee.php 第 192 行.
NOTIC: [8] Undefined variable: url_cur /data/www/jquery/8/816/demo/Application/Runtime/Cache/Home/2a94b8bda04ff446dcedd42276fc99ee.php 第 210 行.
NOTIC: [8] Undefined variable: mtype /data/www/jquery/8/816/demo/Application/Runtime/Cache/Home/2a94b8bda04ff446dcedd42276fc99ee.php 第 210 行.
INFO: Run Behavior\ParseTemplateBehavior [ RunTime:0.019431s ]
INFO: [ view_parse ] --END-- [ RunTime:0.019469s ]
INFO: [ view_filter ] --START--
INFO: Run Behavior\WriteHtmlCacheBehavior [ RunTime:0.000133s ]
INFO: [ view_filter ] --END-- [ RunTime:0.000167s ]
INFO: [ app_end ] --START--
INFO: Run Behavior\ShowPageTraceBehavior [ RunTime:0.000357s ]
INFO: [ app_end ] --END-- [ RunTime:0.000397s ]

[ 2016-11-19T23:06:53+08:00 ] 117.33.23.163 /jquery/8/816/demo/Ajax/isLogin
INFO: [ app_init ] --START--
INFO: Run Behavior\BuildLiteBehavior [ RunTime:0.000014s ]
INFO: [ app_init ] --END-- [ RunTime:0.000350s ]
INFO: [ app_begin ] --START--
INFO: Run Behavior\ReadHtmlCacheBehavior [ RunTime:0.000401s ]
INFO: [ app_begin ] --END-- [ RunTime:0.000442s ]
INFO: [ app_end ] --START--
INFO: Run Behavior\ShowPageTraceBehavior [ RunTime:0.000465s ]
INFO: [ app_end ] --END-- [ RunTime:0.000550s ]

[ 2016-11-19T23:06:59+08:00 ] 117.33.23.163 /jquery/8/816/demo/Ajax/subcomment
INFO: [ app_init ] --START--
INFO: Run Behavior\BuildLiteBehavior [ RunTime:0.000022s ]
INFO: [ app_init ] --END-- [ RunTime:0.000382s ]
INFO: [ app_begin ] --START--
INFO: Run Behavior\ReadHtmlCacheBehavior [ RunTime:0.000511s ]
INFO: [ app_begin ] --END-- [ RunTime:0.000562s ]
SQL: SHOW COLUMNS FROM `sucai_comment` [ RunTime:0.0015s ]
SQL: SELECT `id` FROM `sucai_comment` WHERE ( content='地方都是' ) LIMIT 1   [ RunTime:0.0006s ]
SQL: INSERT INTO `sucai_comment` (`uid`,`mtype`,`tid`,`pid`,`pid_sub`,`touid`,`addtime`,`content`) VALUES ('5601','0','1','0','0','2','1479568019','地方都是') [ RunTime:0.0002s ]
SQL: SELECT COUNT(*) AS tp_count FROM `sucai_comment` WHERE ( uid = 5601 AND addtime between 1479484800 AND 1479571200 ) LIMIT 1   [ RunTime:0.0004s ]
INFO: [ app_end ] --START--
INFO: Run Behavior\ShowPageTraceBehavior [ RunTime:0.000596s ]
INFO: [ app_end ] --END-- [ RunTime:0.000647s ]

[ 2016-11-19T23:07:06+08:00 ] 117.33.23.163 /jquery/8/816/demo/Ajax/subcomment
INFO: [ app_init ] --START--
INFO: Run Behavior\BuildLiteBehavior [ RunTime:0.000017s ]
INFO: [ app_init ] --END-- [ RunTime:0.000336s ]
INFO: [ app_begin ] --START--
INFO: Run Behavior\ReadHtmlCacheBehavior [ RunTime:0.000384s ]
INFO: [ app_begin ] --END-- [ RunTime:0.000437s ]

[ 2016-11-19T23:07:06+08:00 ] 117.33.23.163 /jquery/8/816/demo/Ajax/subcomment
INFO: [ app_init ] --START--
INFO: Run Behavior\BuildLiteBehavior [ RunTime:0.000014s ]
INFO: [ app_init ] --END-- [ RunTime:0.000287s ]
INFO: [ app_begin ] --START--
INFO: Run Behavior\ReadHtmlCacheBehavior [ RunTime:0.000346s ]
INFO: [ app_begin ] --END-- [ RunTime:0.000397s ]

[ 2016-11-19T23:07:10+08:00 ] 117.33.23.163 /jquery/8/816/demo/Ajax/subcomment
INFO: [ app_init ] --START--
INFO: Run Behavior\BuildLiteBehavior [ RunTime:0.000014s ]
INFO: [ app_init ] --END-- [ RunTime:0.000292s ]
INFO: [ app_begin ] --START--
INFO: Run Behavior\ReadHtmlCacheBehavior [ RunTime:0.000334s ]
INFO: [ app_begin ] --END-- [ RunTime:0.000374s ]

[ 2016-11-19T23:07:54+08:00 ] 117.33.23.163 /jquery/8/816/demo/Ajax/subcomment
INFO: [ app_init ] --START--
INFO: Run Behavior\BuildLiteBehavior [ RunTime:0.000014s ]
INFO: [ app_init ] --END-- [ RunTime:0.000351s ]
INFO: [ app_begin ] --START--
INFO: Run Behavior\ReadHtmlCacheBehavior [ RunTime:0.000343s ]
INFO: [ app_begin ] --END-- [ RunTime:0.000385s ]

[ 2016-11-19T23:08:01+08:00 ] 117.33.23.163 /jquery/8/816/demo/Box/comments?p=10&id=1&totalnum=421&mtype=
INFO: [ app_init ] --START--
INFO: Run Behavior\BuildLiteBehavior [ RunTime:0.000014s ]
INFO: [ app_init ] --END-- [ RunTime:0.000297s ]
INFO: [ app_begin ] --START--
INFO: Run Behavior\ReadHtmlCacheBehavior [ RunTime:0.000344s ]
INFO: [ app_begin ] --END-- [ RunTime:0.000383s ]
SQL: SHOW COLUMNS FROM `sucai_comment` [ RunTime:0.0015s ]
SQL: SELECT `id`,`uid`,`content`,`addtime` FROM `sucai_comment` WHERE ( tid = 1 AND pid = 0 ) ORDER BY id DESC LIMIT 90,10   [ RunTime:0.0007s ]
SQL: SELECT `id`,`uid`,`content`,`pid_sub` FROM `sucai_comment` WHERE ( mtype = 1 AND tid = 1 AND pid = 6033 ) ORDER BY id ASC  [ RunTime:0.0004s ]
SQL: SELECT `id`,`uid`,`content`,`pid_sub` FROM `sucai_comment` WHERE ( mtype = 1 AND tid = 1 AND pid = 6032 ) ORDER BY id ASC  [ RunTime:0.0004s ]
SQL: SELECT `id`,`uid`,`content`,`pid_sub` FROM `sucai_comment` WHERE ( mtype = 1 AND tid = 1 AND pid = 6029 ) ORDER BY id ASC  [ RunTime:0.0004s ]
SQL: SELECT `id`,`uid`,`content`,`pid_sub` FROM `sucai_comment` WHERE ( mtype = 1 AND tid = 1 AND pid = 6028 ) ORDER BY id ASC  [ RunTime:0.0004s ]
SQL: SELECT `id`,`uid`,`content`,`pid_sub` FROM `sucai_comment` WHERE ( mtype = 1 AND tid = 1 AND pid = 6026 ) ORDER BY id ASC  [ RunTime:0.0004s ]
SQL: SELECT `id`,`uid`,`content`,`pid_sub` FROM `sucai_comment` WHERE ( mtype = 1 AND tid = 1 AND pid = 6025 ) ORDER BY id ASC  [ RunTime:0.0004s ]
SQL: SELECT `id`,`uid`,`content`,`pid_sub` FROM `sucai_comment` WHERE ( mtype = 1 AND tid = 1 AND pid = 6024 ) ORDER BY id ASC  [ RunTime:0.0004s ]
SQL: SELECT `id`,`uid`,`content`,`pid_sub` FROM `sucai_comment` WHERE ( mtype = 1 AND tid = 1 AND pid = 6023 ) ORDER BY id ASC  [ RunTime:0.0004s ]
SQL: SELECT `id`,`uid`,`content`,`pid_sub` FROM `sucai_comment` WHERE ( mtype = 1 AND tid = 1 AND pid = 6020 ) ORDER BY id ASC  [ RunTime:0.0004s ]
SQL: SELECT `id`,`uid`,`content`,`pid_sub` FROM `sucai_comment` WHERE ( mtype = 1 AND tid = 1 AND pid = 6019 ) ORDER BY id ASC  [ RunTime:0.0004s ]
NOTIC: [8] Undefined variable: page /data/www/jquery/8/816/demo/Application/Home/Controller/BoxController.class.php 第 26 行.
NOTIC: [2] Missing argument 1 for Think\PageAjax::show(), called in /data/www/jquery/8/816/demo/Application/Home/Controller/BoxController.class.php on line 27 and defined /data/www/jquery/8/816/demo/ThinkPHP/Library/Think/PageAjax.class.php 第 77 行.
NOTIC: [8] Undefined variable: url_replace /data/www/jquery/8/816/demo/ThinkPHP/Library/Think/PageAjax.class.php 第 84 行.
INFO: [ view_parse ] --START--
INFO: [ template_filter ] --START--
INFO: Run Behavior\ContentReplaceBehavior [ RunTime:0.000046s ]
INFO: [ template_filter ] --END-- [ RunTime:0.000106s ]
NOTIC: [8] Undefined index: uname /data/www/jquery/8/816/demo/Application/Runtime/Cache/Home/18c10ba314dcda18c824bad479a49725.php 第 4 行.
NOTIC: [8] Undefined index: uname /data/www/jquery/8/816/demo/Application/Runtime/Cache/Home/18c10ba314dcda18c824bad479a49725.php 第 4 行.
NOTIC: [8] Undefined index: uname /data/www/jquery/8/816/demo/Application/Runtime/Cache/Home/18c10ba314dcda18c824bad479a49725.php 第 4 行.
NOTIC: [8] Undefined index: uname /data/www/jquery/8/816/demo/Application/Runtime/Cache/Home/18c10ba314dcda18c824bad479a49725.php 第 4 行.
NOTIC: [8] Undefined index: uname /data/www/jquery/8/816/demo/Application/Runtime/Cache/Home/18c10ba314dcda18c824bad479a49725.php 第 4 行.
NOTIC: [8] Undefined index: uname /data/www/jquery/8/816/demo/Application/Runtime/Cache/Home/18c10ba314dcda18c824bad479a49725.php 第 4 行.
NOTIC: [8] Undefined index: uname /data/www/jquery/8/816/demo/Application/Runtime/Cache/Home/18c10ba314dcda18c824bad479a49725.php 第 4 行.
NOTIC: [8] Undefined index: uname /data/www/jquery/8/816/demo/Application/Runtime/Cache/Home/18c10ba314dcda18c824bad479a49725.php 第 4 行.
NOTIC: [8] Undefined index: uname /data/www/jquery/8/816/demo/Application/Runtime/Cache/Home/18c10ba314dcda18c824bad479a49725.php 第 4 行.
NOTIC: [8] Undefined index: uname /data/www/jquery/8/816/demo/Application/Runtime/Cache/Home/18c10ba314dcda18c824bad479a49725.php 第 4 行.
INFO: Run Behavior\ParseTemplateBehavior [ RunTime:0.138588s ]
INFO: [ view_parse ] --END-- [ RunTime:0.138641s ]
INFO: [ view_filter ] --START--
INFO: Run Behavior\WriteHtmlCacheBehavior [ RunTime:0.000166s ]
INFO: [ view_filter ] --END-- [ RunTime:0.000200s ]
INFO: [ app_end ] --START--
INFO: Run Behavior\ShowPageTraceBehavior [ RunTime:0.000476s ]
INFO: [ app_end ] --END-- [ RunTime:0.000516s ]

