[ 2016-12-23T09:31:19+08:00 ] 59.173.53.204 /jquery/8/816/demo/
INFO: [ app_init ] --START--
INFO: Run Behavior\BuildLiteBehavior [ RunTime:0.000032s ]
INFO: [ app_init ] --END-- [ RunTime:0.002996s ]
INFO: [ app_begin ] --START--
INFO: Run Behavior\ReadHtmlCacheBehavior [ RunTime:0.002388s ]
INFO: [ app_begin ] --END-- [ RunTime:0.002494s ]
SQL: SHOW COLUMNS FROM `sucai_comment` [ RunTime:0.0010s ]
SQL: SELECT COUNT(*) AS tp_count FROM `sucai_comment` WHERE ( pid=0 ) LIMIT 1   [ RunTime:0.0213s ]
NOTIC: [8] Undefined variable: p /data/wwwroot/erdangjiade/jquery/8/816/demo/Application/Home/Controller/IndexController.class.php 第 14 行.
SQL: SELECT `id`,`uid`,`content`,`addtime` FROM `sucai_comment` WHERE ( pid=0 ) ORDER BY id DESC LIMIT 10   [ RunTime:0.0005s ]
SQL: SELECT `id`,`uid`,`content`,`pid_sub` FROM `sucai_comment` WHERE ( pid = 6159 ) ORDER BY id ASC  [ RunTime:0.0005s ]
SQL: SELECT `id`,`uid`,`content`,`pid_sub` FROM `sucai_comment` WHERE ( pid = 6157 ) ORDER BY id ASC  [ RunTime:0.0004s ]
SQL: SELECT `id`,`uid`,`content`,`pid_sub` FROM `sucai_comment` WHERE ( pid = 6156 ) ORDER BY id ASC  [ RunTime:0.0004s ]
SQL: SELECT `id`,`uid`,`content`,`pid_sub` FROM `sucai_comment` WHERE ( pid = 6155 ) ORDER BY id ASC  [ RunTime:0.0004s ]
SQL: SELECT `id`,`uid`,`content`,`pid_sub` FROM `sucai_comment` WHERE ( pid = 6153 ) ORDER BY id ASC  [ RunTime:0.0004s ]
SQL: SELECT `id`,`uid`,`content`,`pid_sub` FROM `sucai_comment` WHERE ( pid = 6152 ) ORDER BY id ASC  [ RunTime:0.0004s ]
SQL: SELECT `id`,`uid`,`content`,`pid_sub` FROM `sucai_comment` WHERE ( pid = 6150 ) ORDER BY id ASC  [ RunTime:0.0004s ]
SQL: SELECT `id`,`uid`,`content`,`pid_sub` FROM `sucai_comment` WHERE ( pid = 6149 ) ORDER BY id ASC  [ RunTime:0.0004s ]
SQL: SELECT `id`,`uid`,`content`,`pid_sub` FROM `sucai_comment` WHERE ( pid = 6148 ) ORDER BY id ASC  [ RunTime:0.0004s ]
SQL: SELECT `id`,`uid`,`content`,`pid_sub` FROM `sucai_comment` WHERE ( pid = 6145 ) ORDER BY id ASC  [ RunTime:0.0004s ]
SQL: SHOW COLUMNS FROM `sucai_emot` [ RunTime:0.0008s ]
NOTIC: [2] Missing argument 1 for Think\PageAjax::show(), called in /data/wwwroot/erdangjiade/jquery/8/816/demo/Application/Home/Controller/IndexController.class.php on line 31 and defined /data/wwwroot/erdangjiade/jquery/8/816/demo/ThinkPHP/Library/Think/PageAjax.class.php 第 77 行.
NOTIC: [8] Undefined variable: url_replace /data/wwwroot/erdangjiade/jquery/8/816/demo/ThinkPHP/Library/Think/PageAjax.class.php 第 84 行.
INFO: [ view_parse ] --START--
INFO: [ template_filter ] --START--
INFO: Run Behavior\ContentReplaceBehavior [ RunTime:0.000132s ]
INFO: [ template_filter ] --END-- [ RunTime:0.000205s ]
NOTIC: [8] Undefined variable: control /data/wwwroot/erdangjiade/jquery/8/816/demo/Application/Runtime/Cache/Home/2a94b8bda04ff446dcedd42276fc99ee.php 第 44 行.
NOTIC: [8] Undefined variable: control /data/wwwroot/erdangjiade/jquery/8/816/demo/Application/Runtime/Cache/Home/2a94b8bda04ff446dcedd42276fc99ee.php 第 45 行.
NOTIC: [8] Undefined variable: control /data/wwwroot/erdangjiade/jquery/8/816/demo/Application/Runtime/Cache/Home/2a94b8bda04ff446dcedd42276fc99ee.php 第 46 行.
NOTIC: [8] Undefined variable: control /data/wwwroot/erdangjiade/jquery/8/816/demo/Application/Runtime/Cache/Home/2a94b8bda04ff446dcedd42276fc99ee.php 第 47 行.
NOTIC: [8] Undefined variable: mtype /data/wwwroot/erdangjiade/jquery/8/816/demo/Application/Runtime/Cache/Home/2a94b8bda04ff446dcedd42276fc99ee.php 第 76 行.
NOTIC: [8] Undefined index: uname /data/wwwroot/erdangjiade/jquery/8/816/demo/Application/Runtime/Cache/Home/2a94b8bda04ff446dcedd42276fc99ee.php 第 85 行.
NOTIC: [8] Undefined variable: mtype /data/wwwroot/erdangjiade/jquery/8/816/demo/Application/Runtime/Cache/Home/2a94b8bda04ff446dcedd42276fc99ee.php 第 100 行.
NOTIC: [8] Undefined index: uname /data/wwwroot/erdangjiade/jquery/8/816/demo/Application/Runtime/Cache/Home/2a94b8bda04ff446dcedd42276fc99ee.php 第 85 行.
NOTIC: [8] Undefined variable: mtype /data/wwwroot/erdangjiade/jquery/8/816/demo/Application/Runtime/Cache/Home/2a94b8bda04ff446dcedd42276fc99ee.php 第 100 行.
NOTIC: [8] Undefined index: uname /data/wwwroot/erdangjiade/jquery/8/816/demo/Application/Runtime/Cache/Home/2a94b8bda04ff446dcedd42276fc99ee.php 第 85 行.
NOTIC: [8] Undefined variable: mtype /data/wwwroot/erdangjiade/jquery/8/816/demo/Application/Runtime/Cache/Home/2a94b8bda04ff446dcedd42276fc99ee.php 第 100 行.
NOTIC: [8] Undefined index: uname /data/wwwroot/erdangjiade/jquery/8/816/demo/Application/Runtime/Cache/Home/2a94b8bda04ff446dcedd42276fc99ee.php 第 85 行.
NOTIC: [8] Undefined variable: mtype /data/wwwroot/erdangjiade/jquery/8/816/demo/Application/Runtime/Cache/Home/2a94b8bda04ff446dcedd42276fc99ee.php 第 100 行.
NOTIC: [8] Undefined variable: mtype /data/wwwroot/erdangjiade/jquery/8/816/demo/Application/Runtime/Cache/Home/2a94b8bda04ff446dcedd42276fc99ee.php 第 121 行.
NOTIC: [8] Undefined index: uname /data/wwwroot/erdangjiade/jquery/8/816/demo/Application/Runtime/Cache/Home/2a94b8bda04ff446dcedd42276fc99ee.php 第 85 行.
NOTIC: [8] Undefined variable: mtype /data/wwwroot/erdangjiade/jquery/8/816/demo/Application/Runtime/Cache/Home/2a94b8bda04ff446dcedd42276fc99ee.php 第 100 行.
NOTIC: [8] Undefined variable: mtype /data/wwwroot/erdangjiade/jquery/8/816/demo/Application/Runtime/Cache/Home/2a94b8bda04ff446dcedd42276fc99ee.php 第 121 行.
NOTIC: [8] Undefined index: uname /data/wwwroot/erdangjiade/jquery/8/816/demo/Application/Runtime/Cache/Home/2a94b8bda04ff446dcedd42276fc99ee.php 第 85 行.
NOTIC: [8] Undefined variable: mtype /data/wwwroot/erdangjiade/jquery/8/816/demo/Application/Runtime/Cache/Home/2a94b8bda04ff446dcedd42276fc99ee.php 第 100 行.
NOTIC: [8] Undefined index: uname /data/wwwroot/erdangjiade/jquery/8/816/demo/Application/Runtime/Cache/Home/2a94b8bda04ff446dcedd42276fc99ee.php 第 85 行.
NOTIC: [8] Undefined variable: mtype /data/wwwroot/erdangjiade/jquery/8/816/demo/Application/Runtime/Cache/Home/2a94b8bda04ff446dcedd42276fc99ee.php 第 100 行.
NOTIC: [8] Undefined index: uname /data/wwwroot/erdangjiade/jquery/8/816/demo/Application/Runtime/Cache/Home/2a94b8bda04ff446dcedd42276fc99ee.php 第 85 行.
NOTIC: [8] Undefined variable: mtype /data/wwwroot/erdangjiade/jquery/8/816/demo/Application/Runtime/Cache/Home/2a94b8bda04ff446dcedd42276fc99ee.php 第 100 行.
NOTIC: [8] Undefined index: uname /data/wwwroot/erdangjiade/jquery/8/816/demo/Application/Runtime/Cache/Home/2a94b8bda04ff446dcedd42276fc99ee.php 第 85 行.
NOTIC: [8] Undefined variable: mtype /data/wwwroot/erdangjiade/jquery/8/816/demo/Application/Runtime/Cache/Home/2a94b8bda04ff446dcedd42276fc99ee.php 第 100 行.
NOTIC: [8] Undefined index: uname /data/wwwroot/erdangjiade/jquery/8/816/demo/Application/Runtime/Cache/Home/2a94b8bda04ff446dcedd42276fc99ee.php 第 85 行.
NOTIC: [8] Undefined variable: mtype /data/wwwroot/erdangjiade/jquery/8/816/demo/Application/Runtime/Cache/Home/2a94b8bda04ff446dcedd42276fc99ee.php 第 100 行.
NOTIC: [8] Undefined variable: mtype /data/wwwroot/erdangjiade/jquery/8/816/demo/Application/Runtime/Cache/Home/2a94b8bda04ff446dcedd42276fc99ee.php 第 121 行.
SQL: SELECT `uid` FROM `sucai_comment` WHERE ( id = 6146 ) LIMIT 1   [ RunTime:0.0004s ]
NOTIC: [8] Undefined variable: mtype /data/wwwroot/erdangjiade/jquery/8/816/demo/Application/Runtime/Cache/Home/2a94b8bda04ff446dcedd42276fc99ee.php 第 121 行.
NOTIC: [8] Undefined variable: mtype /data/wwwroot/erdangjiade/jquery/8/816/demo/Application/Runtime/Cache/Home/2a94b8bda04ff446dcedd42276fc99ee.php 第 130 行.
NOTIC: [8] Undefined variable: url_cur /data/wwwroot/erdangjiade/jquery/8/816/demo/Application/Runtime/Cache/Home/2a94b8bda04ff446dcedd42276fc99ee.php 第 148 行.
NOTIC: [8] Undefined variable: mtype /data/wwwroot/erdangjiade/jquery/8/816/demo/Application/Runtime/Cache/Home/2a94b8bda04ff446dcedd42276fc99ee.php 第 148 行.
INFO: Run Behavior\ParseTemplateBehavior [ RunTime:0.075582s ]
INFO: [ view_parse ] --END-- [ RunTime:0.075642s ]
INFO: [ view_filter ] --START--
INFO: Run Behavior\WriteHtmlCacheBehavior [ RunTime:0.002217s ]
INFO: [ view_filter ] --END-- [ RunTime:0.002265s ]
INFO: [ app_end ] --START--
INFO: Run Behavior\ShowPageTraceBehavior [ RunTime:0.002436s ]
INFO: [ app_end ] --END-- [ RunTime:0.002493s ]

[ 2016-12-23T09:31:19+08:00 ] 59.173.53.204 /jquery/8/816/demo/Public/images/favicon.ico
INFO: [ app_init ] --START--
INFO: Run Behavior\BuildLiteBehavior [ RunTime:0.000017s ]
INFO: [ app_init ] --END-- [ RunTime:0.000322s ]

[ 2016-12-23T09:31:19+08:00 ] 59.173.53.204 /jquery/8/816/demo/Ajax/isLogin
INFO: [ app_init ] --START--
INFO: Run Behavior\BuildLiteBehavior [ RunTime:0.000016s ]
INFO: [ app_init ] --END-- [ RunTime:0.000330s ]
INFO: [ app_begin ] --START--
INFO: Run Behavior\ReadHtmlCacheBehavior [ RunTime:0.000424s ]
INFO: [ app_begin ] --END-- [ RunTime:0.000503s ]
INFO: [ app_end ] --START--
INFO: Run Behavior\ShowPageTraceBehavior [ RunTime:0.000420s ]
INFO: [ app_end ] --END-- [ RunTime:0.000486s ]

[ 2016-12-23T09:31:25+08:00 ] 59.173.53.204 /jquery/8/816/demo/Ajax/subcomment
INFO: [ app_init ] --START--
INFO: Run Behavior\BuildLiteBehavior [ RunTime:0.000017s ]
INFO: [ app_init ] --END-- [ RunTime:0.000343s ]
INFO: [ app_begin ] --START--
INFO: Run Behavior\ReadHtmlCacheBehavior [ RunTime:0.000385s ]
INFO: [ app_begin ] --END-- [ RunTime:0.000440s ]
INFO: [ app_end ] --START--
INFO: Run Behavior\ShowPageTraceBehavior [ RunTime:0.000472s ]
INFO: [ app_end ] --END-- [ RunTime:0.000526s ]

[ 2016-12-23T09:31:37+08:00 ] 59.173.53.204 /jquery/8/816/demo/
INFO: [ app_init ] --START--
INFO: Run Behavior\BuildLiteBehavior [ RunTime:0.000016s ]
INFO: [ app_init ] --END-- [ RunTime:0.000303s ]
INFO: [ app_begin ] --START--
INFO: Run Behavior\ReadHtmlCacheBehavior [ RunTime:0.000413s ]
INFO: [ app_begin ] --END-- [ RunTime:0.000469s ]
SQL: SHOW COLUMNS FROM `sucai_comment` [ RunTime:0.0010s ]
SQL: SELECT COUNT(*) AS tp_count FROM `sucai_comment` WHERE ( pid=0 ) LIMIT 1   [ RunTime:0.0005s ]
NOTIC: [8] Undefined variable: p /data/wwwroot/erdangjiade/jquery/8/816/demo/Application/Home/Controller/IndexController.class.php 第 14 行.
SQL: SELECT `id`,`uid`,`content`,`addtime` FROM `sucai_comment` WHERE ( pid=0 ) ORDER BY id DESC LIMIT 10   [ RunTime:0.0003s ]
SQL: SELECT `id`,`uid`,`content`,`pid_sub` FROM `sucai_comment` WHERE ( pid = 6159 ) ORDER BY id ASC  [ RunTime:0.0004s ]
SQL: SELECT `id`,`uid`,`content`,`pid_sub` FROM `sucai_comment` WHERE ( pid = 6157 ) ORDER BY id ASC  [ RunTime:0.0004s ]
SQL: SELECT `id`,`uid`,`content`,`pid_sub` FROM `sucai_comment` WHERE ( pid = 6156 ) ORDER BY id ASC  [ RunTime:0.0004s ]
SQL: SELECT `id`,`uid`,`content`,`pid_sub` FROM `sucai_comment` WHERE ( pid = 6155 ) ORDER BY id ASC  [ RunTime:0.0004s ]
SQL: SELECT `id`,`uid`,`content`,`pid_sub` FROM `sucai_comment` WHERE ( pid = 6153 ) ORDER BY id ASC  [ RunTime:0.0004s ]
SQL: SELECT `id`,`uid`,`content`,`pid_sub` FROM `sucai_comment` WHERE ( pid = 6152 ) ORDER BY id ASC  [ RunTime:0.0004s ]
SQL: SELECT `id`,`uid`,`content`,`pid_sub` FROM `sucai_comment` WHERE ( pid = 6150 ) ORDER BY id ASC  [ RunTime:0.0004s ]
SQL: SELECT `id`,`uid`,`content`,`pid_sub` FROM `sucai_comment` WHERE ( pid = 6149 ) ORDER BY id ASC  [ RunTime:0.0004s ]
SQL: SELECT `id`,`uid`,`content`,`pid_sub` FROM `sucai_comment` WHERE ( pid = 6148 ) ORDER BY id ASC  [ RunTime:0.0005s ]
SQL: SELECT `id`,`uid`,`content`,`pid_sub` FROM `sucai_comment` WHERE ( pid = 6145 ) ORDER BY id ASC  [ RunTime:0.0004s ]
SQL: SHOW COLUMNS FROM `sucai_emot` [ RunTime:0.0006s ]
NOTIC: [2] Missing argument 1 for Think\PageAjax::show(), called in /data/wwwroot/erdangjiade/jquery/8/816/demo/Application/Home/Controller/IndexController.class.php on line 31 and defined /data/wwwroot/erdangjiade/jquery/8/816/demo/ThinkPHP/Library/Think/PageAjax.class.php 第 77 行.
NOTIC: [8] Undefined variable: url_replace /data/wwwroot/erdangjiade/jquery/8/816/demo/ThinkPHP/Library/Think/PageAjax.class.php 第 84 行.
INFO: [ view_parse ] --START--
INFO: [ template_filter ] --START--
INFO: Run Behavior\ContentReplaceBehavior [ RunTime:0.000121s ]
INFO: [ template_filter ] --END-- [ RunTime:0.000191s ]
NOTIC: [8] Undefined variable: control /data/wwwroot/erdangjiade/jquery/8/816/demo/Application/Runtime/Cache/Home/2a94b8bda04ff446dcedd42276fc99ee.php 第 44 行.
NOTIC: [8] Undefined variable: control /data/wwwroot/erdangjiade/jquery/8/816/demo/Application/Runtime/Cache/Home/2a94b8bda04ff446dcedd42276fc99ee.php 第 45 行.
NOTIC: [8] Undefined variable: control /data/wwwroot/erdangjiade/jquery/8/816/demo/Application/Runtime/Cache/Home/2a94b8bda04ff446dcedd42276fc99ee.php 第 46 行.
NOTIC: [8] Undefined variable: control /data/wwwroot/erdangjiade/jquery/8/816/demo/Application/Runtime/Cache/Home/2a94b8bda04ff446dcedd42276fc99ee.php 第 47 行.
NOTIC: [8] Undefined variable: mtype /data/wwwroot/erdangjiade/jquery/8/816/demo/Application/Runtime/Cache/Home/2a94b8bda04ff446dcedd42276fc99ee.php 第 76 行.
NOTIC: [8] Undefined index: uname /data/wwwroot/erdangjiade/jquery/8/816/demo/Application/Runtime/Cache/Home/2a94b8bda04ff446dcedd42276fc99ee.php 第 85 行.
NOTIC: [8] Undefined variable: mtype /data/wwwroot/erdangjiade/jquery/8/816/demo/Application/Runtime/Cache/Home/2a94b8bda04ff446dcedd42276fc99ee.php 第 100 行.
NOTIC: [8] Undefined index: uname /data/wwwroot/erdangjiade/jquery/8/816/demo/Application/Runtime/Cache/Home/2a94b8bda04ff446dcedd42276fc99ee.php 第 85 行.
NOTIC: [8] Undefined variable: mtype /data/wwwroot/erdangjiade/jquery/8/816/demo/Application/Runtime/Cache/Home/2a94b8bda04ff446dcedd42276fc99ee.php 第 100 行.
NOTIC: [8] Undefined index: uname /data/wwwroot/erdangjiade/jquery/8/816/demo/Application/Runtime/Cache/Home/2a94b8bda04ff446dcedd42276fc99ee.php 第 85 行.
NOTIC: [8] Undefined variable: mtype /data/wwwroot/erdangjiade/jquery/8/816/demo/Application/Runtime/Cache/Home/2a94b8bda04ff446dcedd42276fc99ee.php 第 100 行.
NOTIC: [8] Undefined index: uname /data/wwwroot/erdangjiade/jquery/8/816/demo/Application/Runtime/Cache/Home/2a94b8bda04ff446dcedd42276fc99ee.php 第 85 行.
NOTIC: [8] Undefined variable: mtype /data/wwwroot/erdangjiade/jquery/8/816/demo/Application/Runtime/Cache/Home/2a94b8bda04ff446dcedd42276fc99ee.php 第 100 行.
NOTIC: [8] Undefined variable: mtype /data/wwwroot/erdangjiade/jquery/8/816/demo/Application/Runtime/Cache/Home/2a94b8bda04ff446dcedd42276fc99ee.php 第 121 行.
NOTIC: [8] Undefined index: uname /data/wwwroot/erdangjiade/jquery/8/816/demo/Application/Runtime/Cache/Home/2a94b8bda04ff446dcedd42276fc99ee.php 第 85 行.
NOTIC: [8] Undefined variable: mtype /data/wwwroot/erdangjiade/jquery/8/816/demo/Application/Runtime/Cache/Home/2a94b8bda04ff446dcedd42276fc99ee.php 第 100 行.
NOTIC: [8] Undefined variable: mtype /data/wwwroot/erdangjiade/jquery/8/816/demo/Application/Runtime/Cache/Home/2a94b8bda04ff446dcedd42276fc99ee.php 第 121 行.
NOTIC: [8] Undefined index: uname /data/wwwroot/erdangjiade/jquery/8/816/demo/Application/Runtime/Cache/Home/2a94b8bda04ff446dcedd42276fc99ee.php 第 85 行.
NOTIC: [8] Undefined variable: mtype /data/wwwroot/erdangjiade/jquery/8/816/demo/Application/Runtime/Cache/Home/2a94b8bda04ff446dcedd42276fc99ee.php 第 100 行.
NOTIC: [8] Undefined index: uname /data/wwwroot/erdangjiade/jquery/8/816/demo/Application/Runtime/Cache/Home/2a94b8bda04ff446dcedd42276fc99ee.php 第 85 行.
NOTIC: [8] Undefined variable: mtype /data/wwwroot/erdangjiade/jquery/8/816/demo/Application/Runtime/Cache/Home/2a94b8bda04ff446dcedd42276fc99ee.php 第 100 行.
NOTIC: [8] Undefined index: uname /data/wwwroot/erdangjiade/jquery/8/816/demo/Application/Runtime/Cache/Home/2a94b8bda04ff446dcedd42276fc99ee.php 第 85 行.
NOTIC: [8] Undefined variable: mtype /data/wwwroot/erdangjiade/jquery/8/816/demo/Application/Runtime/Cache/Home/2a94b8bda04ff446dcedd42276fc99ee.php 第 100 行.
NOTIC: [8] Undefined index: uname /data/wwwroot/erdangjiade/jquery/8/816/demo/Application/Runtime/Cache/Home/2a94b8bda04ff446dcedd42276fc99ee.php 第 85 行.
NOTIC: [8] Undefined variable: mtype /data/wwwroot/erdangjiade/jquery/8/816/demo/Application/Runtime/Cache/Home/2a94b8bda04ff446dcedd42276fc99ee.php 第 100 行.
NOTIC: [8] Undefined index: uname /data/wwwroot/erdangjiade/jquery/8/816/demo/Application/Runtime/Cache/Home/2a94b8bda04ff446dcedd42276fc99ee.php 第 85 行.
NOTIC: [8] Undefined variable: mtype /data/wwwroot/erdangjiade/jquery/8/816/demo/Application/Runtime/Cache/Home/2a94b8bda04ff446dcedd42276fc99ee.php 第 100 行.
NOTIC: [8] Undefined variable: mtype /data/wwwroot/erdangjiade/jquery/8/816/demo/Application/Runtime/Cache/Home/2a94b8bda04ff446dcedd42276fc99ee.php 第 121 行.
SQL: SELECT `uid` FROM `sucai_comment` WHERE ( id = 6146 ) LIMIT 1   [ RunTime:0.0004s ]
NOTIC: [8] Undefined variable: mtype /data/wwwroot/erdangjiade/jquery/8/816/demo/Application/Runtime/Cache/Home/2a94b8bda04ff446dcedd42276fc99ee.php 第 121 行.
NOTIC: [8] Undefined variable: mtype /data/wwwroot/erdangjiade/jquery/8/816/demo/Application/Runtime/Cache/Home/2a94b8bda04ff446dcedd42276fc99ee.php 第 130 行.
NOTIC: [8] Undefined variable: url_cur /data/wwwroot/erdangjiade/jquery/8/816/demo/Application/Runtime/Cache/Home/2a94b8bda04ff446dcedd42276fc99ee.php 第 148 行.
NOTIC: [8] Undefined variable: mtype /data/wwwroot/erdangjiade/jquery/8/816/demo/Application/Runtime/Cache/Home/2a94b8bda04ff446dcedd42276fc99ee.php 第 148 行.
INFO: Run Behavior\ParseTemplateBehavior [ RunTime:0.020794s ]
INFO: [ view_parse ] --END-- [ RunTime:0.020848s ]
INFO: [ view_filter ] --START--
INFO: Run Behavior\WriteHtmlCacheBehavior [ RunTime:0.000161s ]
INFO: [ view_filter ] --END-- [ RunTime:0.000208s ]
INFO: [ app_end ] --START--
INFO: Run Behavior\ShowPageTraceBehavior [ RunTime:0.000392s ]
INFO: [ app_end ] --END-- [ RunTime:0.000447s ]

[ 2016-12-23T09:31:38+08:00 ] 59.173.53.204 /jquery/8/816/demo/Ajax/isLogin
INFO: [ app_init ] --START--
INFO: Run Behavior\BuildLiteBehavior [ RunTime:0.000017s ]
INFO: [ app_init ] --END-- [ RunTime:0.000366s ]
INFO: [ app_begin ] --START--
INFO: Run Behavior\ReadHtmlCacheBehavior [ RunTime:0.000447s ]
INFO: [ app_begin ] --END-- [ RunTime:0.000501s ]
INFO: [ app_end ] --START--
INFO: Run Behavior\ShowPageTraceBehavior [ RunTime:0.000414s ]
INFO: [ app_end ] --END-- [ RunTime:0.000466s ]

[ 2016-12-23T11:18:09+08:00 ] 183.63.159.80 /jquery/8/816/demo/
INFO: [ app_init ] --START--
INFO: Run Behavior\BuildLiteBehavior [ RunTime:0.000019s ]
INFO: [ app_init ] --END-- [ RunTime:0.000334s ]
INFO: [ app_begin ] --START--
INFO: Run Behavior\ReadHtmlCacheBehavior [ RunTime:0.000412s ]
INFO: [ app_begin ] --END-- [ RunTime:0.000474s ]
SQL: SHOW COLUMNS FROM `sucai_comment` [ RunTime:0.0010s ]
SQL: SELECT COUNT(*) AS tp_count FROM `sucai_comment` WHERE ( pid=0 ) LIMIT 1   [ RunTime:0.0005s ]
NOTIC: [8] Undefined variable: p /data/wwwroot/erdangjiade/jquery/8/816/demo/Application/Home/Controller/IndexController.class.php 第 14 行.
SQL: SELECT `id`,`uid`,`content`,`addtime` FROM `sucai_comment` WHERE ( pid=0 ) ORDER BY id DESC LIMIT 10   [ RunTime:0.0003s ]
SQL: SELECT `id`,`uid`,`content`,`pid_sub` FROM `sucai_comment` WHERE ( pid = 6159 ) ORDER BY id ASC  [ RunTime:0.0004s ]
SQL: SELECT `id`,`uid`,`content`,`pid_sub` FROM `sucai_comment` WHERE ( pid = 6157 ) ORDER BY id ASC  [ RunTime:0.0004s ]
SQL: SELECT `id`,`uid`,`content`,`pid_sub` FROM `sucai_comment` WHERE ( pid = 6156 ) ORDER BY id ASC  [ RunTime:0.0004s ]
SQL: SELECT `id`,`uid`,`content`,`pid_sub` FROM `sucai_comment` WHERE ( pid = 6155 ) ORDER BY id ASC  [ RunTime:0.0004s ]
SQL: SELECT `id`,`uid`,`content`,`pid_sub` FROM `sucai_comment` WHERE ( pid = 6153 ) ORDER BY id ASC  [ RunTime:0.0004s ]
SQL: SELECT `id`,`uid`,`content`,`pid_sub` FROM `sucai_comment` WHERE ( pid = 6152 ) ORDER BY id ASC  [ RunTime:0.0004s ]
SQL: SELECT `id`,`uid`,`content`,`pid_sub` FROM `sucai_comment` WHERE ( pid = 6150 ) ORDER BY id ASC  [ RunTime:0.0004s ]
SQL: SELECT `id`,`uid`,`content`,`pid_sub` FROM `sucai_comment` WHERE ( pid = 6149 ) ORDER BY id ASC  [ RunTime:0.0004s ]
SQL: SELECT `id`,`uid`,`content`,`pid_sub` FROM `sucai_comment` WHERE ( pid = 6148 ) ORDER BY id ASC  [ RunTime:0.0004s ]
SQL: SELECT `id`,`uid`,`content`,`pid_sub` FROM `sucai_comment` WHERE ( pid = 6145 ) ORDER BY id ASC  [ RunTime:0.0004s ]
SQL: SHOW COLUMNS FROM `sucai_emot` [ RunTime:0.0006s ]
NOTIC: [2] Missing argument 1 for Think\PageAjax::show(), called in /data/wwwroot/erdangjiade/jquery/8/816/demo/Application/Home/Controller/IndexController.class.php on line 31 and defined /data/wwwroot/erdangjiade/jquery/8/816/demo/ThinkPHP/Library/Think/PageAjax.class.php 第 77 行.
NOTIC: [8] Undefined variable: url_replace /data/wwwroot/erdangjiade/jquery/8/816/demo/ThinkPHP/Library/Think/PageAjax.class.php 第 84 行.
INFO: [ view_parse ] --START--
INFO: [ template_filter ] --START--
INFO: Run Behavior\ContentReplaceBehavior [ RunTime:0.000145s ]
INFO: [ template_filter ] --END-- [ RunTime:0.000247s ]
NOTIC: [8] Undefined variable: control /data/wwwroot/erdangjiade/jquery/8/816/demo/Application/Runtime/Cache/Home/2a94b8bda04ff446dcedd42276fc99ee.php 第 44 行.
NOTIC: [8] Undefined variable: control /data/wwwroot/erdangjiade/jquery/8/816/demo/Application/Runtime/Cache/Home/2a94b8bda04ff446dcedd42276fc99ee.php 第 45 行.
NOTIC: [8] Undefined variable: control /data/wwwroot/erdangjiade/jquery/8/816/demo/Application/Runtime/Cache/Home/2a94b8bda04ff446dcedd42276fc99ee.php 第 46 行.
NOTIC: [8] Undefined variable: control /data/wwwroot/erdangjiade/jquery/8/816/demo/Application/Runtime/Cache/Home/2a94b8bda04ff446dcedd42276fc99ee.php 第 47 行.
NOTIC: [8] Undefined variable: mtype /data/wwwroot/erdangjiade/jquery/8/816/demo/Application/Runtime/Cache/Home/2a94b8bda04ff446dcedd42276fc99ee.php 第 76 行.
NOTIC: [8] Undefined index: uname /data/wwwroot/erdangjiade/jquery/8/816/demo/Application/Runtime/Cache/Home/2a94b8bda04ff446dcedd42276fc99ee.php 第 85 行.
NOTIC: [8] Undefined variable: mtype /data/wwwroot/erdangjiade/jquery/8/816/demo/Application/Runtime/Cache/Home/2a94b8bda04ff446dcedd42276fc99ee.php 第 100 行.
NOTIC: [8] Undefined index: uname /data/wwwroot/erdangjiade/jquery/8/816/demo/Application/Runtime/Cache/Home/2a94b8bda04ff446dcedd42276fc99ee.php 第 85 行.
NOTIC: [8] Undefined variable: mtype /data/wwwroot/erdangjiade/jquery/8/816/demo/Application/Runtime/Cache/Home/2a94b8bda04ff446dcedd42276fc99ee.php 第 100 行.
NOTIC: [8] Undefined index: uname /data/wwwroot/erdangjiade/jquery/8/816/demo/Application/Runtime/Cache/Home/2a94b8bda04ff446dcedd42276fc99ee.php 第 85 行.
NOTIC: [8] Undefined variable: mtype /data/wwwroot/erdangjiade/jquery/8/816/demo/Application/Runtime/Cache/Home/2a94b8bda04ff446dcedd42276fc99ee.php 第 100 行.
NOTIC: [8] Undefined index: uname /data/wwwroot/erdangjiade/jquery/8/816/demo/Application/Runtime/Cache/Home/2a94b8bda04ff446dcedd42276fc99ee.php 第 85 行.
NOTIC: [8] Undefined variable: mtype /data/wwwroot/erdangjiade/jquery/8/816/demo/Application/Runtime/Cache/Home/2a94b8bda04ff446dcedd42276fc99ee.php 第 100 行.
NOTIC: [8] Undefined variable: mtype /data/wwwroot/erdangjiade/jquery/8/816/demo/Application/Runtime/Cache/Home/2a94b8bda04ff446dcedd42276fc99ee.php 第 121 行.
NOTIC: [8] Undefined index: uname /data/wwwroot/erdangjiade/jquery/8/816/demo/Application/Runtime/Cache/Home/2a94b8bda04ff446dcedd42276fc99ee.php 第 85 行.
NOTIC: [8] Undefined variable: mtype /data/wwwroot/erdangjiade/jquery/8/816/demo/Application/Runtime/Cache/Home/2a94b8bda04ff446dcedd42276fc99ee.php 第 100 行.
NOTIC: [8] Undefined variable: mtype /data/wwwroot/erdangjiade/jquery/8/816/demo/Application/Runtime/Cache/Home/2a94b8bda04ff446dcedd42276fc99ee.php 第 121 行.
NOTIC: [8] Undefined index: uname /data/wwwroot/erdangjiade/jquery/8/816/demo/Application/Runtime/Cache/Home/2a94b8bda04ff446dcedd42276fc99ee.php 第 85 行.
NOTIC: [8] Undefined variable: mtype /data/wwwroot/erdangjiade/jquery/8/816/demo/Application/Runtime/Cache/Home/2a94b8bda04ff446dcedd42276fc99ee.php 第 100 行.
NOTIC: [8] Undefined index: uname /data/wwwroot/erdangjiade/jquery/8/816/demo/Application/Runtime/Cache/Home/2a94b8bda04ff446dcedd42276fc99ee.php 第 85 行.
NOTIC: [8] Undefined variable: mtype /data/wwwroot/erdangjiade/jquery/8/816/demo/Application/Runtime/Cache/Home/2a94b8bda04ff446dcedd42276fc99ee.php 第 100 行.
NOTIC: [8] Undefined index: uname /data/wwwroot/erdangjiade/jquery/8/816/demo/Application/Runtime/Cache/Home/2a94b8bda04ff446dcedd42276fc99ee.php 第 85 行.
NOTIC: [8] Undefined variable: mtype /data/wwwroot/erdangjiade/jquery/8/816/demo/Application/Runtime/Cache/Home/2a94b8bda04ff446dcedd42276fc99ee.php 第 100 行.
NOTIC: [8] Undefined index: uname /data/wwwroot/erdangjiade/jquery/8/816/demo/Application/Runtime/Cache/Home/2a94b8bda04ff446dcedd42276fc99ee.php 第 85 行.
NOTIC: [8] Undefined variable: mtype /data/wwwroot/erdangjiade/jquery/8/816/demo/Application/Runtime/Cache/Home/2a94b8bda04ff446dcedd42276fc99ee.php 第 100 行.
NOTIC: [8] Undefined index: uname /data/wwwroot/erdangjiade/jquery/8/816/demo/Application/Runtime/Cache/Home/2a94b8bda04ff446dcedd42276fc99ee.php 第 85 行.
NOTIC: [8] Undefined variable: mtype /data/wwwroot/erdangjiade/jquery/8/816/demo/Application/Runtime/Cache/Home/2a94b8bda04ff446dcedd42276fc99ee.php 第 100 行.
NOTIC: [8] Undefined variable: mtype /data/wwwroot/erdangjiade/jquery/8/816/demo/Application/Runtime/Cache/Home/2a94b8bda04ff446dcedd42276fc99ee.php 第 121 行.
SQL: SELECT `uid` FROM `sucai_comment` WHERE ( id = 6146 ) LIMIT 1   [ RunTime:0.0003s ]
NOTIC: [8] Undefined variable: mtype /data/wwwroot/erdangjiade/jquery/8/816/demo/Application/Runtime/Cache/Home/2a94b8bda04ff446dcedd42276fc99ee.php 第 121 行.
NOTIC: [8] Undefined variable: mtype /data/wwwroot/erdangjiade/jquery/8/816/demo/Application/Runtime/Cache/Home/2a94b8bda04ff446dcedd42276fc99ee.php 第 130 行.
NOTIC: [8] Undefined variable: url_cur /data/wwwroot/erdangjiade/jquery/8/816/demo/Application/Runtime/Cache/Home/2a94b8bda04ff446dcedd42276fc99ee.php 第 148 行.
NOTIC: [8] Undefined variable: mtype /data/wwwroot/erdangjiade/jquery/8/816/demo/Application/Runtime/Cache/Home/2a94b8bda04ff446dcedd42276fc99ee.php 第 148 行.
INFO: Run Behavior\ParseTemplateBehavior [ RunTime:0.021179s ]
INFO: [ view_parse ] --END-- [ RunTime:0.021237s ]
INFO: [ view_filter ] --START--
INFO: Run Behavior\WriteHtmlCacheBehavior [ RunTime:0.000165s ]
INFO: [ view_filter ] --END-- [ RunTime:0.000215s ]
INFO: [ app_end ] --START--
INFO: Run Behavior\ShowPageTraceBehavior [ RunTime:0.000470s ]
INFO: [ app_end ] --END-- [ RunTime:0.000528s ]

[ 2016-12-23T11:18:10+08:00 ] 183.63.159.80 /jquery/8/816/demo/Ajax/isLogin
INFO: [ app_init ] --START--
INFO: Run Behavior\BuildLiteBehavior [ RunTime:0.000016s ]
INFO: [ app_init ] --END-- [ RunTime:0.000372s ]
INFO: [ app_begin ] --START--
INFO: Run Behavior\ReadHtmlCacheBehavior [ RunTime:0.000405s ]
INFO: [ app_begin ] --END-- [ RunTime:0.000468s ]
INFO: [ app_end ] --START--
INFO: Run Behavior\ShowPageTraceBehavior [ RunTime:0.000387s ]
INFO: [ app_end ] --END-- [ RunTime:0.000440s ]

[ 2016-12-23T11:18:10+08:00 ] 183.63.159.80 /jquery/8/816/demo/Public/images/favicon.ico
INFO: [ app_init ] --START--
INFO: Run Behavior\BuildLiteBehavior [ RunTime:0.000016s ]
INFO: [ app_init ] --END-- [ RunTime:0.000330s ]

[ 2016-12-23T14:14:22+08:00 ] 180.173.62.110 /jquery/8/816/demo/
INFO: [ app_init ] --START--
INFO: Run Behavior\BuildLiteBehavior [ RunTime:0.000024s ]
INFO: [ app_init ] --END-- [ RunTime:0.006984s ]
INFO: [ app_begin ] --START--
INFO: Run Behavior\ReadHtmlCacheBehavior [ RunTime:0.002654s ]
INFO: [ app_begin ] --END-- [ RunTime:0.002721s ]
SQL: SHOW COLUMNS FROM `sucai_comment` [ RunTime:0.0011s ]
SQL: SELECT COUNT(*) AS tp_count FROM `sucai_comment` WHERE ( pid=0 ) LIMIT 1   [ RunTime:0.0005s ]
NOTIC: [8] Undefined variable: p /data/wwwroot/erdangjiade/jquery/8/816/demo/Application/Home/Controller/IndexController.class.php 第 14 行.
SQL: SELECT `id`,`uid`,`content`,`addtime` FROM `sucai_comment` WHERE ( pid=0 ) ORDER BY id DESC LIMIT 10   [ RunTime:0.0003s ]
SQL: SELECT `id`,`uid`,`content`,`pid_sub` FROM `sucai_comment` WHERE ( pid = 6159 ) ORDER BY id ASC  [ RunTime:0.0004s ]
SQL: SELECT `id`,`uid`,`content`,`pid_sub` FROM `sucai_comment` WHERE ( pid = 6157 ) ORDER BY id ASC  [ RunTime:0.0004s ]
SQL: SELECT `id`,`uid`,`content`,`pid_sub` FROM `sucai_comment` WHERE ( pid = 6156 ) ORDER BY id ASC  [ RunTime:0.0004s ]
SQL: SELECT `id`,`uid`,`content`,`pid_sub` FROM `sucai_comment` WHERE ( pid = 6155 ) ORDER BY id ASC  [ RunTime:0.0004s ]
SQL: SELECT `id`,`uid`,`content`,`pid_sub` FROM `sucai_comment` WHERE ( pid = 6153 ) ORDER BY id ASC  [ RunTime:0.0004s ]
SQL: SELECT `id`,`uid`,`content`,`pid_sub` FROM `sucai_comment` WHERE ( pid = 6152 ) ORDER BY id ASC  [ RunTime:0.0004s ]
SQL: SELECT `id`,`uid`,`content`,`pid_sub` FROM `sucai_comment` WHERE ( pid = 6150 ) ORDER BY id ASC  [ RunTime:0.0004s ]
SQL: SELECT `id`,`uid`,`content`,`pid_sub` FROM `sucai_comment` WHERE ( pid = 6149 ) ORDER BY id ASC  [ RunTime:0.0004s ]
SQL: SELECT `id`,`uid`,`content`,`pid_sub` FROM `sucai_comment` WHERE ( pid = 6148 ) ORDER BY id ASC  [ RunTime:0.0004s ]
SQL: SELECT `id`,`uid`,`content`,`pid_sub` FROM `sucai_comment` WHERE ( pid = 6145 ) ORDER BY id ASC  [ RunTime:0.0004s ]
SQL: SHOW COLUMNS FROM `sucai_emot` [ RunTime:0.0007s ]
NOTIC: [2] Missing argument 1 for Think\PageAjax::show(), called in /data/wwwroot/erdangjiade/jquery/8/816/demo/Application/Home/Controller/IndexController.class.php on line 31 and defined /data/wwwroot/erdangjiade/jquery/8/816/demo/ThinkPHP/Library/Think/PageAjax.class.php 第 77 行.
NOTIC: [8] Undefined variable: url_replace /data/wwwroot/erdangjiade/jquery/8/816/demo/ThinkPHP/Library/Think/PageAjax.class.php 第 84 行.
INFO: [ view_parse ] --START--
INFO: [ template_filter ] --START--
INFO: Run Behavior\ContentReplaceBehavior [ RunTime:0.000108s ]
INFO: [ template_filter ] --END-- [ RunTime:0.000185s ]
NOTIC: [8] Undefined variable: control /data/wwwroot/erdangjiade/jquery/8/816/demo/Application/Runtime/Cache/Home/2a94b8bda04ff446dcedd42276fc99ee.php 第 44 行.
NOTIC: [8] Undefined variable: control /data/wwwroot/erdangjiade/jquery/8/816/demo/Application/Runtime/Cache/Home/2a94b8bda04ff446dcedd42276fc99ee.php 第 45 行.
NOTIC: [8] Undefined variable: control /data/wwwroot/erdangjiade/jquery/8/816/demo/Application/Runtime/Cache/Home/2a94b8bda04ff446dcedd42276fc99ee.php 第 46 行.
NOTIC: [8] Undefined variable: control /data/wwwroot/erdangjiade/jquery/8/816/demo/Application/Runtime/Cache/Home/2a94b8bda04ff446dcedd42276fc99ee.php 第 47 行.
NOTIC: [8] Undefined variable: mtype /data/wwwroot/erdangjiade/jquery/8/816/demo/Application/Runtime/Cache/Home/2a94b8bda04ff446dcedd42276fc99ee.php 第 76 行.
NOTIC: [8] Undefined index: uname /data/wwwroot/erdangjiade/jquery/8/816/demo/Application/Runtime/Cache/Home/2a94b8bda04ff446dcedd42276fc99ee.php 第 85 行.
NOTIC: [8] Undefined variable: mtype /data/wwwroot/erdangjiade/jquery/8/816/demo/Application/Runtime/Cache/Home/2a94b8bda04ff446dcedd42276fc99ee.php 第 100 行.
NOTIC: [8] Undefined index: uname /data/wwwroot/erdangjiade/jquery/8/816/demo/Application/Runtime/Cache/Home/2a94b8bda04ff446dcedd42276fc99ee.php 第 85 行.
NOTIC: [8] Undefined variable: mtype /data/wwwroot/erdangjiade/jquery/8/816/demo/Application/Runtime/Cache/Home/2a94b8bda04ff446dcedd42276fc99ee.php 第 100 行.
NOTIC: [8] Undefined index: uname /data/wwwroot/erdangjiade/jquery/8/816/demo/Application/Runtime/Cache/Home/2a94b8bda04ff446dcedd42276fc99ee.php 第 85 行.
NOTIC: [8] Undefined variable: mtype /data/wwwroot/erdangjiade/jquery/8/816/demo/Application/Runtime/Cache/Home/2a94b8bda04ff446dcedd42276fc99ee.php 第 100 行.
NOTIC: [8] Undefined index: uname /data/wwwroot/erdangjiade/jquery/8/816/demo/Application/Runtime/Cache/Home/2a94b8bda04ff446dcedd42276fc99ee.php 第 85 行.
NOTIC: [8] Undefined variable: mtype /data/wwwroot/erdangjiade/jquery/8/816/demo/Application/Runtime/Cache/Home/2a94b8bda04ff446dcedd42276fc99ee.php 第 100 行.
NOTIC: [8] Undefined variable: mtype /data/wwwroot/erdangjiade/jquery/8/816/demo/Application/Runtime/Cache/Home/2a94b8bda04ff446dcedd42276fc99ee.php 第 121 行.
NOTIC: [8] Undefined index: uname /data/wwwroot/erdangjiade/jquery/8/816/demo/Application/Runtime/Cache/Home/2a94b8bda04ff446dcedd42276fc99ee.php 第 85 行.
NOTIC: [8] Undefined variable: mtype /data/wwwroot/erdangjiade/jquery/8/816/demo/Application/Runtime/Cache/Home/2a94b8bda04ff446dcedd42276fc99ee.php 第 100 行.
NOTIC: [8] Undefined variable: mtype /data/wwwroot/erdangjiade/jquery/8/816/demo/Application/Runtime/Cache/Home/2a94b8bda04ff446dcedd42276fc99ee.php 第 121 行.
NOTIC: [8] Undefined index: uname /data/wwwroot/erdangjiade/jquery/8/816/demo/Application/Runtime/Cache/Home/2a94b8bda04ff446dcedd42276fc99ee.php 第 85 行.
NOTIC: [8] Undefined variable: mtype /data/wwwroot/erdangjiade/jquery/8/816/demo/Application/Runtime/Cache/Home/2a94b8bda04ff446dcedd42276fc99ee.php 第 100 行.
NOTIC: [8] Undefined index: uname /data/wwwroot/erdangjiade/jquery/8/816/demo/Application/Runtime/Cache/Home/2a94b8bda04ff446dcedd42276fc99ee.php 第 85 行.
NOTIC: [8] Undefined variable: mtype /data/wwwroot/erdangjiade/jquery/8/816/demo/Application/Runtime/Cache/Home/2a94b8bda04ff446dcedd42276fc99ee.php 第 100 行.
NOTIC: [8] Undefined index: uname /data/wwwroot/erdangjiade/jquery/8/816/demo/Application/Runtime/Cache/Home/2a94b8bda04ff446dcedd42276fc99ee.php 第 85 行.
NOTIC: [8] Undefined variable: mtype /data/wwwroot/erdangjiade/jquery/8/816/demo/Application/Runtime/Cache/Home/2a94b8bda04ff446dcedd42276fc99ee.php 第 100 行.
NOTIC: [8] Undefined index: uname /data/wwwroot/erdangjiade/jquery/8/816/demo/Application/Runtime/Cache/Home/2a94b8bda04ff446dcedd42276fc99ee.php 第 85 行.
NOTIC: [8] Undefined variable: mtype /data/wwwroot/erdangjiade/jquery/8/816/demo/Application/Runtime/Cache/Home/2a94b8bda04ff446dcedd42276fc99ee.php 第 100 行.
NOTIC: [8] Undefined index: uname /data/wwwroot/erdangjiade/jquery/8/816/demo/Application/Runtime/Cache/Home/2a94b8bda04ff446dcedd42276fc99ee.php 第 85 行.
NOTIC: [8] Undefined variable: mtype /data/wwwroot/erdangjiade/jquery/8/816/demo/Application/Runtime/Cache/Home/2a94b8bda04ff446dcedd42276fc99ee.php 第 100 行.
NOTIC: [8] Undefined variable: mtype /data/wwwroot/erdangjiade/jquery/8/816/demo/Application/Runtime/Cache/Home/2a94b8bda04ff446dcedd42276fc99ee.php 第 121 行.
SQL: SELECT `uid` FROM `sucai_comment` WHERE ( id = 6146 ) LIMIT 1   [ RunTime:0.0004s ]
NOTIC: [8] Undefined variable: mtype /data/wwwroot/erdangjiade/jquery/8/816/demo/Application/Runtime/Cache/Home/2a94b8bda04ff446dcedd42276fc99ee.php 第 121 行.
NOTIC: [8] Undefined variable: mtype /data/wwwroot/erdangjiade/jquery/8/816/demo/Application/Runtime/Cache/Home/2a94b8bda04ff446dcedd42276fc99ee.php 第 130 行.
NOTIC: [8] Undefined variable: url_cur /data/wwwroot/erdangjiade/jquery/8/816/demo/Application/Runtime/Cache/Home/2a94b8bda04ff446dcedd42276fc99ee.php 第 148 行.
NOTIC: [8] Undefined variable: mtype /data/wwwroot/erdangjiade/jquery/8/816/demo/Application/Runtime/Cache/Home/2a94b8bda04ff446dcedd42276fc99ee.php 第 148 行.
INFO: Run Behavior\ParseTemplateBehavior [ RunTime:0.052689s ]
INFO: [ view_parse ] --END-- [ RunTime:0.052743s ]
INFO: [ view_filter ] --START--
INFO: Run Behavior\WriteHtmlCacheBehavior [ RunTime:0.002647s ]
INFO: [ view_filter ] --END-- [ RunTime:0.002696s ]
INFO: [ app_end ] --START--
INFO: Run Behavior\ShowPageTraceBehavior [ RunTime:0.003095s ]
INFO: [ app_end ] --END-- [ RunTime:0.003168s ]

[ 2016-12-23T14:14:22+08:00 ] 180.173.62.110 /jquery/8/816/demo/Public/images/favicon.ico
INFO: [ app_init ] --START--
INFO: Run Behavior\BuildLiteBehavior [ RunTime:0.000023s ]
INFO: [ app_init ] --END-- [ RunTime:0.000362s ]

[ 2016-12-23T14:14:22+08:00 ] 180.173.62.110 /jquery/8/816/demo/Ajax/isLogin
INFO: [ app_init ] --START--
INFO: Run Behavior\BuildLiteBehavior [ RunTime:0.000023s ]
INFO: [ app_init ] --END-- [ RunTime:0.000369s ]
INFO: [ app_begin ] --START--
INFO: Run Behavior\ReadHtmlCacheBehavior [ RunTime:0.000412s ]
INFO: [ app_begin ] --END-- [ RunTime:0.000466s ]
INFO: [ app_end ] --START--
INFO: Run Behavior\ShowPageTraceBehavior [ RunTime:0.000397s ]
INFO: [ app_end ] --END-- [ RunTime:0.000450s ]

