[ 2016-11-25T01:52:16+08:00 ] 182.242.225.131 /jquery/8/816/demo/
INFO: [ app_init ] --START--
INFO: Run Behavior\BuildLiteBehavior [ RunTime:0.000021s ]
INFO: [ app_init ] --END-- [ RunTime:0.001210s ]
INFO: [ app_begin ] --START--
INFO: Run Behavior\ReadHtmlCacheBehavior [ RunTime:0.001109s ]
INFO: [ app_begin ] --END-- [ RunTime:0.001160s ]
SQL: SHOW COLUMNS FROM `sucai_comment` [ RunTime:0.0018s ]
SQL: SELECT COUNT(*) AS tp_count FROM `sucai_comment` WHERE ( pid=0 ) LIMIT 1   [ RunTime:0.0004s ]
NOTIC: [8] Undefined variable: p /data/www/jquery/8/816/demo/Application/Home/Controller/IndexController.class.php 第 14 行.
SQL: SELECT `id`,`uid`,`content`,`addtime` FROM `sucai_comment` WHERE ( pid=0 ) ORDER BY id DESC LIMIT 10   [ RunTime:0.0003s ]
SQL: SELECT `id`,`uid`,`content`,`pid_sub` FROM `sucai_comment` WHERE ( pid = 6152 ) ORDER BY id ASC  [ RunTime:0.0004s ]
SQL: SELECT `id`,`uid`,`content`,`pid_sub` FROM `sucai_comment` WHERE ( pid = 6150 ) ORDER BY id ASC  [ RunTime:0.0004s ]
SQL: SELECT `id`,`uid`,`content`,`pid_sub` FROM `sucai_comment` WHERE ( pid = 6149 ) ORDER BY id ASC  [ RunTime:0.0003s ]
SQL: SELECT `id`,`uid`,`content`,`pid_sub` FROM `sucai_comment` WHERE ( pid = 6148 ) ORDER BY id ASC  [ RunTime:0.0004s ]
SQL: SELECT `id`,`uid`,`content`,`pid_sub` FROM `sucai_comment` WHERE ( pid = 6145 ) ORDER BY id ASC  [ RunTime:0.0003s ]
SQL: SELECT `id`,`uid`,`content`,`pid_sub` FROM `sucai_comment` WHERE ( pid = 6144 ) ORDER BY id ASC  [ RunTime:0.0003s ]
SQL: SELECT `id`,`uid`,`content`,`pid_sub` FROM `sucai_comment` WHERE ( pid = 6143 ) ORDER BY id ASC  [ RunTime:0.0003s ]
SQL: SELECT `id`,`uid`,`content`,`pid_sub` FROM `sucai_comment` WHERE ( pid = 6138 ) ORDER BY id ASC  [ RunTime:0.0003s ]
SQL: SELECT `id`,`uid`,`content`,`pid_sub` FROM `sucai_comment` WHERE ( pid = 6137 ) ORDER BY id ASC  [ RunTime:0.0006s ]
SQL: SELECT `id`,`uid`,`content`,`pid_sub` FROM `sucai_comment` WHERE ( pid = 6136 ) ORDER BY id ASC  [ RunTime:0.0004s ]
SQL: SHOW COLUMNS FROM `sucai_emot` [ RunTime:0.0010s ]
NOTIC: [2] Missing argument 1 for Think\PageAjax::show(), called in /data/www/jquery/8/816/demo/Application/Home/Controller/IndexController.class.php on line 31 and defined /data/www/jquery/8/816/demo/ThinkPHP/Library/Think/PageAjax.class.php 第 77 行.
NOTIC: [8] Undefined variable: url_replace /data/www/jquery/8/816/demo/ThinkPHP/Library/Think/PageAjax.class.php 第 84 行.
INFO: [ view_parse ] --START--
INFO: [ template_filter ] --START--
INFO: Run Behavior\ContentReplaceBehavior [ RunTime:0.000133s ]
INFO: [ template_filter ] --END-- [ RunTime:0.000183s ]
NOTIC: [8] Undefined variable: msg_num /data/www/jquery/8/816/demo/Application/Runtime/Cache/Home/2a94b8bda04ff446dcedd42276fc99ee.php 第 18 行.
NOTIC: [8] Undefined variable: url_cur /data/www/jquery/8/816/demo/Application/Runtime/Cache/Home/2a94b8bda04ff446dcedd42276fc99ee.php 第 28 行.
NOTIC: [8] Undefined variable: control /data/www/jquery/8/816/demo/Application/Runtime/Cache/Home/2a94b8bda04ff446dcedd42276fc99ee.php 第 43 行.
NOTIC: [8] Undefined variable: control /data/www/jquery/8/816/demo/Application/Runtime/Cache/Home/2a94b8bda04ff446dcedd42276fc99ee.php 第 46 行.
NOTIC: [8] Undefined variable: url_cur /data/www/jquery/8/816/demo/Application/Runtime/Cache/Home/2a94b8bda04ff446dcedd42276fc99ee.php 第 55 行.
NOTIC: [8] Undefined variable: control /data/www/jquery/8/816/demo/Application/Runtime/Cache/Home/2a94b8bda04ff446dcedd42276fc99ee.php 第 56 行.
NOTIC: [8] Undefined variable: control /data/www/jquery/8/816/demo/Application/Runtime/Cache/Home/2a94b8bda04ff446dcedd42276fc99ee.php 第 102 行.
NOTIC: [8] Undefined variable: control /data/www/jquery/8/816/demo/Application/Runtime/Cache/Home/2a94b8bda04ff446dcedd42276fc99ee.php 第 103 行.
NOTIC: [8] Undefined variable: control /data/www/jquery/8/816/demo/Application/Runtime/Cache/Home/2a94b8bda04ff446dcedd42276fc99ee.php 第 104 行.
NOTIC: [8] Undefined variable: control /data/www/jquery/8/816/demo/Application/Runtime/Cache/Home/2a94b8bda04ff446dcedd42276fc99ee.php 第 105 行.
NOTIC: [8] Undefined variable: control /data/www/jquery/8/816/demo/Application/Runtime/Cache/Home/2a94b8bda04ff446dcedd42276fc99ee.php 第 106 行.
NOTIC: [8] Undefined variable: control /data/www/jquery/8/816/demo/Application/Runtime/Cache/Home/2a94b8bda04ff446dcedd42276fc99ee.php 第 107 行.
NOTIC: [8] Undefined variable: control /data/www/jquery/8/816/demo/Application/Runtime/Cache/Home/2a94b8bda04ff446dcedd42276fc99ee.php 第 108 行.
NOTIC: [8] Undefined variable: control /data/www/jquery/8/816/demo/Application/Runtime/Cache/Home/2a94b8bda04ff446dcedd42276fc99ee.php 第 109 行.
NOTIC: [8] Undefined variable: mtype /data/www/jquery/8/816/demo/Application/Runtime/Cache/Home/2a94b8bda04ff446dcedd42276fc99ee.php 第 138 行.
NOTIC: [8] Undefined index: uname /data/www/jquery/8/816/demo/Application/Runtime/Cache/Home/2a94b8bda04ff446dcedd42276fc99ee.php 第 147 行.
NOTIC: [8] Undefined variable: mtype /data/www/jquery/8/816/demo/Application/Runtime/Cache/Home/2a94b8bda04ff446dcedd42276fc99ee.php 第 162 行.
NOTIC: [8] Undefined index: uname /data/www/jquery/8/816/demo/Application/Runtime/Cache/Home/2a94b8bda04ff446dcedd42276fc99ee.php 第 147 行.
NOTIC: [8] Undefined variable: mtype /data/www/jquery/8/816/demo/Application/Runtime/Cache/Home/2a94b8bda04ff446dcedd42276fc99ee.php 第 162 行.
NOTIC: [8] Undefined index: uname /data/www/jquery/8/816/demo/Application/Runtime/Cache/Home/2a94b8bda04ff446dcedd42276fc99ee.php 第 147 行.
NOTIC: [8] Undefined variable: mtype /data/www/jquery/8/816/demo/Application/Runtime/Cache/Home/2a94b8bda04ff446dcedd42276fc99ee.php 第 162 行.
NOTIC: [8] Undefined index: uname /data/www/jquery/8/816/demo/Application/Runtime/Cache/Home/2a94b8bda04ff446dcedd42276fc99ee.php 第 147 行.
NOTIC: [8] Undefined variable: mtype /data/www/jquery/8/816/demo/Application/Runtime/Cache/Home/2a94b8bda04ff446dcedd42276fc99ee.php 第 162 行.
NOTIC: [8] Undefined index: uname /data/www/jquery/8/816/demo/Application/Runtime/Cache/Home/2a94b8bda04ff446dcedd42276fc99ee.php 第 147 行.
NOTIC: [8] Undefined variable: mtype /data/www/jquery/8/816/demo/Application/Runtime/Cache/Home/2a94b8bda04ff446dcedd42276fc99ee.php 第 162 行.
NOTIC: [8] Undefined variable: mtype /data/www/jquery/8/816/demo/Application/Runtime/Cache/Home/2a94b8bda04ff446dcedd42276fc99ee.php 第 183 行.
SQL: SELECT `uid` FROM `sucai_comment` WHERE ( id = 6146 ) LIMIT 1   [ RunTime:0.0004s ]
NOTIC: [8] Undefined variable: mtype /data/www/jquery/8/816/demo/Application/Runtime/Cache/Home/2a94b8bda04ff446dcedd42276fc99ee.php 第 183 行.
NOTIC: [8] Undefined index: uname /data/www/jquery/8/816/demo/Application/Runtime/Cache/Home/2a94b8bda04ff446dcedd42276fc99ee.php 第 147 行.
NOTIC: [8] Undefined variable: mtype /data/www/jquery/8/816/demo/Application/Runtime/Cache/Home/2a94b8bda04ff446dcedd42276fc99ee.php 第 162 行.
NOTIC: [8] Undefined index: uname /data/www/jquery/8/816/demo/Application/Runtime/Cache/Home/2a94b8bda04ff446dcedd42276fc99ee.php 第 147 行.
NOTIC: [8] Undefined variable: mtype /data/www/jquery/8/816/demo/Application/Runtime/Cache/Home/2a94b8bda04ff446dcedd42276fc99ee.php 第 162 行.
NOTIC: [8] Undefined index: uname /data/www/jquery/8/816/demo/Application/Runtime/Cache/Home/2a94b8bda04ff446dcedd42276fc99ee.php 第 147 行.
NOTIC: [8] Undefined variable: mtype /data/www/jquery/8/816/demo/Application/Runtime/Cache/Home/2a94b8bda04ff446dcedd42276fc99ee.php 第 162 行.
NOTIC: [8] Undefined variable: mtype /data/www/jquery/8/816/demo/Application/Runtime/Cache/Home/2a94b8bda04ff446dcedd42276fc99ee.php 第 183 行.
SQL: SELECT `uid` FROM `sucai_comment` WHERE ( id = 6139 ) LIMIT 1   [ RunTime:0.0002s ]
NOTIC: [8] Undefined variable: mtype /data/www/jquery/8/816/demo/Application/Runtime/Cache/Home/2a94b8bda04ff446dcedd42276fc99ee.php 第 183 行.
SQL: SELECT `uid` FROM `sucai_comment` WHERE ( id = 6141 ) LIMIT 1   [ RunTime:0.0001s ]
NOTIC: [8] Undefined variable: mtype /data/www/jquery/8/816/demo/Application/Runtime/Cache/Home/2a94b8bda04ff446dcedd42276fc99ee.php 第 183 行.
NOTIC: [8] Undefined index: uname /data/www/jquery/8/816/demo/Application/Runtime/Cache/Home/2a94b8bda04ff446dcedd42276fc99ee.php 第 147 行.
NOTIC: [8] Undefined variable: mtype /data/www/jquery/8/816/demo/Application/Runtime/Cache/Home/2a94b8bda04ff446dcedd42276fc99ee.php 第 162 行.
NOTIC: [8] Undefined index: uname /data/www/jquery/8/816/demo/Application/Runtime/Cache/Home/2a94b8bda04ff446dcedd42276fc99ee.php 第 147 行.
NOTIC: [8] Undefined variable: mtype /data/www/jquery/8/816/demo/Application/Runtime/Cache/Home/2a94b8bda04ff446dcedd42276fc99ee.php 第 162 行.
NOTIC: [8] Undefined variable: mtype /data/www/jquery/8/816/demo/Application/Runtime/Cache/Home/2a94b8bda04ff446dcedd42276fc99ee.php 第 192 行.
NOTIC: [8] Undefined variable: url_cur /data/www/jquery/8/816/demo/Application/Runtime/Cache/Home/2a94b8bda04ff446dcedd42276fc99ee.php 第 210 行.
NOTIC: [8] Undefined variable: mtype /data/www/jquery/8/816/demo/Application/Runtime/Cache/Home/2a94b8bda04ff446dcedd42276fc99ee.php 第 210 行.
INFO: Run Behavior\ParseTemplateBehavior [ RunTime:0.038443s ]
INFO: [ view_parse ] --END-- [ RunTime:0.038487s ]
INFO: [ view_filter ] --START--
INFO: Run Behavior\WriteHtmlCacheBehavior [ RunTime:0.001002s ]
INFO: [ view_filter ] --END-- [ RunTime:0.001037s ]
INFO: [ app_end ] --START--
INFO: Run Behavior\ShowPageTraceBehavior [ RunTime:0.001193s ]
INFO: [ app_end ] --END-- [ RunTime:0.001241s ]

[ 2016-11-25T01:52:18+08:00 ] 182.242.225.131 /jquery/8/816/demo/Ajax/isLogin
INFO: [ app_init ] --START--
INFO: Run Behavior\BuildLiteBehavior [ RunTime:0.000017s ]
INFO: [ app_init ] --END-- [ RunTime:0.000329s ]
INFO: [ app_begin ] --START--
INFO: Run Behavior\ReadHtmlCacheBehavior [ RunTime:0.000382s ]
INFO: [ app_begin ] --END-- [ RunTime:0.000431s ]
INFO: [ app_end ] --START--
INFO: Run Behavior\ShowPageTraceBehavior [ RunTime:0.000369s ]
INFO: [ app_end ] --END-- [ RunTime:0.000417s ]

[ 2016-11-25T01:52:20+08:00 ] 182.242.225.131 /jquery/8/816/demo/Ajax/subcomment
INFO: [ app_init ] --START--
INFO: Run Behavior\BuildLiteBehavior [ RunTime:0.000016s ]
INFO: [ app_init ] --END-- [ RunTime:0.000320s ]
INFO: [ app_begin ] --START--
INFO: Run Behavior\ReadHtmlCacheBehavior [ RunTime:0.000372s ]
INFO: [ app_begin ] --END-- [ RunTime:0.000421s ]
INFO: [ app_end ] --START--
INFO: Run Behavior\ShowPageTraceBehavior [ RunTime:0.000367s ]
INFO: [ app_end ] --END-- [ RunTime:0.000414s ]

[ 2016-11-25T01:52:41+08:00 ] 182.242.225.131 /jquery/8/816/demo/Ajax/subcomment
INFO: [ app_init ] --START--
INFO: Run Behavior\BuildLiteBehavior [ RunTime:0.000014s ]
INFO: [ app_init ] --END-- [ RunTime:0.000304s ]
INFO: [ app_begin ] --START--
INFO: Run Behavior\ReadHtmlCacheBehavior [ RunTime:0.000403s ]
INFO: [ app_begin ] --END-- [ RunTime:0.000487s ]
INFO: [ app_end ] --START--
INFO: Run Behavior\ShowPageTraceBehavior [ RunTime:0.000405s ]
INFO: [ app_end ] --END-- [ RunTime:0.000447s ]

[ 2016-11-25T01:52:47+08:00 ] 182.242.225.131 /jquery/8/816/demo/Index/login/type/qq.html
INFO: [ app_init ] --START--
INFO: Run Behavior\BuildLiteBehavior [ RunTime:0.000013s ]
INFO: [ app_init ] --END-- [ RunTime:0.000287s ]
INFO: [ app_begin ] --START--
INFO: Run Behavior\ReadHtmlCacheBehavior [ RunTime:0.000353s ]
INFO: [ app_begin ] --END-- [ RunTime:0.000395s ]
ERR: 非法操作:login

[ 2016-11-25T01:52:52+08:00 ] 182.242.225.131 /jquery/8/816/demo/Ajax/isLogin
INFO: [ app_init ] --START--
INFO: Run Behavior\BuildLiteBehavior [ RunTime:0.000014s ]
INFO: [ app_init ] --END-- [ RunTime:0.000270s ]
INFO: [ app_begin ] --START--
INFO: Run Behavior\ReadHtmlCacheBehavior [ RunTime:0.000335s ]
INFO: [ app_begin ] --END-- [ RunTime:0.000377s ]
INFO: [ app_end ] --START--
INFO: Run Behavior\ShowPageTraceBehavior [ RunTime:0.000344s ]
INFO: [ app_end ] --END-- [ RunTime:0.000384s ]

[ 2016-11-25T01:52:56+08:00 ] 182.242.225.131 /jquery/8/816/demo/Ajax/subcomment
INFO: [ app_init ] --START--
INFO: Run Behavior\BuildLiteBehavior [ RunTime:0.000021s ]
INFO: [ app_init ] --END-- [ RunTime:0.000296s ]
INFO: [ app_begin ] --START--
INFO: Run Behavior\ReadHtmlCacheBehavior [ RunTime:0.000501s ]
INFO: [ app_begin ] --END-- [ RunTime:0.000661s ]
INFO: [ app_end ] --START--
INFO: Run Behavior\ShowPageTraceBehavior [ RunTime:0.000387s ]
INFO: [ app_end ] --END-- [ RunTime:0.000428s ]

[ 2016-11-25T01:52:59+08:00 ] 182.242.225.131 /jquery/8/816/demo/reg.html
INFO: [ app_init ] --START--
INFO: Run Behavior\BuildLiteBehavior [ RunTime:0.000015s ]
INFO: [ app_init ] --END-- [ RunTime:0.000304s ]
INFO: [ app_begin ] --START--
INFO: Run Behavior\ReadHtmlCacheBehavior [ RunTime:0.000334s ]
INFO: [ app_begin ] --END-- [ RunTime:0.000377s ]
ERR: 无法加载控制器:Reg

[ 2016-11-25T07:25:00+08:00 ] 163.172.65.41 /jquery/8/816/demo/js/7-0-0-0
INFO: [ app_init ] --START--
INFO: Run Behavior\BuildLiteBehavior [ RunTime:0.000013s ]
INFO: [ app_init ] --END-- [ RunTime:0.000289s ]
INFO: [ app_begin ] --START--
INFO: Run Behavior\ReadHtmlCacheBehavior [ RunTime:0.000376s ]
INFO: [ app_begin ] --END-- [ RunTime:0.000418s ]
ERR: 无法加载控制器:Js

[ 2016-11-25T09:02:21+08:00 ] 171.221.150.13 /jquery/8/816/demo/
INFO: [ app_init ] --START--
INFO: Run Behavior\BuildLiteBehavior [ RunTime:0.000016s ]
INFO: [ app_init ] --END-- [ RunTime:0.000318s ]
INFO: [ app_begin ] --START--
INFO: Run Behavior\ReadHtmlCacheBehavior [ RunTime:0.000374s ]
INFO: [ app_begin ] --END-- [ RunTime:0.000429s ]
SQL: SHOW COLUMNS FROM `sucai_comment` [ RunTime:0.0016s ]
SQL: SELECT COUNT(*) AS tp_count FROM `sucai_comment` WHERE ( pid=0 ) LIMIT 1   [ RunTime:0.0004s ]
NOTIC: [8] Undefined variable: p /data/www/jquery/8/816/demo/Application/Home/Controller/IndexController.class.php 第 14 行.
SQL: SELECT `id`,`uid`,`content`,`addtime` FROM `sucai_comment` WHERE ( pid=0 ) ORDER BY id DESC LIMIT 10   [ RunTime:0.0179s ]
SQL: SELECT `id`,`uid`,`content`,`pid_sub` FROM `sucai_comment` WHERE ( pid = 6152 ) ORDER BY id ASC  [ RunTime:0.0004s ]
SQL: SELECT `id`,`uid`,`content`,`pid_sub` FROM `sucai_comment` WHERE ( pid = 6150 ) ORDER BY id ASC  [ RunTime:0.0004s ]
SQL: SELECT `id`,`uid`,`content`,`pid_sub` FROM `sucai_comment` WHERE ( pid = 6149 ) ORDER BY id ASC  [ RunTime:0.0003s ]
SQL: SELECT `id`,`uid`,`content`,`pid_sub` FROM `sucai_comment` WHERE ( pid = 6148 ) ORDER BY id ASC  [ RunTime:0.0004s ]
SQL: SELECT `id`,`uid`,`content`,`pid_sub` FROM `sucai_comment` WHERE ( pid = 6145 ) ORDER BY id ASC  [ RunTime:0.0004s ]
SQL: SELECT `id`,`uid`,`content`,`pid_sub` FROM `sucai_comment` WHERE ( pid = 6144 ) ORDER BY id ASC  [ RunTime:0.0004s ]
SQL: SELECT `id`,`uid`,`content`,`pid_sub` FROM `sucai_comment` WHERE ( pid = 6143 ) ORDER BY id ASC  [ RunTime:0.0003s ]
SQL: SELECT `id`,`uid`,`content`,`pid_sub` FROM `sucai_comment` WHERE ( pid = 6138 ) ORDER BY id ASC  [ RunTime:0.0004s ]
SQL: SELECT `id`,`uid`,`content`,`pid_sub` FROM `sucai_comment` WHERE ( pid = 6137 ) ORDER BY id ASC  [ RunTime:0.0003s ]
SQL: SELECT `id`,`uid`,`content`,`pid_sub` FROM `sucai_comment` WHERE ( pid = 6136 ) ORDER BY id ASC  [ RunTime:0.0004s ]
SQL: SHOW COLUMNS FROM `sucai_emot` [ RunTime:0.0009s ]
NOTIC: [2] Missing argument 1 for Think\PageAjax::show(), called in /data/www/jquery/8/816/demo/Application/Home/Controller/IndexController.class.php on line 31 and defined /data/www/jquery/8/816/demo/ThinkPHP/Library/Think/PageAjax.class.php 第 77 行.
NOTIC: [8] Undefined variable: url_replace /data/www/jquery/8/816/demo/ThinkPHP/Library/Think/PageAjax.class.php 第 84 行.
INFO: [ view_parse ] --START--
INFO: [ template_filter ] --START--
INFO: Run Behavior\ContentReplaceBehavior [ RunTime:0.000152s ]
INFO: [ template_filter ] --END-- [ RunTime:0.000224s ]
NOTIC: [8] Undefined variable: msg_num /data/www/jquery/8/816/demo/Application/Runtime/Cache/Home/2a94b8bda04ff446dcedd42276fc99ee.php 第 18 行.
NOTIC: [8] Undefined variable: url_cur /data/www/jquery/8/816/demo/Application/Runtime/Cache/Home/2a94b8bda04ff446dcedd42276fc99ee.php 第 28 行.
NOTIC: [8] Undefined variable: control /data/www/jquery/8/816/demo/Application/Runtime/Cache/Home/2a94b8bda04ff446dcedd42276fc99ee.php 第 43 行.
NOTIC: [8] Undefined variable: control /data/www/jquery/8/816/demo/Application/Runtime/Cache/Home/2a94b8bda04ff446dcedd42276fc99ee.php 第 46 行.
NOTIC: [8] Undefined variable: url_cur /data/www/jquery/8/816/demo/Application/Runtime/Cache/Home/2a94b8bda04ff446dcedd42276fc99ee.php 第 55 行.
NOTIC: [8] Undefined variable: control /data/www/jquery/8/816/demo/Application/Runtime/Cache/Home/2a94b8bda04ff446dcedd42276fc99ee.php 第 56 行.
NOTIC: [8] Undefined variable: control /data/www/jquery/8/816/demo/Application/Runtime/Cache/Home/2a94b8bda04ff446dcedd42276fc99ee.php 第 102 行.
NOTIC: [8] Undefined variable: control /data/www/jquery/8/816/demo/Application/Runtime/Cache/Home/2a94b8bda04ff446dcedd42276fc99ee.php 第 103 行.
NOTIC: [8] Undefined variable: control /data/www/jquery/8/816/demo/Application/Runtime/Cache/Home/2a94b8bda04ff446dcedd42276fc99ee.php 第 104 行.
NOTIC: [8] Undefined variable: control /data/www/jquery/8/816/demo/Application/Runtime/Cache/Home/2a94b8bda04ff446dcedd42276fc99ee.php 第 105 行.
NOTIC: [8] Undefined variable: control /data/www/jquery/8/816/demo/Application/Runtime/Cache/Home/2a94b8bda04ff446dcedd42276fc99ee.php 第 106 行.
NOTIC: [8] Undefined variable: control /data/www/jquery/8/816/demo/Application/Runtime/Cache/Home/2a94b8bda04ff446dcedd42276fc99ee.php 第 107 行.
NOTIC: [8] Undefined variable: control /data/www/jquery/8/816/demo/Application/Runtime/Cache/Home/2a94b8bda04ff446dcedd42276fc99ee.php 第 108 行.
NOTIC: [8] Undefined variable: control /data/www/jquery/8/816/demo/Application/Runtime/Cache/Home/2a94b8bda04ff446dcedd42276fc99ee.php 第 109 行.
NOTIC: [8] Undefined variable: mtype /data/www/jquery/8/816/demo/Application/Runtime/Cache/Home/2a94b8bda04ff446dcedd42276fc99ee.php 第 138 行.
NOTIC: [8] Undefined index: uname /data/www/jquery/8/816/demo/Application/Runtime/Cache/Home/2a94b8bda04ff446dcedd42276fc99ee.php 第 147 行.
NOTIC: [8] Undefined variable: mtype /data/www/jquery/8/816/demo/Application/Runtime/Cache/Home/2a94b8bda04ff446dcedd42276fc99ee.php 第 162 行.
NOTIC: [8] Undefined index: uname /data/www/jquery/8/816/demo/Application/Runtime/Cache/Home/2a94b8bda04ff446dcedd42276fc99ee.php 第 147 行.
NOTIC: [8] Undefined variable: mtype /data/www/jquery/8/816/demo/Application/Runtime/Cache/Home/2a94b8bda04ff446dcedd42276fc99ee.php 第 162 行.
NOTIC: [8] Undefined index: uname /data/www/jquery/8/816/demo/Application/Runtime/Cache/Home/2a94b8bda04ff446dcedd42276fc99ee.php 第 147 行.
NOTIC: [8] Undefined variable: mtype /data/www/jquery/8/816/demo/Application/Runtime/Cache/Home/2a94b8bda04ff446dcedd42276fc99ee.php 第 162 行.
NOTIC: [8] Undefined index: uname /data/www/jquery/8/816/demo/Application/Runtime/Cache/Home/2a94b8bda04ff446dcedd42276fc99ee.php 第 147 行.
NOTIC: [8] Undefined variable: mtype /data/www/jquery/8/816/demo/Application/Runtime/Cache/Home/2a94b8bda04ff446dcedd42276fc99ee.php 第 162 行.
NOTIC: [8] Undefined index: uname /data/www/jquery/8/816/demo/Application/Runtime/Cache/Home/2a94b8bda04ff446dcedd42276fc99ee.php 第 147 行.
NOTIC: [8] Undefined variable: mtype /data/www/jquery/8/816/demo/Application/Runtime/Cache/Home/2a94b8bda04ff446dcedd42276fc99ee.php 第 162 行.
NOTIC: [8] Undefined variable: mtype /data/www/jquery/8/816/demo/Application/Runtime/Cache/Home/2a94b8bda04ff446dcedd42276fc99ee.php 第 183 行.
SQL: SELECT `uid` FROM `sucai_comment` WHERE ( id = 6146 ) LIMIT 1   [ RunTime:0.0005s ]
NOTIC: [8] Undefined variable: mtype /data/www/jquery/8/816/demo/Application/Runtime/Cache/Home/2a94b8bda04ff446dcedd42276fc99ee.php 第 183 行.
NOTIC: [8] Undefined index: uname /data/www/jquery/8/816/demo/Application/Runtime/Cache/Home/2a94b8bda04ff446dcedd42276fc99ee.php 第 147 行.
NOTIC: [8] Undefined variable: mtype /data/www/jquery/8/816/demo/Application/Runtime/Cache/Home/2a94b8bda04ff446dcedd42276fc99ee.php 第 162 行.
NOTIC: [8] Undefined index: uname /data/www/jquery/8/816/demo/Application/Runtime/Cache/Home/2a94b8bda04ff446dcedd42276fc99ee.php 第 147 行.
NOTIC: [8] Undefined variable: mtype /data/www/jquery/8/816/demo/Application/Runtime/Cache/Home/2a94b8bda04ff446dcedd42276fc99ee.php 第 162 行.
NOTIC: [8] Undefined index: uname /data/www/jquery/8/816/demo/Application/Runtime/Cache/Home/2a94b8bda04ff446dcedd42276fc99ee.php 第 147 行.
NOTIC: [8] Undefined variable: mtype /data/www/jquery/8/816/demo/Application/Runtime/Cache/Home/2a94b8bda04ff446dcedd42276fc99ee.php 第 162 行.
NOTIC: [8] Undefined variable: mtype /data/www/jquery/8/816/demo/Application/Runtime/Cache/Home/2a94b8bda04ff446dcedd42276fc99ee.php 第 183 行.
SQL: SELECT `uid` FROM `sucai_comment` WHERE ( id = 6139 ) LIMIT 1   [ RunTime:0.0002s ]
NOTIC: [8] Undefined variable: mtype /data/www/jquery/8/816/demo/Application/Runtime/Cache/Home/2a94b8bda04ff446dcedd42276fc99ee.php 第 183 行.
SQL: SELECT `uid` FROM `sucai_comment` WHERE ( id = 6141 ) LIMIT 1   [ RunTime:0.0002s ]
NOTIC: [8] Undefined variable: mtype /data/www/jquery/8/816/demo/Application/Runtime/Cache/Home/2a94b8bda04ff446dcedd42276fc99ee.php 第 183 行.
NOTIC: [8] Undefined index: uname /data/www/jquery/8/816/demo/Application/Runtime/Cache/Home/2a94b8bda04ff446dcedd42276fc99ee.php 第 147 行.
NOTIC: [8] Undefined variable: mtype /data/www/jquery/8/816/demo/Application/Runtime/Cache/Home/2a94b8bda04ff446dcedd42276fc99ee.php 第 162 行.
NOTIC: [8] Undefined index: uname /data/www/jquery/8/816/demo/Application/Runtime/Cache/Home/2a94b8bda04ff446dcedd42276fc99ee.php 第 147 行.
NOTIC: [8] Undefined variable: mtype /data/www/jquery/8/816/demo/Application/Runtime/Cache/Home/2a94b8bda04ff446dcedd42276fc99ee.php 第 162 行.
NOTIC: [8] Undefined variable: mtype /data/www/jquery/8/816/demo/Application/Runtime/Cache/Home/2a94b8bda04ff446dcedd42276fc99ee.php 第 192 行.
NOTIC: [8] Undefined variable: url_cur /data/www/jquery/8/816/demo/Application/Runtime/Cache/Home/2a94b8bda04ff446dcedd42276fc99ee.php 第 210 行.
NOTIC: [8] Undefined variable: mtype /data/www/jquery/8/816/demo/Application/Runtime/Cache/Home/2a94b8bda04ff446dcedd42276fc99ee.php 第 210 行.
INFO: Run Behavior\ParseTemplateBehavior [ RunTime:0.069860s ]
INFO: [ view_parse ] --END-- [ RunTime:0.069909s ]
INFO: [ view_filter ] --START--
INFO: Run Behavior\WriteHtmlCacheBehavior [ RunTime:0.007954s ]
INFO: [ view_filter ] --END-- [ RunTime:0.007990s ]
INFO: [ app_end ] --START--
INFO: Run Behavior\ShowPageTraceBehavior [ RunTime:0.008228s ]
INFO: [ app_end ] --END-- [ RunTime:0.008282s ]

[ 2016-11-25T09:02:27+08:00 ] 171.221.150.13 /jquery/8/816/demo/Ajax/isLogin
INFO: [ app_init ] --START--
INFO: Run Behavior\BuildLiteBehavior [ RunTime:0.000015s ]
INFO: [ app_init ] --END-- [ RunTime:0.000282s ]
INFO: [ app_begin ] --START--
INFO: Run Behavior\ReadHtmlCacheBehavior [ RunTime:0.000332s ]
INFO: [ app_begin ] --END-- [ RunTime:0.000373s ]
INFO: [ app_end ] --START--
INFO: Run Behavior\ShowPageTraceBehavior [ RunTime:0.000481s ]
INFO: [ app_end ] --END-- [ RunTime:0.000543s ]

[ 2016-11-25T09:02:32+08:00 ] 171.221.150.13 /jquery/8/816/demo/Ajax/subcomment
INFO: [ app_init ] --START--
INFO: Run Behavior\BuildLiteBehavior [ RunTime:0.000016s ]
INFO: [ app_init ] --END-- [ RunTime:0.000303s ]
INFO: [ app_begin ] --START--
INFO: Run Behavior\ReadHtmlCacheBehavior [ RunTime:0.000372s ]
INFO: [ app_begin ] --END-- [ RunTime:0.000414s ]
INFO: [ app_end ] --START--
INFO: Run Behavior\ShowPageTraceBehavior [ RunTime:0.000369s ]
INFO: [ app_end ] --END-- [ RunTime:0.000410s ]

[ 2016-11-25T09:03:12+08:00 ] 111.206.36.16 /jquery/8/816/demo/
INFO: [ app_init ] --START--
INFO: Run Behavior\BuildLiteBehavior [ RunTime:0.000014s ]
INFO: [ app_init ] --END-- [ RunTime:0.000274s ]
INFO: [ app_begin ] --START--
INFO: Run Behavior\ReadHtmlCacheBehavior [ RunTime:0.000361s ]
INFO: [ app_begin ] --END-- [ RunTime:0.000406s ]
SQL: SHOW COLUMNS FROM `sucai_comment` [ RunTime:0.0014s ]
SQL: SELECT COUNT(*) AS tp_count FROM `sucai_comment` WHERE ( pid=0 ) LIMIT 1   [ RunTime:0.0004s ]
NOTIC: [8] Undefined variable: p /data/www/jquery/8/816/demo/Application/Home/Controller/IndexController.class.php 第 14 行.
SQL: SELECT `id`,`uid`,`content`,`addtime` FROM `sucai_comment` WHERE ( pid=0 ) ORDER BY id DESC LIMIT 10   [ RunTime:0.0002s ]
SQL: SELECT `id`,`uid`,`content`,`pid_sub` FROM `sucai_comment` WHERE ( pid = 6152 ) ORDER BY id ASC  [ RunTime:0.0004s ]
SQL: SELECT `id`,`uid`,`content`,`pid_sub` FROM `sucai_comment` WHERE ( pid = 6150 ) ORDER BY id ASC  [ RunTime:0.0004s ]
SQL: SELECT `id`,`uid`,`content`,`pid_sub` FROM `sucai_comment` WHERE ( pid = 6149 ) ORDER BY id ASC  [ RunTime:0.0003s ]
SQL: SELECT `id`,`uid`,`content`,`pid_sub` FROM `sucai_comment` WHERE ( pid = 6148 ) ORDER BY id ASC  [ RunTime:0.0004s ]
SQL: SELECT `id`,`uid`,`content`,`pid_sub` FROM `sucai_comment` WHERE ( pid = 6145 ) ORDER BY id ASC  [ RunTime:0.0003s ]
SQL: SELECT `id`,`uid`,`content`,`pid_sub` FROM `sucai_comment` WHERE ( pid = 6144 ) ORDER BY id ASC  [ RunTime:0.0004s ]
SQL: SELECT `id`,`uid`,`content`,`pid_sub` FROM `sucai_comment` WHERE ( pid = 6143 ) ORDER BY id ASC  [ RunTime:0.0003s ]
SQL: SELECT `id`,`uid`,`content`,`pid_sub` FROM `sucai_comment` WHERE ( pid = 6138 ) ORDER BY id ASC  [ RunTime:0.0004s ]
SQL: SELECT `id`,`uid`,`content`,`pid_sub` FROM `sucai_comment` WHERE ( pid = 6137 ) ORDER BY id ASC  [ RunTime:0.0003s ]
SQL: SELECT `id`,`uid`,`content`,`pid_sub` FROM `sucai_comment` WHERE ( pid = 6136 ) ORDER BY id ASC  [ RunTime:0.0004s ]
SQL: SHOW COLUMNS FROM `sucai_emot` [ RunTime:0.0008s ]
NOTIC: [2] Missing argument 1 for Think\PageAjax::show(), called in /data/www/jquery/8/816/demo/Application/Home/Controller/IndexController.class.php on line 31 and defined /data/www/jquery/8/816/demo/ThinkPHP/Library/Think/PageAjax.class.php 第 77 行.
NOTIC: [8] Undefined variable: url_replace /data/www/jquery/8/816/demo/ThinkPHP/Library/Think/PageAjax.class.php 第 84 行.
INFO: [ view_parse ] --START--
INFO: [ template_filter ] --START--
INFO: Run Behavior\ContentReplaceBehavior [ RunTime:0.000122s ]
INFO: [ template_filter ] --END-- [ RunTime:0.000167s ]
NOTIC: [8] Undefined variable: msg_num /data/www/jquery/8/816/demo/Application/Runtime/Cache/Home/2a94b8bda04ff446dcedd42276fc99ee.php 第 18 行.
NOTIC: [8] Undefined variable: url_cur /data/www/jquery/8/816/demo/Application/Runtime/Cache/Home/2a94b8bda04ff446dcedd42276fc99ee.php 第 28 行.
NOTIC: [8] Undefined variable: control /data/www/jquery/8/816/demo/Application/Runtime/Cache/Home/2a94b8bda04ff446dcedd42276fc99ee.php 第 43 行.
NOTIC: [8] Undefined variable: control /data/www/jquery/8/816/demo/Application/Runtime/Cache/Home/2a94b8bda04ff446dcedd42276fc99ee.php 第 46 行.
NOTIC: [8] Undefined variable: url_cur /data/www/jquery/8/816/demo/Application/Runtime/Cache/Home/2a94b8bda04ff446dcedd42276fc99ee.php 第 55 行.
NOTIC: [8] Undefined variable: control /data/www/jquery/8/816/demo/Application/Runtime/Cache/Home/2a94b8bda04ff446dcedd42276fc99ee.php 第 56 行.
NOTIC: [8] Undefined variable: control /data/www/jquery/8/816/demo/Application/Runtime/Cache/Home/2a94b8bda04ff446dcedd42276fc99ee.php 第 102 行.
NOTIC: [8] Undefined variable: control /data/www/jquery/8/816/demo/Application/Runtime/Cache/Home/2a94b8bda04ff446dcedd42276fc99ee.php 第 103 行.
NOTIC: [8] Undefined variable: control /data/www/jquery/8/816/demo/Application/Runtime/Cache/Home/2a94b8bda04ff446dcedd42276fc99ee.php 第 104 行.
NOTIC: [8] Undefined variable: control /data/www/jquery/8/816/demo/Application/Runtime/Cache/Home/2a94b8bda04ff446dcedd42276fc99ee.php 第 105 行.
NOTIC: [8] Undefined variable: control /data/www/jquery/8/816/demo/Application/Runtime/Cache/Home/2a94b8bda04ff446dcedd42276fc99ee.php 第 106 行.
NOTIC: [8] Undefined variable: control /data/www/jquery/8/816/demo/Application/Runtime/Cache/Home/2a94b8bda04ff446dcedd42276fc99ee.php 第 107 行.
NOTIC: [8] Undefined variable: control /data/www/jquery/8/816/demo/Application/Runtime/Cache/Home/2a94b8bda04ff446dcedd42276fc99ee.php 第 108 行.
NOTIC: [8] Undefined variable: control /data/www/jquery/8/816/demo/Application/Runtime/Cache/Home/2a94b8bda04ff446dcedd42276fc99ee.php 第 109 行.
NOTIC: [8] Undefined variable: mtype /data/www/jquery/8/816/demo/Application/Runtime/Cache/Home/2a94b8bda04ff446dcedd42276fc99ee.php 第 138 行.
NOTIC: [8] Undefined index: uname /data/www/jquery/8/816/demo/Application/Runtime/Cache/Home/2a94b8bda04ff446dcedd42276fc99ee.php 第 147 行.
NOTIC: [8] Undefined variable: mtype /data/www/jquery/8/816/demo/Application/Runtime/Cache/Home/2a94b8bda04ff446dcedd42276fc99ee.php 第 162 行.
NOTIC: [8] Undefined index: uname /data/www/jquery/8/816/demo/Application/Runtime/Cache/Home/2a94b8bda04ff446dcedd42276fc99ee.php 第 147 行.
NOTIC: [8] Undefined variable: mtype /data/www/jquery/8/816/demo/Application/Runtime/Cache/Home/2a94b8bda04ff446dcedd42276fc99ee.php 第 162 行.
NOTIC: [8] Undefined index: uname /data/www/jquery/8/816/demo/Application/Runtime/Cache/Home/2a94b8bda04ff446dcedd42276fc99ee.php 第 147 行.
NOTIC: [8] Undefined variable: mtype /data/www/jquery/8/816/demo/Application/Runtime/Cache/Home/2a94b8bda04ff446dcedd42276fc99ee.php 第 162 行.
NOTIC: [8] Undefined index: uname /data/www/jquery/8/816/demo/Application/Runtime/Cache/Home/2a94b8bda04ff446dcedd42276fc99ee.php 第 147 行.
NOTIC: [8] Undefined variable: mtype /data/www/jquery/8/816/demo/Application/Runtime/Cache/Home/2a94b8bda04ff446dcedd42276fc99ee.php 第 162 行.
NOTIC: [8] Undefined index: uname /data/www/jquery/8/816/demo/Application/Runtime/Cache/Home/2a94b8bda04ff446dcedd42276fc99ee.php 第 147 行.
NOTIC: [8] Undefined variable: mtype /data/www/jquery/8/816/demo/Application/Runtime/Cache/Home/2a94b8bda04ff446dcedd42276fc99ee.php 第 162 行.
NOTIC: [8] Undefined variable: mtype /data/www/jquery/8/816/demo/Application/Runtime/Cache/Home/2a94b8bda04ff446dcedd42276fc99ee.php 第 183 行.
SQL: SELECT `uid` FROM `sucai_comment` WHERE ( id = 6146 ) LIMIT 1   [ RunTime:0.0002s ]
NOTIC: [8] Undefined variable: mtype /data/www/jquery/8/816/demo/Application/Runtime/Cache/Home/2a94b8bda04ff446dcedd42276fc99ee.php 第 183 行.
NOTIC: [8] Undefined index: uname /data/www/jquery/8/816/demo/Application/Runtime/Cache/Home/2a94b8bda04ff446dcedd42276fc99ee.php 第 147 行.
NOTIC: [8] Undefined variable: mtype /data/www/jquery/8/816/demo/Application/Runtime/Cache/Home/2a94b8bda04ff446dcedd42276fc99ee.php 第 162 行.
NOTIC: [8] Undefined index: uname /data/www/jquery/8/816/demo/Application/Runtime/Cache/Home/2a94b8bda04ff446dcedd42276fc99ee.php 第 147 行.
NOTIC: [8] Undefined variable: mtype /data/www/jquery/8/816/demo/Application/Runtime/Cache/Home/2a94b8bda04ff446dcedd42276fc99ee.php 第 162 行.
NOTIC: [8] Undefined index: uname /data/www/jquery/8/816/demo/Application/Runtime/Cache/Home/2a94b8bda04ff446dcedd42276fc99ee.php 第 147 行.
NOTIC: [8] Undefined variable: mtype /data/www/jquery/8/816/demo/Application/Runtime/Cache/Home/2a94b8bda04ff446dcedd42276fc99ee.php 第 162 行.
NOTIC: [8] Undefined variable: mtype /data/www/jquery/8/816/demo/Application/Runtime/Cache/Home/2a94b8bda04ff446dcedd42276fc99ee.php 第 183 行.
SQL: SELECT `uid` FROM `sucai_comment` WHERE ( id = 6139 ) LIMIT 1   [ RunTime:0.0002s ]
NOTIC: [8] Undefined variable: mtype /data/www/jquery/8/816/demo/Application/Runtime/Cache/Home/2a94b8bda04ff446dcedd42276fc99ee.php 第 183 行.
SQL: SELECT `uid` FROM `sucai_comment` WHERE ( id = 6141 ) LIMIT 1   [ RunTime:0.0001s ]
NOTIC: [8] Undefined variable: mtype /data/www/jquery/8/816/demo/Application/Runtime/Cache/Home/2a94b8bda04ff446dcedd42276fc99ee.php 第 183 行.
NOTIC: [8] Undefined index: uname /data/www/jquery/8/816/demo/Application/Runtime/Cache/Home/2a94b8bda04ff446dcedd42276fc99ee.php 第 147 行.
NOTIC: [8] Undefined variable: mtype /data/www/jquery/8/816/demo/Application/Runtime/Cache/Home/2a94b8bda04ff446dcedd42276fc99ee.php 第 162 行.
NOTIC: [8] Undefined index: uname /data/www/jquery/8/816/demo/Application/Runtime/Cache/Home/2a94b8bda04ff446dcedd42276fc99ee.php 第 147 行.
NOTIC: [8] Undefined variable: mtype /data/www/jquery/8/816/demo/Application/Runtime/Cache/Home/2a94b8bda04ff446dcedd42276fc99ee.php 第 162 行.
NOTIC: [8] Undefined variable: mtype /data/www/jquery/8/816/demo/Application/Runtime/Cache/Home/2a94b8bda04ff446dcedd42276fc99ee.php 第 192 行.
NOTIC: [8] Undefined variable: url_cur /data/www/jquery/8/816/demo/Application/Runtime/Cache/Home/2a94b8bda04ff446dcedd42276fc99ee.php 第 210 行.
NOTIC: [8] Undefined variable: mtype /data/www/jquery/8/816/demo/Application/Runtime/Cache/Home/2a94b8bda04ff446dcedd42276fc99ee.php 第 210 行.
INFO: Run Behavior\ParseTemplateBehavior [ RunTime:0.023370s ]
INFO: [ view_parse ] --END-- [ RunTime:0.023410s ]
INFO: [ view_filter ] --START--
INFO: Run Behavior\WriteHtmlCacheBehavior [ RunTime:0.000135s ]
INFO: [ view_filter ] --END-- [ RunTime:0.000170s ]
INFO: [ app_end ] --START--
INFO: Run Behavior\ShowPageTraceBehavior [ RunTime:0.000377s ]
INFO: [ app_end ] --END-- [ RunTime:0.000419s ]

[ 2016-11-25T09:03:18+08:00 ] 111.206.36.16 /jquery/8/816/demo/Ajax/isLogin
INFO: [ app_init ] --START--
INFO: Run Behavior\BuildLiteBehavior [ RunTime:0.000014s ]
INFO: [ app_init ] --END-- [ RunTime:0.000281s ]
INFO: [ app_begin ] --START--
INFO: Run Behavior\ReadHtmlCacheBehavior [ RunTime:0.000336s ]
INFO: [ app_begin ] --END-- [ RunTime:0.000380s ]
INFO: [ app_end ] --START--
INFO: Run Behavior\ShowPageTraceBehavior [ RunTime:0.000343s ]
INFO: [ app_end ] --END-- [ RunTime:0.000383s ]

[ 2016-11-25T14:45:49+08:00 ] 203.208.60.200 /jquery/8/816/demo/space/uid/2885
INFO: [ app_init ] --START--
INFO: Run Behavior\BuildLiteBehavior [ RunTime:0.000018s ]
INFO: [ app_init ] --END-- [ RunTime:0.001703s ]
INFO: [ app_begin ] --START--
INFO: Run Behavior\ReadHtmlCacheBehavior [ RunTime:0.001762s ]
INFO: [ app_begin ] --END-- [ RunTime:0.001814s ]
ERR: 无法加载控制器:Space

[ 2016-11-25T18:31:17+08:00 ] 223.93.134.22 /jquery/8/816/demo/
INFO: [ app_init ] --START--
INFO: Run Behavior\BuildLiteBehavior [ RunTime:0.000019s ]
INFO: [ app_init ] --END-- [ RunTime:0.001504s ]
INFO: [ app_begin ] --START--
INFO: Run Behavior\ReadHtmlCacheBehavior [ RunTime:0.002541s ]
INFO: [ app_begin ] --END-- [ RunTime:0.002587s ]
SQL: SHOW COLUMNS FROM `sucai_comment` [ RunTime:0.0661s ]
SQL: SELECT COUNT(*) AS tp_count FROM `sucai_comment` WHERE ( pid=0 ) LIMIT 1   [ RunTime:0.0596s ]
NOTIC: [8] Undefined variable: p /data/www/jquery/8/816/demo/Application/Home/Controller/IndexController.class.php 第 14 行.
SQL: SELECT `id`,`uid`,`content`,`addtime` FROM `sucai_comment` WHERE ( pid=0 ) ORDER BY id DESC LIMIT 10   [ RunTime:0.0003s ]
SQL: SELECT `id`,`uid`,`content`,`pid_sub` FROM `sucai_comment` WHERE ( pid = 6152 ) ORDER BY id ASC  [ RunTime:0.0004s ]
SQL: SELECT `id`,`uid`,`content`,`pid_sub` FROM `sucai_comment` WHERE ( pid = 6150 ) ORDER BY id ASC  [ RunTime:0.0003s ]
SQL: SELECT `id`,`uid`,`content`,`pid_sub` FROM `sucai_comment` WHERE ( pid = 6149 ) ORDER BY id ASC  [ RunTime:0.0003s ]
SQL: SELECT `id`,`uid`,`content`,`pid_sub` FROM `sucai_comment` WHERE ( pid = 6148 ) ORDER BY id ASC  [ RunTime:0.0003s ]
SQL: SELECT `id`,`uid`,`content`,`pid_sub` FROM `sucai_comment` WHERE ( pid = 6145 ) ORDER BY id ASC  [ RunTime:0.0003s ]
SQL: SELECT `id`,`uid`,`content`,`pid_sub` FROM `sucai_comment` WHERE ( pid = 6144 ) ORDER BY id ASC  [ RunTime:0.0003s ]
SQL: SELECT `id`,`uid`,`content`,`pid_sub` FROM `sucai_comment` WHERE ( pid = 6143 ) ORDER BY id ASC  [ RunTime:0.0003s ]
SQL: SELECT `id`,`uid`,`content`,`pid_sub` FROM `sucai_comment` WHERE ( pid = 6138 ) ORDER BY id ASC  [ RunTime:0.0004s ]
SQL: SELECT `id`,`uid`,`content`,`pid_sub` FROM `sucai_comment` WHERE ( pid = 6137 ) ORDER BY id ASC  [ RunTime:0.0003s ]
SQL: SELECT `id`,`uid`,`content`,`pid_sub` FROM `sucai_comment` WHERE ( pid = 6136 ) ORDER BY id ASC  [ RunTime:0.0004s ]
SQL: SHOW COLUMNS FROM `sucai_emot` [ RunTime:0.0023s ]
NOTIC: [2] Missing argument 1 for Think\PageAjax::show(), called in /data/www/jquery/8/816/demo/Application/Home/Controller/IndexController.class.php on line 31 and defined /data/www/jquery/8/816/demo/ThinkPHP/Library/Think/PageAjax.class.php 第 77 行.
NOTIC: [8] Undefined variable: url_replace /data/www/jquery/8/816/demo/ThinkPHP/Library/Think/PageAjax.class.php 第 84 行.
INFO: [ view_parse ] --START--
INFO: [ template_filter ] --START--
INFO: Run Behavior\ContentReplaceBehavior [ RunTime:0.000129s ]
INFO: [ template_filter ] --END-- [ RunTime:0.000206s ]
NOTIC: [8] Undefined variable: msg_num /data/www/jquery/8/816/demo/Application/Runtime/Cache/Home/2a94b8bda04ff446dcedd42276fc99ee.php 第 18 行.
NOTIC: [8] Undefined variable: url_cur /data/www/jquery/8/816/demo/Application/Runtime/Cache/Home/2a94b8bda04ff446dcedd42276fc99ee.php 第 28 行.
NOTIC: [8] Undefined variable: control /data/www/jquery/8/816/demo/Application/Runtime/Cache/Home/2a94b8bda04ff446dcedd42276fc99ee.php 第 43 行.
NOTIC: [8] Undefined variable: control /data/www/jquery/8/816/demo/Application/Runtime/Cache/Home/2a94b8bda04ff446dcedd42276fc99ee.php 第 46 行.
NOTIC: [8] Undefined variable: url_cur /data/www/jquery/8/816/demo/Application/Runtime/Cache/Home/2a94b8bda04ff446dcedd42276fc99ee.php 第 55 行.
NOTIC: [8] Undefined variable: control /data/www/jquery/8/816/demo/Application/Runtime/Cache/Home/2a94b8bda04ff446dcedd42276fc99ee.php 第 56 行.
NOTIC: [8] Undefined variable: control /data/www/jquery/8/816/demo/Application/Runtime/Cache/Home/2a94b8bda04ff446dcedd42276fc99ee.php 第 102 行.
NOTIC: [8] Undefined variable: control /data/www/jquery/8/816/demo/Application/Runtime/Cache/Home/2a94b8bda04ff446dcedd42276fc99ee.php 第 103 行.
NOTIC: [8] Undefined variable: control /data/www/jquery/8/816/demo/Application/Runtime/Cache/Home/2a94b8bda04ff446dcedd42276fc99ee.php 第 104 行.
NOTIC: [8] Undefined variable: control /data/www/jquery/8/816/demo/Application/Runtime/Cache/Home/2a94b8bda04ff446dcedd42276fc99ee.php 第 105 行.
NOTIC: [8] Undefined variable: control /data/www/jquery/8/816/demo/Application/Runtime/Cache/Home/2a94b8bda04ff446dcedd42276fc99ee.php 第 106 行.
NOTIC: [8] Undefined variable: control /data/www/jquery/8/816/demo/Application/Runtime/Cache/Home/2a94b8bda04ff446dcedd42276fc99ee.php 第 107 行.
NOTIC: [8] Undefined variable: control /data/www/jquery/8/816/demo/Application/Runtime/Cache/Home/2a94b8bda04ff446dcedd42276fc99ee.php 第 108 行.
NOTIC: [8] Undefined variable: control /data/www/jquery/8/816/demo/Application/Runtime/Cache/Home/2a94b8bda04ff446dcedd42276fc99ee.php 第 109 行.
NOTIC: [8] Undefined variable: mtype /data/www/jquery/8/816/demo/Application/Runtime/Cache/Home/2a94b8bda04ff446dcedd42276fc99ee.php 第 138 行.
NOTIC: [8] Undefined index: uname /data/www/jquery/8/816/demo/Application/Runtime/Cache/Home/2a94b8bda04ff446dcedd42276fc99ee.php 第 147 行.
NOTIC: [8] Undefined variable: mtype /data/www/jquery/8/816/demo/Application/Runtime/Cache/Home/2a94b8bda04ff446dcedd42276fc99ee.php 第 162 行.
NOTIC: [8] Undefined index: uname /data/www/jquery/8/816/demo/Application/Runtime/Cache/Home/2a94b8bda04ff446dcedd42276fc99ee.php 第 147 行.
NOTIC: [8] Undefined variable: mtype /data/www/jquery/8/816/demo/Application/Runtime/Cache/Home/2a94b8bda04ff446dcedd42276fc99ee.php 第 162 行.
NOTIC: [8] Undefined index: uname /data/www/jquery/8/816/demo/Application/Runtime/Cache/Home/2a94b8bda04ff446dcedd42276fc99ee.php 第 147 行.
NOTIC: [8] Undefined variable: mtype /data/www/jquery/8/816/demo/Application/Runtime/Cache/Home/2a94b8bda04ff446dcedd42276fc99ee.php 第 162 行.
NOTIC: [8] Undefined index: uname /data/www/jquery/8/816/demo/Application/Runtime/Cache/Home/2a94b8bda04ff446dcedd42276fc99ee.php 第 147 行.
NOTIC: [8] Undefined variable: mtype /data/www/jquery/8/816/demo/Application/Runtime/Cache/Home/2a94b8bda04ff446dcedd42276fc99ee.php 第 162 行.
NOTIC: [8] Undefined index: uname /data/www/jquery/8/816/demo/Application/Runtime/Cache/Home/2a94b8bda04ff446dcedd42276fc99ee.php 第 147 行.
NOTIC: [8] Undefined variable: mtype /data/www/jquery/8/816/demo/Application/Runtime/Cache/Home/2a94b8bda04ff446dcedd42276fc99ee.php 第 162 行.
NOTIC: [8] Undefined variable: mtype /data/www/jquery/8/816/demo/Application/Runtime/Cache/Home/2a94b8bda04ff446dcedd42276fc99ee.php 第 183 行.
SQL: SELECT `uid` FROM `sucai_comment` WHERE ( id = 6146 ) LIMIT 1   [ RunTime:0.0004s ]
NOTIC: [8] Undefined variable: mtype /data/www/jquery/8/816/demo/Application/Runtime/Cache/Home/2a94b8bda04ff446dcedd42276fc99ee.php 第 183 行.
NOTIC: [8] Undefined index: uname /data/www/jquery/8/816/demo/Application/Runtime/Cache/Home/2a94b8bda04ff446dcedd42276fc99ee.php 第 147 行.
NOTIC: [8] Undefined variable: mtype /data/www/jquery/8/816/demo/Application/Runtime/Cache/Home/2a94b8bda04ff446dcedd42276fc99ee.php 第 162 行.
NOTIC: [8] Undefined index: uname /data/www/jquery/8/816/demo/Application/Runtime/Cache/Home/2a94b8bda04ff446dcedd42276fc99ee.php 第 147 行.
NOTIC: [8] Undefined variable: mtype /data/www/jquery/8/816/demo/Application/Runtime/Cache/Home/2a94b8bda04ff446dcedd42276fc99ee.php 第 162 行.
NOTIC: [8] Undefined index: uname /data/www/jquery/8/816/demo/Application/Runtime/Cache/Home/2a94b8bda04ff446dcedd42276fc99ee.php 第 147 行.
NOTIC: [8] Undefined variable: mtype /data/www/jquery/8/816/demo/Application/Runtime/Cache/Home/2a94b8bda04ff446dcedd42276fc99ee.php 第 162 行.
NOTIC: [8] Undefined variable: mtype /data/www/jquery/8/816/demo/Application/Runtime/Cache/Home/2a94b8bda04ff446dcedd42276fc99ee.php 第 183 行.
SQL: SELECT `uid` FROM `sucai_comment` WHERE ( id = 6139 ) LIMIT 1   [ RunTime:0.0002s ]
NOTIC: [8] Undefined variable: mtype /data/www/jquery/8/816/demo/Application/Runtime/Cache/Home/2a94b8bda04ff446dcedd42276fc99ee.php 第 183 行.
SQL: SELECT `uid` FROM `sucai_comment` WHERE ( id = 6141 ) LIMIT 1   [ RunTime:0.0001s ]
NOTIC: [8] Undefined variable: mtype /data/www/jquery/8/816/demo/Application/Runtime/Cache/Home/2a94b8bda04ff446dcedd42276fc99ee.php 第 183 行.
NOTIC: [8] Undefined index: uname /data/www/jquery/8/816/demo/Application/Runtime/Cache/Home/2a94b8bda04ff446dcedd42276fc99ee.php 第 147 行.
NOTIC: [8] Undefined variable: mtype /data/www/jquery/8/816/demo/Application/Runtime/Cache/Home/2a94b8bda04ff446dcedd42276fc99ee.php 第 162 行.
NOTIC: [8] Undefined index: uname /data/www/jquery/8/816/demo/Application/Runtime/Cache/Home/2a94b8bda04ff446dcedd42276fc99ee.php 第 147 行.
NOTIC: [8] Undefined variable: mtype /data/www/jquery/8/816/demo/Application/Runtime/Cache/Home/2a94b8bda04ff446dcedd42276fc99ee.php 第 162 行.
NOTIC: [8] Undefined variable: mtype /data/www/jquery/8/816/demo/Application/Runtime/Cache/Home/2a94b8bda04ff446dcedd42276fc99ee.php 第 192 行.
NOTIC: [8] Undefined variable: url_cur /data/www/jquery/8/816/demo/Application/Runtime/Cache/Home/2a94b8bda04ff446dcedd42276fc99ee.php 第 210 行.
NOTIC: [8] Undefined variable: mtype /data/www/jquery/8/816/demo/Application/Runtime/Cache/Home/2a94b8bda04ff446dcedd42276fc99ee.php 第 210 行.
INFO: Run Behavior\ParseTemplateBehavior [ RunTime:0.046290s ]
INFO: [ view_parse ] --END-- [ RunTime:0.046331s ]
INFO: [ view_filter ] --START--
INFO: Run Behavior\WriteHtmlCacheBehavior [ RunTime:0.001120s ]
INFO: [ view_filter ] --END-- [ RunTime:0.001156s ]
INFO: [ app_end ] --START--
INFO: Run Behavior\ShowPageTraceBehavior [ RunTime:0.001179s ]
INFO: [ app_end ] --END-- [ RunTime:0.001221s ]

[ 2016-11-25T18:31:19+08:00 ] 223.93.134.22 /jquery/8/816/demo/Ajax/isLogin
INFO: [ app_init ] --START--
INFO: Run Behavior\BuildLiteBehavior [ RunTime:0.000016s ]
INFO: [ app_init ] --END-- [ RunTime:0.000329s ]
INFO: [ app_begin ] --START--
INFO: Run Behavior\ReadHtmlCacheBehavior [ RunTime:0.000369s ]
INFO: [ app_begin ] --END-- [ RunTime:0.000421s ]
INFO: [ app_end ] --START--
INFO: Run Behavior\ShowPageTraceBehavior [ RunTime:0.000378s ]
INFO: [ app_end ] --END-- [ RunTime:0.000428s ]

[ 2016-11-25T18:31:24+08:00 ] 223.93.134.22 /jquery/8/816/demo/Ajax/subcomment
INFO: [ app_init ] --START--
INFO: Run Behavior\BuildLiteBehavior [ RunTime:0.000015s ]
INFO: [ app_init ] --END-- [ RunTime:0.000271s ]
INFO: [ app_begin ] --START--
INFO: Run Behavior\ReadHtmlCacheBehavior [ RunTime:0.000375s ]
INFO: [ app_begin ] --END-- [ RunTime:0.000426s ]
INFO: [ app_end ] --START--
INFO: Run Behavior\ShowPageTraceBehavior [ RunTime:0.000361s ]
INFO: [ app_end ] --END-- [ RunTime:0.000407s ]

[ 2016-11-25T18:31:46+08:00 ] 223.93.134.22 /jquery/8/816/demo/Ajax/subcomment
INFO: [ app_init ] --START--
INFO: Run Behavior\BuildLiteBehavior [ RunTime:0.000014s ]
INFO: [ app_init ] --END-- [ RunTime:0.000279s ]
INFO: [ app_begin ] --START--
INFO: Run Behavior\ReadHtmlCacheBehavior [ RunTime:0.000341s ]
INFO: [ app_begin ] --END-- [ RunTime:0.000382s ]
INFO: [ app_end ] --START--
INFO: Run Behavior\ShowPageTraceBehavior [ RunTime:0.000347s ]
INFO: [ app_end ] --END-- [ RunTime:0.000386s ]

[ 2016-11-25T18:31:50+08:00 ] 223.93.134.22 /jquery/8/816/demo/Index/login/type/qq.html
INFO: [ app_init ] --START--
INFO: Run Behavior\BuildLiteBehavior [ RunTime:0.000012s ]
INFO: [ app_init ] --END-- [ RunTime:0.000254s ]
INFO: [ app_begin ] --START--
INFO: Run Behavior\ReadHtmlCacheBehavior [ RunTime:0.000350s ]
INFO: [ app_begin ] --END-- [ RunTime:0.000400s ]
ERR: 非法操作:login

[ 2016-11-25T18:34:29+08:00 ] 223.93.134.22 /jquery/8/816/demo/
INFO: [ app_init ] --START--
INFO: Run Behavior\BuildLiteBehavior [ RunTime:0.000014s ]
INFO: [ app_init ] --END-- [ RunTime:0.000279s ]
INFO: [ app_begin ] --START--
INFO: Run Behavior\ReadHtmlCacheBehavior [ RunTime:0.000347s ]
INFO: [ app_begin ] --END-- [ RunTime:0.000390s ]
SQL: SHOW COLUMNS FROM `sucai_comment` [ RunTime:0.0015s ]
SQL: SELECT COUNT(*) AS tp_count FROM `sucai_comment` WHERE ( pid=0 ) LIMIT 1   [ RunTime:0.0004s ]
NOTIC: [8] Undefined variable: p /data/www/jquery/8/816/demo/Application/Home/Controller/IndexController.class.php 第 14 行.
SQL: SELECT `id`,`uid`,`content`,`addtime` FROM `sucai_comment` WHERE ( pid=0 ) ORDER BY id DESC LIMIT 10   [ RunTime:0.0002s ]
SQL: SELECT `id`,`uid`,`content`,`pid_sub` FROM `sucai_comment` WHERE ( pid = 6152 ) ORDER BY id ASC  [ RunTime:0.0004s ]
SQL: SELECT `id`,`uid`,`content`,`pid_sub` FROM `sucai_comment` WHERE ( pid = 6150 ) ORDER BY id ASC  [ RunTime:0.0003s ]
SQL: SELECT `id`,`uid`,`content`,`pid_sub` FROM `sucai_comment` WHERE ( pid = 6149 ) ORDER BY id ASC  [ RunTime:0.0003s ]
SQL: SELECT `id`,`uid`,`content`,`pid_sub` FROM `sucai_comment` WHERE ( pid = 6148 ) ORDER BY id ASC  [ RunTime:0.0003s ]
SQL: SELECT `id`,`uid`,`content`,`pid_sub` FROM `sucai_comment` WHERE ( pid = 6145 ) ORDER BY id ASC  [ RunTime:0.0003s ]
SQL: SELECT `id`,`uid`,`content`,`pid_sub` FROM `sucai_comment` WHERE ( pid = 6144 ) ORDER BY id ASC  [ RunTime:0.0003s ]
SQL: SELECT `id`,`uid`,`content`,`pid_sub` FROM `sucai_comment` WHERE ( pid = 6143 ) ORDER BY id ASC  [ RunTime:0.0003s ]
SQL: SELECT `id`,`uid`,`content`,`pid_sub` FROM `sucai_comment` WHERE ( pid = 6138 ) ORDER BY id ASC  [ RunTime:0.0003s ]
SQL: SELECT `id`,`uid`,`content`,`pid_sub` FROM `sucai_comment` WHERE ( pid = 6137 ) ORDER BY id ASC  [ RunTime:0.0003s ]
SQL: SELECT `id`,`uid`,`content`,`pid_sub` FROM `sucai_comment` WHERE ( pid = 6136 ) ORDER BY id ASC  [ RunTime:0.0003s ]
SQL: SHOW COLUMNS FROM `sucai_emot` [ RunTime:0.0009s ]
NOTIC: [2] Missing argument 1 for Think\PageAjax::show(), called in /data/www/jquery/8/816/demo/Application/Home/Controller/IndexController.class.php on line 31 and defined /data/www/jquery/8/816/demo/ThinkPHP/Library/Think/PageAjax.class.php 第 77 行.
NOTIC: [8] Undefined variable: url_replace /data/www/jquery/8/816/demo/ThinkPHP/Library/Think/PageAjax.class.php 第 84 行.
INFO: [ view_parse ] --START--
INFO: [ template_filter ] --START--
INFO: Run Behavior\ContentReplaceBehavior [ RunTime:0.000150s ]
INFO: [ template_filter ] --END-- [ RunTime:0.000204s ]
NOTIC: [8] Undefined variable: msg_num /data/www/jquery/8/816/demo/Application/Runtime/Cache/Home/2a94b8bda04ff446dcedd42276fc99ee.php 第 18 行.
NOTIC: [8] Undefined variable: url_cur /data/www/jquery/8/816/demo/Application/Runtime/Cache/Home/2a94b8bda04ff446dcedd42276fc99ee.php 第 28 行.
NOTIC: [8] Undefined variable: control /data/www/jquery/8/816/demo/Application/Runtime/Cache/Home/2a94b8bda04ff446dcedd42276fc99ee.php 第 43 行.
NOTIC: [8] Undefined variable: control /data/www/jquery/8/816/demo/Application/Runtime/Cache/Home/2a94b8bda04ff446dcedd42276fc99ee.php 第 46 行.
NOTIC: [8] Undefined variable: url_cur /data/www/jquery/8/816/demo/Application/Runtime/Cache/Home/2a94b8bda04ff446dcedd42276fc99ee.php 第 55 行.
NOTIC: [8] Undefined variable: control /data/www/jquery/8/816/demo/Application/Runtime/Cache/Home/2a94b8bda04ff446dcedd42276fc99ee.php 第 56 行.
NOTIC: [8] Undefined variable: control /data/www/jquery/8/816/demo/Application/Runtime/Cache/Home/2a94b8bda04ff446dcedd42276fc99ee.php 第 102 行.
NOTIC: [8] Undefined variable: control /data/www/jquery/8/816/demo/Application/Runtime/Cache/Home/2a94b8bda04ff446dcedd42276fc99ee.php 第 103 行.
NOTIC: [8] Undefined variable: control /data/www/jquery/8/816/demo/Application/Runtime/Cache/Home/2a94b8bda04ff446dcedd42276fc99ee.php 第 104 行.
NOTIC: [8] Undefined variable: control /data/www/jquery/8/816/demo/Application/Runtime/Cache/Home/2a94b8bda04ff446dcedd42276fc99ee.php 第 105 行.
NOTIC: [8] Undefined variable: control /data/www/jquery/8/816/demo/Application/Runtime/Cache/Home/2a94b8bda04ff446dcedd42276fc99ee.php 第 106 行.
NOTIC: [8] Undefined variable: control /data/www/jquery/8/816/demo/Application/Runtime/Cache/Home/2a94b8bda04ff446dcedd42276fc99ee.php 第 107 行.
NOTIC: [8] Undefined variable: control /data/www/jquery/8/816/demo/Application/Runtime/Cache/Home/2a94b8bda04ff446dcedd42276fc99ee.php 第 108 行.
NOTIC: [8] Undefined variable: control /data/www/jquery/8/816/demo/Application/Runtime/Cache/Home/2a94b8bda04ff446dcedd42276fc99ee.php 第 109 行.
NOTIC: [8] Undefined variable: mtype /data/www/jquery/8/816/demo/Application/Runtime/Cache/Home/2a94b8bda04ff446dcedd42276fc99ee.php 第 138 行.
NOTIC: [8] Undefined index: uname /data/www/jquery/8/816/demo/Application/Runtime/Cache/Home/2a94b8bda04ff446dcedd42276fc99ee.php 第 147 行.
NOTIC: [8] Undefined variable: mtype /data/www/jquery/8/816/demo/Application/Runtime/Cache/Home/2a94b8bda04ff446dcedd42276fc99ee.php 第 162 行.
NOTIC: [8] Undefined index: uname /data/www/jquery/8/816/demo/Application/Runtime/Cache/Home/2a94b8bda04ff446dcedd42276fc99ee.php 第 147 行.
NOTIC: [8] Undefined variable: mtype /data/www/jquery/8/816/demo/Application/Runtime/Cache/Home/2a94b8bda04ff446dcedd42276fc99ee.php 第 162 行.
NOTIC: [8] Undefined index: uname /data/www/jquery/8/816/demo/Application/Runtime/Cache/Home/2a94b8bda04ff446dcedd42276fc99ee.php 第 147 行.
NOTIC: [8] Undefined variable: mtype /data/www/jquery/8/816/demo/Application/Runtime/Cache/Home/2a94b8bda04ff446dcedd42276fc99ee.php 第 162 行.
NOTIC: [8] Undefined index: uname /data/www/jquery/8/816/demo/Application/Runtime/Cache/Home/2a94b8bda04ff446dcedd42276fc99ee.php 第 147 行.
NOTIC: [8] Undefined variable: mtype /data/www/jquery/8/816/demo/Application/Runtime/Cache/Home/2a94b8bda04ff446dcedd42276fc99ee.php 第 162 行.
NOTIC: [8] Undefined index: uname /data/www/jquery/8/816/demo/Application/Runtime/Cache/Home/2a94b8bda04ff446dcedd42276fc99ee.php 第 147 行.
NOTIC: [8] Undefined variable: mtype /data/www/jquery/8/816/demo/Application/Runtime/Cache/Home/2a94b8bda04ff446dcedd42276fc99ee.php 第 162 行.
NOTIC: [8] Undefined variable: mtype /data/www/jquery/8/816/demo/Application/Runtime/Cache/Home/2a94b8bda04ff446dcedd42276fc99ee.php 第 183 行.
SQL: SELECT `uid` FROM `sucai_comment` WHERE ( id = 6146 ) LIMIT 1   [ RunTime:0.0004s ]
NOTIC: [8] Undefined variable: mtype /data/www/jquery/8/816/demo/Application/Runtime/Cache/Home/2a94b8bda04ff446dcedd42276fc99ee.php 第 183 行.
NOTIC: [8] Undefined index: uname /data/www/jquery/8/816/demo/Application/Runtime/Cache/Home/2a94b8bda04ff446dcedd42276fc99ee.php 第 147 行.
NOTIC: [8] Undefined variable: mtype /data/www/jquery/8/816/demo/Application/Runtime/Cache/Home/2a94b8bda04ff446dcedd42276fc99ee.php 第 162 行.
NOTIC: [8] Undefined index: uname /data/www/jquery/8/816/demo/Application/Runtime/Cache/Home/2a94b8bda04ff446dcedd42276fc99ee.php 第 147 行.
NOTIC: [8] Undefined variable: mtype /data/www/jquery/8/816/demo/Application/Runtime/Cache/Home/2a94b8bda04ff446dcedd42276fc99ee.php 第 162 行.
NOTIC: [8] Undefined index: uname /data/www/jquery/8/816/demo/Application/Runtime/Cache/Home/2a94b8bda04ff446dcedd42276fc99ee.php 第 147 行.
NOTIC: [8] Undefined variable: mtype /data/www/jquery/8/816/demo/Application/Runtime/Cache/Home/2a94b8bda04ff446dcedd42276fc99ee.php 第 162 行.
NOTIC: [8] Undefined variable: mtype /data/www/jquery/8/816/demo/Application/Runtime/Cache/Home/2a94b8bda04ff446dcedd42276fc99ee.php 第 183 行.
SQL: SELECT `uid` FROM `sucai_comment` WHERE ( id = 6139 ) LIMIT 1   [ RunTime:0.0002s ]
NOTIC: [8] Undefined variable: mtype /data/www/jquery/8/816/demo/Application/Runtime/Cache/Home/2a94b8bda04ff446dcedd42276fc99ee.php 第 183 行.
SQL: SELECT `uid` FROM `sucai_comment` WHERE ( id = 6141 ) LIMIT 1   [ RunTime:0.0002s ]
NOTIC: [8] Undefined variable: mtype /data/www/jquery/8/816/demo/Application/Runtime/Cache/Home/2a94b8bda04ff446dcedd42276fc99ee.php 第 183 行.
NOTIC: [8] Undefined index: uname /data/www/jquery/8/816/demo/Application/Runtime/Cache/Home/2a94b8bda04ff446dcedd42276fc99ee.php 第 147 行.
NOTIC: [8] Undefined variable: mtype /data/www/jquery/8/816/demo/Application/Runtime/Cache/Home/2a94b8bda04ff446dcedd42276fc99ee.php 第 162 行.
NOTIC: [8] Undefined index: uname /data/www/jquery/8/816/demo/Application/Runtime/Cache/Home/2a94b8bda04ff446dcedd42276fc99ee.php 第 147 行.
NOTIC: [8] Undefined variable: mtype /data/www/jquery/8/816/demo/Application/Runtime/Cache/Home/2a94b8bda04ff446dcedd42276fc99ee.php 第 162 行.
NOTIC: [8] Undefined variable: mtype /data/www/jquery/8/816/demo/Application/Runtime/Cache/Home/2a94b8bda04ff446dcedd42276fc99ee.php 第 192 行.
NOTIC: [8] Undefined variable: url_cur /data/www/jquery/8/816/demo/Application/Runtime/Cache/Home/2a94b8bda04ff446dcedd42276fc99ee.php 第 210 行.
NOTIC: [8] Undefined variable: mtype /data/www/jquery/8/816/demo/Application/Runtime/Cache/Home/2a94b8bda04ff446dcedd42276fc99ee.php 第 210 行.
INFO: Run Behavior\ParseTemplateBehavior [ RunTime:0.021221s ]
INFO: [ view_parse ] --END-- [ RunTime:0.021260s ]
INFO: [ view_filter ] --START--
INFO: Run Behavior\WriteHtmlCacheBehavior [ RunTime:0.000136s ]
INFO: [ view_filter ] --END-- [ RunTime:0.000172s ]
INFO: [ app_end ] --START--
INFO: Run Behavior\ShowPageTraceBehavior [ RunTime:0.000398s ]
INFO: [ app_end ] --END-- [ RunTime:0.000439s ]

[ 2016-11-25T18:34:30+08:00 ] 223.93.134.22 /jquery/8/816/demo/Ajax/isLogin
INFO: [ app_init ] --START--
INFO: Run Behavior\BuildLiteBehavior [ RunTime:0.000013s ]
INFO: [ app_init ] --END-- [ RunTime:0.000271s ]
INFO: [ app_begin ] --START--
INFO: Run Behavior\ReadHtmlCacheBehavior [ RunTime:0.000392s ]
INFO: [ app_begin ] --END-- [ RunTime:0.000454s ]
INFO: [ app_end ] --START--
INFO: Run Behavior\ShowPageTraceBehavior [ RunTime:0.000471s ]
INFO: [ app_end ] --END-- [ RunTime:0.000514s ]

[ 2016-11-25T18:34:34+08:00 ] 223.93.134.22 /jquery/8/816/demo/Ajax/subcomment
INFO: [ app_init ] --START--
INFO: Run Behavior\BuildLiteBehavior [ RunTime:0.000013s ]
INFO: [ app_init ] --END-- [ RunTime:0.000264s ]
INFO: [ app_begin ] --START--
INFO: Run Behavior\ReadHtmlCacheBehavior [ RunTime:0.000335s ]
INFO: [ app_begin ] --END-- [ RunTime:0.000377s ]

[ 2016-11-25T18:34:42+08:00 ] 223.93.134.22 /jquery/8/816/demo/Ajax/subcomment
INFO: [ app_init ] --START--
INFO: Run Behavior\BuildLiteBehavior [ RunTime:0.000033s ]
INFO: [ app_init ] --END-- [ RunTime:0.000308s ]
INFO: [ app_begin ] --START--
INFO: Run Behavior\ReadHtmlCacheBehavior [ RunTime:0.000351s ]
INFO: [ app_begin ] --END-- [ RunTime:0.000393s ]
SQL: SHOW COLUMNS FROM `sucai_comment` [ RunTime:0.0015s ]
SQL: SELECT `id` FROM `sucai_comment` WHERE ( content='hjhuighfgghdsgesrfgy' ) LIMIT 1   [ RunTime:0.0004s ]
SQL: INSERT INTO `sucai_comment` (`uid`,`mtype`,`tid`,`pid`,`pid_sub`,`touid`,`addtime`,`content`) VALUES ('10858','0','1','0','0','2','1480070082','hjhuighfgghdsgesrfgy') [ RunTime:0.0002s ]
SQL: SELECT COUNT(*) AS tp_count FROM `sucai_comment` WHERE ( uid = 10858 AND addtime between 1480003200 AND 1480089600 ) LIMIT 1   [ RunTime:0.0004s ]
INFO: [ app_end ] --START--
INFO: Run Behavior\ShowPageTraceBehavior [ RunTime:0.000408s ]
INFO: [ app_end ] --END-- [ RunTime:0.000450s ]

[ 2016-11-25T18:34:55+08:00 ] 223.93.134.22 /jquery/8/816/demo/Ajax/subcomment
INFO: [ app_init ] --START--
INFO: Run Behavior\BuildLiteBehavior [ RunTime:0.000014s ]
INFO: [ app_init ] --END-- [ RunTime:0.000265s ]
INFO: [ app_begin ] --START--
INFO: Run Behavior\ReadHtmlCacheBehavior [ RunTime:0.000333s ]
INFO: [ app_begin ] --END-- [ RunTime:0.000373s ]

[ 2016-11-25T18:34:59+08:00 ] 223.93.134.22 /jquery/8/816/demo/Ajax/subcomment
INFO: [ app_init ] --START--
INFO: Run Behavior\BuildLiteBehavior [ RunTime:0.000014s ]
INFO: [ app_init ] --END-- [ RunTime:0.000268s ]
INFO: [ app_begin ] --START--
INFO: Run Behavior\ReadHtmlCacheBehavior [ RunTime:0.000361s ]
INFO: [ app_begin ] --END-- [ RunTime:0.000403s ]

[ 2016-11-25T18:35:07+08:00 ] 223.93.134.22 /jquery/8/816/demo/Ajax/subcomment
INFO: [ app_init ] --START--
INFO: Run Behavior\BuildLiteBehavior [ RunTime:0.000020s ]
INFO: [ app_init ] --END-- [ RunTime:0.000408s ]
INFO: [ app_begin ] --START--
INFO: Run Behavior\ReadHtmlCacheBehavior [ RunTime:0.000380s ]
INFO: [ app_begin ] --END-- [ RunTime:0.000422s ]

[ 2016-11-25T23:45:34+08:00 ] 113.222.217.161 /jquery/8/816/demo/
INFO: [ app_init ] --START--
INFO: Run Behavior\BuildLiteBehavior [ RunTime:0.000017s ]
INFO: [ app_init ] --END-- [ RunTime:0.000331s ]
INFO: [ app_begin ] --START--
INFO: Run Behavior\ReadHtmlCacheBehavior [ RunTime:0.000367s ]
INFO: [ app_begin ] --END-- [ RunTime:0.000419s ]
SQL: SHOW COLUMNS FROM `sucai_comment` [ RunTime:0.0016s ]
SQL: SELECT COUNT(*) AS tp_count FROM `sucai_comment` WHERE ( pid=0 ) LIMIT 1   [ RunTime:0.0004s ]
NOTIC: [8] Undefined variable: p /data/www/jquery/8/816/demo/Application/Home/Controller/IndexController.class.php 第 14 行.
SQL: SELECT `id`,`uid`,`content`,`addtime` FROM `sucai_comment` WHERE ( pid=0 ) ORDER BY id DESC LIMIT 10   [ RunTime:0.0002s ]
SQL: SELECT `id`,`uid`,`content`,`pid_sub` FROM `sucai_comment` WHERE ( pid = 6153 ) ORDER BY id ASC  [ RunTime:0.0004s ]
SQL: SELECT `id`,`uid`,`content`,`pid_sub` FROM `sucai_comment` WHERE ( pid = 6152 ) ORDER BY id ASC  [ RunTime:0.0003s ]
SQL: SELECT `id`,`uid`,`content`,`pid_sub` FROM `sucai_comment` WHERE ( pid = 6150 ) ORDER BY id ASC  [ RunTime:0.0004s ]
SQL: SELECT `id`,`uid`,`content`,`pid_sub` FROM `sucai_comment` WHERE ( pid = 6149 ) ORDER BY id ASC  [ RunTime:0.0003s ]
SQL: SELECT `id`,`uid`,`content`,`pid_sub` FROM `sucai_comment` WHERE ( pid = 6148 ) ORDER BY id ASC  [ RunTime:0.0004s ]
SQL: SELECT `id`,`uid`,`content`,`pid_sub` FROM `sucai_comment` WHERE ( pid = 6145 ) ORDER BY id ASC  [ RunTime:0.0003s ]
SQL: SELECT `id`,`uid`,`content`,`pid_sub` FROM `sucai_comment` WHERE ( pid = 6144 ) ORDER BY id ASC  [ RunTime:0.0004s ]
SQL: SELECT `id`,`uid`,`content`,`pid_sub` FROM `sucai_comment` WHERE ( pid = 6143 ) ORDER BY id ASC  [ RunTime:0.0003s ]
SQL: SELECT `id`,`uid`,`content`,`pid_sub` FROM `sucai_comment` WHERE ( pid = 6138 ) ORDER BY id ASC  [ RunTime:0.0004s ]
SQL: SELECT `id`,`uid`,`content`,`pid_sub` FROM `sucai_comment` WHERE ( pid = 6137 ) ORDER BY id ASC  [ RunTime:0.0003s ]
SQL: SHOW COLUMNS FROM `sucai_emot` [ RunTime:0.0010s ]
NOTIC: [2] Missing argument 1 for Think\PageAjax::show(), called in /data/www/jquery/8/816/demo/Application/Home/Controller/IndexController.class.php on line 31 and defined /data/www/jquery/8/816/demo/ThinkPHP/Library/Think/PageAjax.class.php 第 77 行.
NOTIC: [8] Undefined variable: url_replace /data/www/jquery/8/816/demo/ThinkPHP/Library/Think/PageAjax.class.php 第 84 行.
INFO: [ view_parse ] --START--
INFO: [ template_filter ] --START--
INFO: Run Behavior\ContentReplaceBehavior [ RunTime:0.000143s ]
INFO: [ template_filter ] --END-- [ RunTime:0.000189s ]
NOTIC: [8] Undefined variable: msg_num /data/www/jquery/8/816/demo/Application/Runtime/Cache/Home/2a94b8bda04ff446dcedd42276fc99ee.php 第 18 行.
NOTIC: [8] Undefined variable: url_cur /data/www/jquery/8/816/demo/Application/Runtime/Cache/Home/2a94b8bda04ff446dcedd42276fc99ee.php 第 28 行.
NOTIC: [8] Undefined variable: control /data/www/jquery/8/816/demo/Application/Runtime/Cache/Home/2a94b8bda04ff446dcedd42276fc99ee.php 第 43 行.
NOTIC: [8] Undefined variable: control /data/www/jquery/8/816/demo/Application/Runtime/Cache/Home/2a94b8bda04ff446dcedd42276fc99ee.php 第 46 行.
NOTIC: [8] Undefined variable: url_cur /data/www/jquery/8/816/demo/Application/Runtime/Cache/Home/2a94b8bda04ff446dcedd42276fc99ee.php 第 55 行.
NOTIC: [8] Undefined variable: control /data/www/jquery/8/816/demo/Application/Runtime/Cache/Home/2a94b8bda04ff446dcedd42276fc99ee.php 第 56 行.
NOTIC: [8] Undefined variable: control /data/www/jquery/8/816/demo/Application/Runtime/Cache/Home/2a94b8bda04ff446dcedd42276fc99ee.php 第 102 行.
NOTIC: [8] Undefined variable: control /data/www/jquery/8/816/demo/Application/Runtime/Cache/Home/2a94b8bda04ff446dcedd42276fc99ee.php 第 103 行.
NOTIC: [8] Undefined variable: control /data/www/jquery/8/816/demo/Application/Runtime/Cache/Home/2a94b8bda04ff446dcedd42276fc99ee.php 第 104 行.
NOTIC: [8] Undefined variable: control /data/www/jquery/8/816/demo/Application/Runtime/Cache/Home/2a94b8bda04ff446dcedd42276fc99ee.php 第 105 行.
NOTIC: [8] Undefined variable: control /data/www/jquery/8/816/demo/Application/Runtime/Cache/Home/2a94b8bda04ff446dcedd42276fc99ee.php 第 106 行.
NOTIC: [8] Undefined variable: control /data/www/jquery/8/816/demo/Application/Runtime/Cache/Home/2a94b8bda04ff446dcedd42276fc99ee.php 第 107 行.
NOTIC: [8] Undefined variable: control /data/www/jquery/8/816/demo/Application/Runtime/Cache/Home/2a94b8bda04ff446dcedd42276fc99ee.php 第 108 行.
NOTIC: [8] Undefined variable: control /data/www/jquery/8/816/demo/Application/Runtime/Cache/Home/2a94b8bda04ff446dcedd42276fc99ee.php 第 109 行.
NOTIC: [8] Undefined variable: mtype /data/www/jquery/8/816/demo/Application/Runtime/Cache/Home/2a94b8bda04ff446dcedd42276fc99ee.php 第 138 行.
NOTIC: [8] Undefined index: uname /data/www/jquery/8/816/demo/Application/Runtime/Cache/Home/2a94b8bda04ff446dcedd42276fc99ee.php 第 147 行.
NOTIC: [8] Undefined variable: mtype /data/www/jquery/8/816/demo/Application/Runtime/Cache/Home/2a94b8bda04ff446dcedd42276fc99ee.php 第 162 行.
NOTIC: [8] Undefined index: uname /data/www/jquery/8/816/demo/Application/Runtime/Cache/Home/2a94b8bda04ff446dcedd42276fc99ee.php 第 147 行.
NOTIC: [8] Undefined variable: mtype /data/www/jquery/8/816/demo/Application/Runtime/Cache/Home/2a94b8bda04ff446dcedd42276fc99ee.php 第 162 行.
NOTIC: [8] Undefined index: uname /data/www/jquery/8/816/demo/Application/Runtime/Cache/Home/2a94b8bda04ff446dcedd42276fc99ee.php 第 147 行.
NOTIC: [8] Undefined variable: mtype /data/www/jquery/8/816/demo/Application/Runtime/Cache/Home/2a94b8bda04ff446dcedd42276fc99ee.php 第 162 行.
NOTIC: [8] Undefined index: uname /data/www/jquery/8/816/demo/Application/Runtime/Cache/Home/2a94b8bda04ff446dcedd42276fc99ee.php 第 147 行.
NOTIC: [8] Undefined variable: mtype /data/www/jquery/8/816/demo/Application/Runtime/Cache/Home/2a94b8bda04ff446dcedd42276fc99ee.php 第 162 行.
NOTIC: [8] Undefined index: uname /data/www/jquery/8/816/demo/Application/Runtime/Cache/Home/2a94b8bda04ff446dcedd42276fc99ee.php 第 147 行.
NOTIC: [8] Undefined variable: mtype /data/www/jquery/8/816/demo/Application/Runtime/Cache/Home/2a94b8bda04ff446dcedd42276fc99ee.php 第 162 行.
NOTIC: [8] Undefined index: uname /data/www/jquery/8/816/demo/Application/Runtime/Cache/Home/2a94b8bda04ff446dcedd42276fc99ee.php 第 147 行.
NOTIC: [8] Undefined variable: mtype /data/www/jquery/8/816/demo/Application/Runtime/Cache/Home/2a94b8bda04ff446dcedd42276fc99ee.php 第 162 行.
NOTIC: [8] Undefined variable: mtype /data/www/jquery/8/816/demo/Application/Runtime/Cache/Home/2a94b8bda04ff446dcedd42276fc99ee.php 第 183 行.
SQL: SELECT `uid` FROM `sucai_comment` WHERE ( id = 6146 ) LIMIT 1   [ RunTime:0.0002s ]
NOTIC: [8] Undefined variable: mtype /data/www/jquery/8/816/demo/Application/Runtime/Cache/Home/2a94b8bda04ff446dcedd42276fc99ee.php 第 183 行.
NOTIC: [8] Undefined index: uname /data/www/jquery/8/816/demo/Application/Runtime/Cache/Home/2a94b8bda04ff446dcedd42276fc99ee.php 第 147 行.
NOTIC: [8] Undefined variable: mtype /data/www/jquery/8/816/demo/Application/Runtime/Cache/Home/2a94b8bda04ff446dcedd42276fc99ee.php 第 162 行.
NOTIC: [8] Undefined index: uname /data/www/jquery/8/816/demo/Application/Runtime/Cache/Home/2a94b8bda04ff446dcedd42276fc99ee.php 第 147 行.
NOTIC: [8] Undefined variable: mtype /data/www/jquery/8/816/demo/Application/Runtime/Cache/Home/2a94b8bda04ff446dcedd42276fc99ee.php 第 162 行.
NOTIC: [8] Undefined index: uname /data/www/jquery/8/816/demo/Application/Runtime/Cache/Home/2a94b8bda04ff446dcedd42276fc99ee.php 第 147 行.
NOTIC: [8] Undefined variable: mtype /data/www/jquery/8/816/demo/Application/Runtime/Cache/Home/2a94b8bda04ff446dcedd42276fc99ee.php 第 162 行.
NOTIC: [8] Undefined variable: mtype /data/www/jquery/8/816/demo/Application/Runtime/Cache/Home/2a94b8bda04ff446dcedd42276fc99ee.php 第 183 行.
SQL: SELECT `uid` FROM `sucai_comment` WHERE ( id = 6139 ) LIMIT 1   [ RunTime:0.0002s ]
NOTIC: [8] Undefined variable: mtype /data/www/jquery/8/816/demo/Application/Runtime/Cache/Home/2a94b8bda04ff446dcedd42276fc99ee.php 第 183 行.
SQL: SELECT `uid` FROM `sucai_comment` WHERE ( id = 6141 ) LIMIT 1   [ RunTime:0.0002s ]
NOTIC: [8] Undefined variable: mtype /data/www/jquery/8/816/demo/Application/Runtime/Cache/Home/2a94b8bda04ff446dcedd42276fc99ee.php 第 183 行.
NOTIC: [8] Undefined index: uname /data/www/jquery/8/816/demo/Application/Runtime/Cache/Home/2a94b8bda04ff446dcedd42276fc99ee.php 第 147 行.
NOTIC: [8] Undefined variable: mtype /data/www/jquery/8/816/demo/Application/Runtime/Cache/Home/2a94b8bda04ff446dcedd42276fc99ee.php 第 162 行.
NOTIC: [8] Undefined variable: mtype /data/www/jquery/8/816/demo/Application/Runtime/Cache/Home/2a94b8bda04ff446dcedd42276fc99ee.php 第 192 行.
NOTIC: [8] Undefined variable: url_cur /data/www/jquery/8/816/demo/Application/Runtime/Cache/Home/2a94b8bda04ff446dcedd42276fc99ee.php 第 210 行.
NOTIC: [8] Undefined variable: mtype /data/www/jquery/8/816/demo/Application/Runtime/Cache/Home/2a94b8bda04ff446dcedd42276fc99ee.php 第 210 行.
INFO: Run Behavior\ParseTemplateBehavior [ RunTime:0.021667s ]
INFO: [ view_parse ] --END-- [ RunTime:0.021729s ]
INFO: [ view_filter ] --START--
INFO: Run Behavior\WriteHtmlCacheBehavior [ RunTime:0.000148s ]
INFO: [ view_filter ] --END-- [ RunTime:0.000183s ]
INFO: [ app_end ] --START--
INFO: Run Behavior\ShowPageTraceBehavior [ RunTime:0.000415s ]
INFO: [ app_end ] --END-- [ RunTime:0.000457s ]

[ 2016-11-25T23:45:35+08:00 ] 113.222.217.161 /jquery/8/816/demo/Ajax/isLogin
INFO: [ app_init ] --START--
INFO: Run Behavior\BuildLiteBehavior [ RunTime:0.000014s ]
INFO: [ app_init ] --END-- [ RunTime:0.000329s ]
INFO: [ app_begin ] --START--
INFO: Run Behavior\ReadHtmlCacheBehavior [ RunTime:0.000361s ]
INFO: [ app_begin ] --END-- [ RunTime:0.000403s ]
INFO: [ app_end ] --START--
INFO: Run Behavior\ShowPageTraceBehavior [ RunTime:0.000369s ]
INFO: [ app_end ] --END-- [ RunTime:0.000409s ]

